[2024-03-27 19:38:59,020] {taskinstance.py:1159} INFO - Dependencies all met for <TaskInstance: bigdag.upload_metadata_data_to_snowflake_task d175b068-6f2a-49ad-853a-bab1a130f469 [queued]>
[2024-03-27 19:38:59,047] {taskinstance.py:1159} INFO - Dependencies all met for <TaskInstance: bigdag.upload_metadata_data_to_snowflake_task d175b068-6f2a-49ad-853a-bab1a130f469 [queued]>
[2024-03-27 19:38:59,050] {taskinstance.py:1356} INFO - 
--------------------------------------------------------------------------------
[2024-03-27 19:38:59,051] {taskinstance.py:1357} INFO - Starting attempt 1 of 2
[2024-03-27 19:38:59,052] {taskinstance.py:1358} INFO - 
--------------------------------------------------------------------------------
[2024-03-27 19:38:59,127] {taskinstance.py:1377} INFO - Executing <Task(PythonOperator): upload_metadata_data_to_snowflake_task> on 2024-03-27 19:36:59.964218+00:00
[2024-03-27 19:38:59,141] {standard_task_runner.py:52} INFO - Started process 1953 to run task
[2024-03-27 19:38:59,150] {standard_task_runner.py:79} INFO - Running: ['***', 'tasks', 'run', 'bigdag', 'upload_metadata_data_to_snowflake_task', 'd175b068-6f2a-49ad-853a-bab1a130f469', '--job-id', '1411', '--raw', '--subdir', 'DAGS_FOLDER/dags.py', '--cfg-path', '/tmp/tmplucx7l0v', '--error-file', '/tmp/tmp5xk0_k2_']
[2024-03-27 19:38:59,155] {standard_task_runner.py:80} INFO - Job 1411: Subtask upload_metadata_data_to_snowflake_task
[2024-03-27 19:38:59,286] {task_command.py:369} INFO - Running <TaskInstance: bigdag.upload_metadata_data_to_snowflake_task d175b068-6f2a-49ad-853a-bab1a130f469 [running]> on host 9b878320bbfc
[2024-03-27 19:38:59,577] {taskinstance.py:1571} INFO - Exporting the following env vars:
AIRFLOW_CTX_DAG_OWNER=***
AIRFLOW_CTX_DAG_ID=bigdag
AIRFLOW_CTX_TASK_ID=upload_metadata_data_to_snowflake_task
AIRFLOW_CTX_EXECUTION_DATE=2024-03-27T19:36:59.964218+00:00
AIRFLOW_CTX_TRY_NUMBER=1
AIRFLOW_CTX_DAG_RUN_ID=d175b068-6f2a-49ad-853a-bab1a130f469
[2024-03-27 19:38:59,584] {logging_mixin.py:115} INFO - {'conf': <***.configuration.AirflowConfigParser object at 0xffffa6231650>, 'dag': <DAG: bigdag>, 'dag_run': <DagRun bigdag @ 2024-03-27 19:36:59.964218+00:00: d175b068-6f2a-49ad-853a-bab1a130f469, externally triggered: True>, 'data_interval_end': DateTime(2024, 3, 27, 19, 36, 59, 964218, tzinfo=Timezone('UTC')), 'data_interval_start': DateTime(2024, 3, 27, 19, 36, 59, 964218, tzinfo=Timezone('UTC')), 'ds': '2024-03-27', 'ds_nodash': '20240327', 'execution_date': <Proxy at 0xffff801b1cd0 with factory functools.partial(<function lazy_mapping_from_context.<locals>._deprecated_proxy_factory at 0xffff82d2ed40>, 'execution_date', DateTime(2024, 3, 27, 19, 36, 59, 964218, tzinfo=Timezone('UTC')))>, 'inlets': [], 'logical_date': DateTime(2024, 3, 27, 19, 36, 59, 964218, tzinfo=Timezone('UTC')), 'macros': <module '***.macros' from '/home/***/.local/lib/python3.7/site-packages/***/macros/__init__.py'>, 'next_ds': <Proxy at 0xffff801b1d20 with factory functools.partial(<function lazy_mapping_from_context.<locals>._deprecated_proxy_factory at 0xffff82d2ed40>, 'next_ds', '2024-03-27')>, 'next_ds_nodash': <Proxy at 0xffff801b1d70 with factory functools.partial(<function lazy_mapping_from_context.<locals>._deprecated_proxy_factory at 0xffff82d2ed40>, 'next_ds_nodash', '20240327')>, 'next_execution_date': <Proxy at 0xffff801b1dc0 with factory functools.partial(<function lazy_mapping_from_context.<locals>._deprecated_proxy_factory at 0xffff82d2ed40>, 'next_execution_date', DateTime(2024, 3, 27, 19, 36, 59, 964218, tzinfo=Timezone('UTC')))>, 'outlets': [], 'params': {'s3_uri': 's3://cfainstitute-learning-outcomes-raw/t1/Level2_combined.pdf'}, 'prev_data_interval_start_success': DateTime(2024, 3, 27, 19, 29, 4, 110149, tzinfo=Timezone('UTC')), 'prev_data_interval_end_success': DateTime(2024, 3, 27, 19, 29, 4, 110149, tzinfo=Timezone('UTC')), 'prev_ds': <Proxy at 0xffff801b1e10 with factory functools.partial(<function lazy_mapping_from_context.<locals>._deprecated_proxy_factory at 0xffff82d2ed40>, 'prev_ds', '2024-03-27')>, 'prev_ds_nodash': <Proxy at 0xffff801b1e60 with factory functools.partial(<function lazy_mapping_from_context.<locals>._deprecated_proxy_factory at 0xffff82d2ed40>, 'prev_ds_nodash', '20240327')>, 'prev_execution_date': <Proxy at 0xffff801b1eb0 with factory functools.partial(<function lazy_mapping_from_context.<locals>._deprecated_proxy_factory at 0xffff82d2ed40>, 'prev_execution_date', DateTime(2024, 3, 27, 19, 36, 59, 964218, tzinfo=Timezone('UTC')))>, 'prev_execution_date_success': <Proxy at 0xffff801b1f00 with factory functools.partial(<function lazy_mapping_from_context.<locals>._deprecated_proxy_factory at 0xffff82d2ed40>, 'prev_execution_date_success', DateTime(2024, 3, 27, 19, 29, 4, 110149, tzinfo=Timezone('UTC')))>, 'prev_start_date_success': DateTime(2024, 3, 27, 19, 29, 5, 57421, tzinfo=Timezone('UTC')), 'run_id': 'd175b068-6f2a-49ad-853a-bab1a130f469', 'task': <Task(PythonOperator): upload_metadata_data_to_snowflake_task>, 'task_instance': <TaskInstance: bigdag.upload_metadata_data_to_snowflake_task d175b068-6f2a-49ad-853a-bab1a130f469 [running]>, 'task_instance_key_str': 'bigdag__upload_metadata_data_to_snowflake_task__20240327', 'test_mode': False, 'ti': <TaskInstance: bigdag.upload_metadata_data_to_snowflake_task d175b068-6f2a-49ad-853a-bab1a130f469 [running]>, 'tomorrow_ds': <Proxy at 0xffff801b1f50 with factory functools.partial(<function lazy_mapping_from_context.<locals>._deprecated_proxy_factory at 0xffff82d2ed40>, 'tomorrow_ds', '2024-03-28')>, 'tomorrow_ds_nodash': <Proxy at 0xffff801b1fa0 with factory functools.partial(<function lazy_mapping_from_context.<locals>._deprecated_proxy_factory at 0xffff82d2ed40>, 'tomorrow_ds_nodash', '20240328')>, 'ts': '2024-03-27T19:36:59.964218+00:00', 'ts_nodash': '20240327T193659', 'ts_nodash_with_tz': '20240327T193659.964218+0000', 'var': {'json': None, 'value': None}, 'conn': None, 'yesterday_ds': <Proxy at 0xffff801bb050 with factory functools.partial(<function lazy_mapping_from_context.<locals>._deprecated_proxy_factory at 0xffff82d2ed40>, 'yesterday_ds', '2024-03-26')>, 'yesterday_ds_nodash': <Proxy at 0xffff801bb0a0 with factory functools.partial(<function lazy_mapping_from_context.<locals>._deprecated_proxy_factory at 0xffff82d2ed40>, 'yesterday_ds_nodash', '20240326')>, 'templates_dict': None}
[2024-03-27 19:38:59,611] {logging_mixin.py:115} INFO - Ds Level2_combined_metadata.csv
[2024-03-27 19:38:59,614] {connection.py:300} INFO - Snowflake Connector for Python Version: 3.0.4, Python Version: 3.7.13, Platform: Linux-6.6.16-linuxkit-aarch64-with-debian-11.3
[2024-03-27 19:38:59,618] {connection.py:1013} INFO - This connection is in OCSP Fail Open Mode. TLS Certificates would be checked for validity and revocation status. Any other Certificate Revocation related exceptions or OCSP Responder failures would be disregarded in favor of connectivity.
[2024-03-27 19:38:59,622] {connection.py:1030} INFO - Setting use_openssl_only mode to False
[2024-03-27 19:39:02,847] {cursor.py:806} INFO - query: [CREATE DATABASE IF NOT EXISTS CFAInstitute]
[2024-03-27 19:39:03,010] {cursor.py:819} INFO - query execution done
[2024-03-27 19:39:03,014] {cursor.py:962} INFO - Number of results in first chunk: 1
[2024-03-27 19:39:03,024] {cursor.py:806} INFO - query: [USE DATABASE CFAInstitute]
[2024-03-27 19:39:03,175] {cursor.py:819} INFO - query execution done
[2024-03-27 19:39:03,186] {cursor.py:962} INFO - Number of results in first chunk: 1
[2024-03-27 19:39:03,209] {cursor.py:806} INFO - query: [USE WAREHOUSE BIGDATA]
[2024-03-27 19:39:03,355] {cursor.py:819} INFO - query execution done
[2024-03-27 19:39:03,361] {cursor.py:962} INFO - Number of results in first chunk: 1
[2024-03-27 19:39:03,362] {cursor.py:806} INFO - query: [CREATE TABLE IF NOT EXISTS Metadata ( PDF_NAME String, Title String, Publisher S...]
[2024-03-27 19:39:03,506] {cursor.py:819} INFO - query execution done
[2024-03-27 19:39:03,515] {cursor.py:962} INFO - Number of results in first chunk: 1
[2024-03-27 19:39:03,520] {cursor.py:806} INFO - query: [TRUNCATE TABLE Metadata]
[2024-03-27 19:39:03,964] {cursor.py:819} INFO - query execution done
[2024-03-27 19:39:03,990] {cursor.py:962} INFO - Number of results in first chunk: 1
[2024-03-27 19:39:04,030] {logging_mixin.py:115} INFO - /opt/***/dags/resources/d175b068-6f2a-49ad-853a-bab1a130f469/Level2_combined_metadata.csv
[2024-03-27 19:39:04,051] {cursor.py:806} INFO - query: [PUT file:///opt/***/dags/resources/d175b068-6f2a-49ad-853a-bab1a130f469/Leve...]
[2024-03-27 19:39:04,132] {cursor.py:819} INFO - query execution done
[2024-03-27 19:39:05,498] {cursor.py:806} INFO - query: [COPY INTO Metadata ON_ERROR=CONTINUE FILE_FORMAT = (FIELD_OPTIONALLY_ENCLOSED_BY...]
[2024-03-27 19:39:06,089] {cursor.py:819} INFO - query execution done
[2024-03-27 19:39:06,092] {cursor.py:962} INFO - Number of results in first chunk: 1
[2024-03-27 19:39:06,096] {python.py:173} INFO - Done. Returned value was: completed
[2024-03-27 19:39:06,305] {taskinstance.py:1400} INFO - Marking task as SUCCESS. dag_id=bigdag, task_id=upload_metadata_data_to_snowflake_task, execution_date=20240327T193659, start_date=20240327T193859, end_date=20240327T193906
[2024-03-27 19:39:06,503] {local_task_job.py:156} INFO - Task exited with return code 0
[2024-03-27 19:39:06,666] {local_task_job.py:273} INFO - 1 downstream tasks scheduled from follow-on schedule check
