[2024-03-26 06:39:01,130] {taskinstance.py:1159} INFO - Dependencies all met for <TaskInstance: bigdag.upload_data_to_snowflake_task 711fc702-cbae-49ed-8c8e-ea2138ff8713 [queued]>
[2024-03-26 06:39:01,142] {taskinstance.py:1159} INFO - Dependencies all met for <TaskInstance: bigdag.upload_data_to_snowflake_task 711fc702-cbae-49ed-8c8e-ea2138ff8713 [queued]>
[2024-03-26 06:39:01,142] {taskinstance.py:1356} INFO - 
--------------------------------------------------------------------------------
[2024-03-26 06:39:01,143] {taskinstance.py:1357} INFO - Starting attempt 1 of 2
[2024-03-26 06:39:01,143] {taskinstance.py:1358} INFO - 
--------------------------------------------------------------------------------
[2024-03-26 06:39:01,158] {taskinstance.py:1377} INFO - Executing <Task(PythonOperator): upload_data_to_snowflake_task> on 2024-03-26 06:38:43.963540+00:00
[2024-03-26 06:39:01,165] {standard_task_runner.py:52} INFO - Started process 1897 to run task
[2024-03-26 06:39:01,169] {standard_task_runner.py:79} INFO - Running: ['***', 'tasks', 'run', 'bigdag', 'upload_data_to_snowflake_task', '711fc702-cbae-49ed-8c8e-ea2138ff8713', '--job-id', '1354', '--raw', '--subdir', 'DAGS_FOLDER/dags.py', '--cfg-path', '/tmp/tmpfe0ck8bi', '--error-file', '/tmp/tmpdr0mo4w0']
[2024-03-26 06:39:01,171] {standard_task_runner.py:80} INFO - Job 1354: Subtask upload_data_to_snowflake_task
[2024-03-26 06:39:01,243] {task_command.py:369} INFO - Running <TaskInstance: bigdag.upload_data_to_snowflake_task 711fc702-cbae-49ed-8c8e-ea2138ff8713 [running]> on host 911e7a0235cb
[2024-03-26 06:39:01,337] {taskinstance.py:1571} INFO - Exporting the following env vars:
AIRFLOW_CTX_DAG_OWNER=***
AIRFLOW_CTX_DAG_ID=bigdag
AIRFLOW_CTX_TASK_ID=upload_data_to_snowflake_task
AIRFLOW_CTX_EXECUTION_DATE=2024-03-26T06:38:43.963540+00:00
AIRFLOW_CTX_TRY_NUMBER=1
AIRFLOW_CTX_DAG_RUN_ID=711fc702-cbae-49ed-8c8e-ea2138ff8713
[2024-03-26 06:39:01,340] {logging_mixin.py:115} INFO - {'conf': <***.configuration.AirflowConfigParser object at 0xffff84fe5450>, 'dag': <DAG: bigdag>, 'dag_run': <DagRun bigdag @ 2024-03-26 06:38:43.963540+00:00: 711fc702-cbae-49ed-8c8e-ea2138ff8713, externally triggered: True>, 'data_interval_end': DateTime(2024, 3, 26, 6, 38, 43, 963540, tzinfo=Timezone('UTC')), 'data_interval_start': DateTime(2024, 3, 26, 6, 38, 43, 963540, tzinfo=Timezone('UTC')), 'ds': '2024-03-26', 'ds_nodash': '20240326', 'execution_date': <Proxy at 0xffff64d81050 with factory functools.partial(<function lazy_mapping_from_context.<locals>._deprecated_proxy_factory at 0xffff64dcdf80>, 'execution_date', DateTime(2024, 3, 26, 6, 38, 43, 963540, tzinfo=Timezone('UTC')))>, 'inlets': [], 'logical_date': DateTime(2024, 3, 26, 6, 38, 43, 963540, tzinfo=Timezone('UTC')), 'macros': <module '***.macros' from '/home/***/.local/lib/python3.7/site-packages/***/macros/__init__.py'>, 'next_ds': <Proxy at 0xffff64d810a0 with factory functools.partial(<function lazy_mapping_from_context.<locals>._deprecated_proxy_factory at 0xffff64dcdf80>, 'next_ds', '2024-03-26')>, 'next_ds_nodash': <Proxy at 0xffff64d810f0 with factory functools.partial(<function lazy_mapping_from_context.<locals>._deprecated_proxy_factory at 0xffff64dcdf80>, 'next_ds_nodash', '20240326')>, 'next_execution_date': <Proxy at 0xffff64d81140 with factory functools.partial(<function lazy_mapping_from_context.<locals>._deprecated_proxy_factory at 0xffff64dcdf80>, 'next_execution_date', DateTime(2024, 3, 26, 6, 38, 43, 963540, tzinfo=Timezone('UTC')))>, 'outlets': [], 'params': {'s3_uri': 's3://cfainstitute-learning-outcomes-raw/t1/Level1_combined.pdf'}, 'prev_data_interval_start_success': DateTime(2024, 3, 26, 6, 9, 9, 581473, tzinfo=Timezone('UTC')), 'prev_data_interval_end_success': DateTime(2024, 3, 26, 6, 9, 9, 581473, tzinfo=Timezone('UTC')), 'prev_ds': <Proxy at 0xffff64d81190 with factory functools.partial(<function lazy_mapping_from_context.<locals>._deprecated_proxy_factory at 0xffff64dcdf80>, 'prev_ds', '2024-03-26')>, 'prev_ds_nodash': <Proxy at 0xffff64d811e0 with factory functools.partial(<function lazy_mapping_from_context.<locals>._deprecated_proxy_factory at 0xffff64dcdf80>, 'prev_ds_nodash', '20240326')>, 'prev_execution_date': <Proxy at 0xffff64d81230 with factory functools.partial(<function lazy_mapping_from_context.<locals>._deprecated_proxy_factory at 0xffff64dcdf80>, 'prev_execution_date', DateTime(2024, 3, 26, 6, 38, 43, 963540, tzinfo=Timezone('UTC')))>, 'prev_execution_date_success': <Proxy at 0xffff64d81280 with factory functools.partial(<function lazy_mapping_from_context.<locals>._deprecated_proxy_factory at 0xffff64dcdf80>, 'prev_execution_date_success', DateTime(2024, 3, 26, 6, 9, 9, 581473, tzinfo=Timezone('UTC')))>, 'prev_start_date_success': DateTime(2024, 3, 26, 6, 9, 10, 297759, tzinfo=Timezone('UTC')), 'run_id': '711fc702-cbae-49ed-8c8e-ea2138ff8713', 'task': <Task(PythonOperator): upload_data_to_snowflake_task>, 'task_instance': <TaskInstance: bigdag.upload_data_to_snowflake_task 711fc702-cbae-49ed-8c8e-ea2138ff8713 [running]>, 'task_instance_key_str': 'bigdag__upload_data_to_snowflake_task__20240326', 'test_mode': False, 'ti': <TaskInstance: bigdag.upload_data_to_snowflake_task 711fc702-cbae-49ed-8c8e-ea2138ff8713 [running]>, 'tomorrow_ds': <Proxy at 0xffff64d812d0 with factory functools.partial(<function lazy_mapping_from_context.<locals>._deprecated_proxy_factory at 0xffff64dcdf80>, 'tomorrow_ds', '2024-03-27')>, 'tomorrow_ds_nodash': <Proxy at 0xffff64d81320 with factory functools.partial(<function lazy_mapping_from_context.<locals>._deprecated_proxy_factory at 0xffff64dcdf80>, 'tomorrow_ds_nodash', '20240327')>, 'ts': '2024-03-26T06:38:43.963540+00:00', 'ts_nodash': '20240326T063843', 'ts_nodash_with_tz': '20240326T063843.963540+0000', 'var': {'json': None, 'value': None}, 'conn': None, 'yesterday_ds': <Proxy at 0xffff64d81370 with factory functools.partial(<function lazy_mapping_from_context.<locals>._deprecated_proxy_factory at 0xffff64dcdf80>, 'yesterday_ds', '2024-03-25')>, 'yesterday_ds_nodash': <Proxy at 0xffff64d813c0 with factory functools.partial(<function lazy_mapping_from_context.<locals>._deprecated_proxy_factory at 0xffff64dcdf80>, 'yesterday_ds_nodash', '20240325')>, 'templates_dict': None}
[2024-03-26 06:39:01,355] {logging_mixin.py:115} INFO - Ds Level1_combined.csv
[2024-03-26 06:39:01,357] {connection.py:300} INFO - Snowflake Connector for Python Version: 3.0.4, Python Version: 3.7.13, Platform: Linux-6.6.16-linuxkit-aarch64-with-debian-11.3
[2024-03-26 06:39:01,358] {connection.py:1013} INFO - This connection is in OCSP Fail Open Mode. TLS Certificates would be checked for validity and revocation status. Any other Certificate Revocation related exceptions or OCSP Responder failures would be disregarded in favor of connectivity.
[2024-03-26 06:39:01,359] {connection.py:1030} INFO - Setting use_openssl_only mode to False
[2024-03-26 06:39:02,545] {cursor.py:806} INFO - query: [CREATE DATABASE IF NOT EXISTS CFAInstitute]
[2024-03-26 06:39:02,679] {cursor.py:819} INFO - query execution done
[2024-03-26 06:39:02,680] {cursor.py:962} INFO - Number of results in first chunk: 1
[2024-03-26 06:39:02,681] {cursor.py:806} INFO - query: [USE DATABASE CFAInstitute]
[2024-03-26 06:39:02,933] {cursor.py:819} INFO - query execution done
[2024-03-26 06:39:02,934] {cursor.py:962} INFO - Number of results in first chunk: 1
[2024-03-26 06:39:02,934] {cursor.py:806} INFO - query: [USE WAREHOUSE BIGDATA]
[2024-03-26 06:39:05,992] {cursor.py:819} INFO - query execution done
[2024-03-26 06:39:05,993] {cursor.py:962} INFO - Number of results in first chunk: 1
[2024-03-26 06:39:05,993] {cursor.py:806} INFO - query: [CREATE TABLE IF NOT EXISTS Learning_Outcomes ( Topic VARCHAR, Learning_Outcomes_...]
[2024-03-26 06:39:06,092] {cursor.py:819} INFO - query execution done
[2024-03-26 06:39:06,093] {cursor.py:962} INFO - Number of results in first chunk: 1
[2024-03-26 06:39:06,094] {cursor.py:806} INFO - query: [TRUNCATE TABLE Learning_Outcomes]
[2024-03-26 06:39:06,487] {cursor.py:819} INFO - query execution done
[2024-03-26 06:39:06,488] {cursor.py:962} INFO - Number of results in first chunk: 1
[2024-03-26 06:39:06,489] {logging_mixin.py:115} INFO - /opt/***/dags/resources/711fc702-cbae-49ed-8c8e-ea2138ff8713/Level1_combined.csv
[2024-03-26 06:39:06,490] {cursor.py:806} INFO - query: [PUT file:///opt/***/dags/resources/711fc702-cbae-49ed-8c8e-ea2138ff8713/Leve...]
[2024-03-26 06:39:06,649] {cursor.py:819} INFO - query execution done
[2024-03-26 06:39:06,958] {cursor.py:806} INFO - query: [COPY INTO Learning_Outcomes ON_ERROR=CONTINUE FILE_FORMAT = (FIELD_OPTIONALLY_EN...]
[2024-03-26 06:39:07,989] {cursor.py:819} INFO - query execution done
[2024-03-26 06:39:07,990] {cursor.py:962} INFO - Number of results in first chunk: 3
[2024-03-26 06:39:07,990] {python.py:173} INFO - Done. Returned value was: completed
[2024-03-26 06:39:08,021] {taskinstance.py:1400} INFO - Marking task as SUCCESS. dag_id=bigdag, task_id=upload_data_to_snowflake_task, execution_date=20240326T063843, start_date=20240326T063901, end_date=20240326T063908
[2024-03-26 06:39:08,071] {local_task_job.py:156} INFO - Task exited with return code 0
[2024-03-26 06:39:08,092] {local_task_job.py:273} INFO - 1 downstream tasks scheduled from follow-on schedule check
