[2024-03-27 19:38:14,304] {taskinstance.py:1159} INFO - Dependencies all met for <TaskInstance: bigdag.convert_xml_to_metadata_task d175b068-6f2a-49ad-853a-bab1a130f469 [queued]>
[2024-03-27 19:38:14,621] {taskinstance.py:1159} INFO - Dependencies all met for <TaskInstance: bigdag.convert_xml_to_metadata_task d175b068-6f2a-49ad-853a-bab1a130f469 [queued]>
[2024-03-27 19:38:14,664] {taskinstance.py:1356} INFO - 
--------------------------------------------------------------------------------
[2024-03-27 19:38:14,681] {taskinstance.py:1357} INFO - Starting attempt 1 of 2
[2024-03-27 19:38:14,686] {taskinstance.py:1358} INFO - 
--------------------------------------------------------------------------------
[2024-03-27 19:38:15,138] {taskinstance.py:1377} INFO - Executing <Task(PythonOperator): convert_xml_to_metadata_task> on 2024-03-27 19:36:59.964218+00:00
[2024-03-27 19:38:15,195] {standard_task_runner.py:52} INFO - Started process 1904 to run task
[2024-03-27 19:38:15,211] {standard_task_runner.py:79} INFO - Running: ['***', 'tasks', 'run', 'bigdag', 'convert_xml_to_metadata_task', 'd175b068-6f2a-49ad-853a-bab1a130f469', '--job-id', '1403', '--raw', '--subdir', 'DAGS_FOLDER/dags.py', '--cfg-path', '/tmp/tmp338e3ap4', '--error-file', '/tmp/tmpmwrh_1x5']
[2024-03-27 19:38:15,231] {standard_task_runner.py:80} INFO - Job 1403: Subtask convert_xml_to_metadata_task
[2024-03-27 19:38:16,557] {task_command.py:369} INFO - Running <TaskInstance: bigdag.convert_xml_to_metadata_task d175b068-6f2a-49ad-853a-bab1a130f469 [running]> on host 9b878320bbfc
[2024-03-27 19:38:17,367] {taskinstance.py:1571} INFO - Exporting the following env vars:
AIRFLOW_CTX_DAG_OWNER=***
AIRFLOW_CTX_DAG_ID=bigdag
AIRFLOW_CTX_TASK_ID=convert_xml_to_metadata_task
AIRFLOW_CTX_EXECUTION_DATE=2024-03-27T19:36:59.964218+00:00
AIRFLOW_CTX_TRY_NUMBER=1
AIRFLOW_CTX_DAG_RUN_ID=d175b068-6f2a-49ad-853a-bab1a130f469
[2024-03-27 19:38:17,628] {logging_mixin.py:115} INFO - /opt/***/dags/resources/d175b068-6f2a-49ad-853a-bab1a130f469
[2024-03-27 19:38:17,637] {logging_mixin.py:115} INFO - Level2_combined_metadata.csv
[2024-03-27 19:38:17,719] {logging_mixin.py:115} INFO - Level2_combined_metadata {'Title': 'No Data', 'Publisher': 'No Data', 'AvailabilityStatus': 'unknown', 'Analytic': '', 'ImprintedDate': 'No Data', 'AppInfoDescription': 'GROBID - A machine learning software for extracting information from scholarly documents', 'Abstract': 'No Data'}
[2024-03-27 19:38:17,734] {python.py:173} INFO - Done. Returned value was: Level2_combined_metadata.csv
[2024-03-27 19:38:18,388] {taskinstance.py:1400} INFO - Marking task as SUCCESS. dag_id=bigdag, task_id=convert_xml_to_metadata_task, execution_date=20240327T193659, start_date=20240327T193814, end_date=20240327T193818
[2024-03-27 19:38:18,673] {local_task_job.py:156} INFO - Task exited with return code 0
[2024-03-27 19:38:19,172] {local_task_job.py:273} INFO - 1 downstream tasks scheduled from follow-on schedule check
