[2024-03-26 06:09:39,188] {taskinstance.py:1159} INFO - Dependencies all met for <TaskInstance: bigdag.upload_data_to_snowflake_task 09c024f6-8a30-4bbe-bf81-21aae45afc95 [queued]>
[2024-03-26 06:09:39,210] {taskinstance.py:1159} INFO - Dependencies all met for <TaskInstance: bigdag.upload_data_to_snowflake_task 09c024f6-8a30-4bbe-bf81-21aae45afc95 [queued]>
[2024-03-26 06:09:39,210] {taskinstance.py:1356} INFO - 
--------------------------------------------------------------------------------
[2024-03-26 06:09:39,211] {taskinstance.py:1357} INFO - Starting attempt 1 of 2
[2024-03-26 06:09:39,211] {taskinstance.py:1358} INFO - 
--------------------------------------------------------------------------------
[2024-03-26 06:09:39,234] {taskinstance.py:1377} INFO - Executing <Task(PythonOperator): upload_data_to_snowflake_task> on 2024-03-26 06:09:09.581473+00:00
[2024-03-26 06:09:39,245] {standard_task_runner.py:52} INFO - Started process 529 to run task
[2024-03-26 06:09:39,265] {standard_task_runner.py:79} INFO - Running: ['***', 'tasks', 'run', 'bigdag', 'upload_data_to_snowflake_task', '09c024f6-8a30-4bbe-bf81-21aae45afc95', '--job-id', '1344', '--raw', '--subdir', 'DAGS_FOLDER/dags.py', '--cfg-path', '/tmp/tmp29ofu1uu', '--error-file', '/tmp/tmptdaqu0zo']
[2024-03-26 06:09:39,267] {standard_task_runner.py:80} INFO - Job 1344: Subtask upload_data_to_snowflake_task
[2024-03-26 06:09:39,590] {task_command.py:369} INFO - Running <TaskInstance: bigdag.upload_data_to_snowflake_task 09c024f6-8a30-4bbe-bf81-21aae45afc95 [running]> on host 911e7a0235cb
[2024-03-26 06:09:39,676] {taskinstance.py:1571} INFO - Exporting the following env vars:
AIRFLOW_CTX_DAG_OWNER=***
AIRFLOW_CTX_DAG_ID=bigdag
AIRFLOW_CTX_TASK_ID=upload_data_to_snowflake_task
AIRFLOW_CTX_EXECUTION_DATE=2024-03-26T06:09:09.581473+00:00
AIRFLOW_CTX_TRY_NUMBER=1
AIRFLOW_CTX_DAG_RUN_ID=09c024f6-8a30-4bbe-bf81-21aae45afc95
[2024-03-26 06:09:39,678] {logging_mixin.py:115} INFO - {'conf': <***.configuration.AirflowConfigParser object at 0xffff84fe5450>, 'dag': <DAG: bigdag>, 'dag_run': <DagRun bigdag @ 2024-03-26 06:09:09.581473+00:00: 09c024f6-8a30-4bbe-bf81-21aae45afc95, externally triggered: True>, 'data_interval_end': DateTime(2024, 3, 26, 6, 9, 9, 581473, tzinfo=Timezone('UTC')), 'data_interval_start': DateTime(2024, 3, 26, 6, 9, 9, 581473, tzinfo=Timezone('UTC')), 'ds': '2024-03-26', 'ds_nodash': '20240326', 'execution_date': <Proxy at 0xffff64d8c780 with factory functools.partial(<function lazy_mapping_from_context.<locals>._deprecated_proxy_factory at 0xffff64df9b00>, 'execution_date', DateTime(2024, 3, 26, 6, 9, 9, 581473, tzinfo=Timezone('UTC')))>, 'inlets': [], 'logical_date': DateTime(2024, 3, 26, 6, 9, 9, 581473, tzinfo=Timezone('UTC')), 'macros': <module '***.macros' from '/home/***/.local/lib/python3.7/site-packages/***/macros/__init__.py'>, 'next_ds': <Proxy at 0xffff64d8c7d0 with factory functools.partial(<function lazy_mapping_from_context.<locals>._deprecated_proxy_factory at 0xffff64df9b00>, 'next_ds', '2024-03-26')>, 'next_ds_nodash': <Proxy at 0xffff64d8c820 with factory functools.partial(<function lazy_mapping_from_context.<locals>._deprecated_proxy_factory at 0xffff64df9b00>, 'next_ds_nodash', '20240326')>, 'next_execution_date': <Proxy at 0xffff64d8c870 with factory functools.partial(<function lazy_mapping_from_context.<locals>._deprecated_proxy_factory at 0xffff64df9b00>, 'next_execution_date', DateTime(2024, 3, 26, 6, 9, 9, 581473, tzinfo=Timezone('UTC')))>, 'outlets': [], 'params': {'s3_uri': 's3://cfainstitute-learning-outcomes-raw/t1/Level2_combined.pdf'}, 'prev_data_interval_start_success': DateTime(2024, 3, 26, 1, 30, 37, 593432, tzinfo=Timezone('UTC')), 'prev_data_interval_end_success': DateTime(2024, 3, 26, 1, 30, 37, 593432, tzinfo=Timezone('UTC')), 'prev_ds': <Proxy at 0xffff64d8c8c0 with factory functools.partial(<function lazy_mapping_from_context.<locals>._deprecated_proxy_factory at 0xffff64df9b00>, 'prev_ds', '2024-03-26')>, 'prev_ds_nodash': <Proxy at 0xffff64d8c910 with factory functools.partial(<function lazy_mapping_from_context.<locals>._deprecated_proxy_factory at 0xffff64df9b00>, 'prev_ds_nodash', '20240326')>, 'prev_execution_date': <Proxy at 0xffff64d8c960 with factory functools.partial(<function lazy_mapping_from_context.<locals>._deprecated_proxy_factory at 0xffff64df9b00>, 'prev_execution_date', DateTime(2024, 3, 26, 6, 9, 9, 581473, tzinfo=Timezone('UTC')))>, 'prev_execution_date_success': <Proxy at 0xffff64d8c9b0 with factory functools.partial(<function lazy_mapping_from_context.<locals>._deprecated_proxy_factory at 0xffff64df9b00>, 'prev_execution_date_success', DateTime(2024, 3, 26, 1, 30, 37, 593432, tzinfo=Timezone('UTC')))>, 'prev_start_date_success': DateTime(2024, 3, 26, 1, 30, 38, 81124, tzinfo=Timezone('UTC')), 'run_id': '09c024f6-8a30-4bbe-bf81-21aae45afc95', 'task': <Task(PythonOperator): upload_data_to_snowflake_task>, 'task_instance': <TaskInstance: bigdag.upload_data_to_snowflake_task 09c024f6-8a30-4bbe-bf81-21aae45afc95 [running]>, 'task_instance_key_str': 'bigdag__upload_data_to_snowflake_task__20240326', 'test_mode': False, 'ti': <TaskInstance: bigdag.upload_data_to_snowflake_task 09c024f6-8a30-4bbe-bf81-21aae45afc95 [running]>, 'tomorrow_ds': <Proxy at 0xffff64d8ca00 with factory functools.partial(<function lazy_mapping_from_context.<locals>._deprecated_proxy_factory at 0xffff64df9b00>, 'tomorrow_ds', '2024-03-27')>, 'tomorrow_ds_nodash': <Proxy at 0xffff64d8ca50 with factory functools.partial(<function lazy_mapping_from_context.<locals>._deprecated_proxy_factory at 0xffff64df9b00>, 'tomorrow_ds_nodash', '20240327')>, 'ts': '2024-03-26T06:09:09.581473+00:00', 'ts_nodash': '20240326T060909', 'ts_nodash_with_tz': '20240326T060909.581473+0000', 'var': {'json': None, 'value': None}, 'conn': None, 'yesterday_ds': <Proxy at 0xffff64d8caa0 with factory functools.partial(<function lazy_mapping_from_context.<locals>._deprecated_proxy_factory at 0xffff64df9b00>, 'yesterday_ds', '2024-03-25')>, 'yesterday_ds_nodash': <Proxy at 0xffff64d8caf0 with factory functools.partial(<function lazy_mapping_from_context.<locals>._deprecated_proxy_factory at 0xffff64df9b00>, 'yesterday_ds_nodash', '20240325')>, 'templates_dict': None}
[2024-03-26 06:09:39,692] {logging_mixin.py:115} INFO - Ds Level2_combined.csv
[2024-03-26 06:09:39,694] {connection.py:300} INFO - Snowflake Connector for Python Version: 3.0.4, Python Version: 3.7.13, Platform: Linux-6.6.16-linuxkit-aarch64-with-debian-11.3
[2024-03-26 06:09:39,696] {connection.py:1013} INFO - This connection is in OCSP Fail Open Mode. TLS Certificates would be checked for validity and revocation status. Any other Certificate Revocation related exceptions or OCSP Responder failures would be disregarded in favor of connectivity.
[2024-03-26 06:09:39,696] {connection.py:1030} INFO - Setting use_openssl_only mode to False
[2024-03-26 06:09:40,750] {cursor.py:806} INFO - query: [CREATE DATABASE IF NOT EXISTS CFAInstitute]
[2024-03-26 06:09:40,869] {cursor.py:819} INFO - query execution done
[2024-03-26 06:09:40,870] {cursor.py:962} INFO - Number of results in first chunk: 1
[2024-03-26 06:09:40,871] {cursor.py:806} INFO - query: [USE DATABASE CFAInstitute]
[2024-03-26 06:09:40,973] {cursor.py:819} INFO - query execution done
[2024-03-26 06:09:40,973] {cursor.py:962} INFO - Number of results in first chunk: 1
[2024-03-26 06:09:40,974] {cursor.py:806} INFO - query: [USE WAREHOUSE BIGDATA]
[2024-03-26 06:09:41,184] {cursor.py:819} INFO - query execution done
[2024-03-26 06:09:41,185] {cursor.py:962} INFO - Number of results in first chunk: 1
[2024-03-26 06:09:41,186] {cursor.py:806} INFO - query: [CREATE TABLE IF NOT EXISTS Learning_Outcomes ( Topic VARCHAR, Learning_Outcomes_...]
[2024-03-26 06:09:41,329] {cursor.py:819} INFO - query execution done
[2024-03-26 06:09:41,330] {cursor.py:962} INFO - Number of results in first chunk: 1
[2024-03-26 06:09:41,330] {cursor.py:806} INFO - query: [TRUNCATE TABLE Learning_Outcomes]
[2024-03-26 06:09:41,818] {cursor.py:819} INFO - query execution done
[2024-03-26 06:09:41,819] {cursor.py:962} INFO - Number of results in first chunk: 1
[2024-03-26 06:09:41,819] {logging_mixin.py:115} INFO - /opt/***/dags/resources/09c024f6-8a30-4bbe-bf81-21aae45afc95/Level2_combined.csv
[2024-03-26 06:09:41,819] {cursor.py:806} INFO - query: [PUT file:///opt/***/dags/resources/09c024f6-8a30-4bbe-bf81-21aae45afc95/Leve...]
[2024-03-26 06:09:42,013] {cursor.py:819} INFO - query execution done
[2024-03-26 06:09:42,311] {cursor.py:806} INFO - query: [COPY INTO Learning_Outcomes ON_ERROR=CONTINUE FILE_FORMAT = (FIELD_OPTIONALLY_EN...]
[2024-03-26 06:09:42,966] {cursor.py:819} INFO - query execution done
[2024-03-26 06:09:42,966] {cursor.py:962} INFO - Number of results in first chunk: 1
[2024-03-26 06:09:42,967] {python.py:173} INFO - Done. Returned value was: completed
[2024-03-26 06:09:43,011] {taskinstance.py:1400} INFO - Marking task as SUCCESS. dag_id=bigdag, task_id=upload_data_to_snowflake_task, execution_date=20240326T060909, start_date=20240326T060939, end_date=20240326T060943
[2024-03-26 06:09:43,076] {local_task_job.py:156} INFO - Task exited with return code 0
[2024-03-26 06:09:43,148] {local_task_job.py:273} INFO - 1 downstream tasks scheduled from follow-on schedule check
