[2024-03-27 19:39:16,658] {taskinstance.py:1159} INFO - Dependencies all met for <TaskInstance: bigdag.clean_task e7f58b86-0895-4fbf-a3e6-21586f398e61 [queued]>
[2024-03-27 19:39:16,682] {taskinstance.py:1159} INFO - Dependencies all met for <TaskInstance: bigdag.clean_task e7f58b86-0895-4fbf-a3e6-21586f398e61 [queued]>
[2024-03-27 19:39:16,682] {taskinstance.py:1356} INFO - 
--------------------------------------------------------------------------------
[2024-03-27 19:39:16,683] {taskinstance.py:1357} INFO - Starting attempt 1 of 2
[2024-03-27 19:39:16,683] {taskinstance.py:1358} INFO - 
--------------------------------------------------------------------------------
[2024-03-27 19:39:16,726] {taskinstance.py:1377} INFO - Executing <Task(PythonOperator): clean_task> on 2024-03-27 19:37:00.375164+00:00
[2024-03-27 19:39:16,832] {standard_task_runner.py:79} INFO - Running: ['***', 'tasks', 'run', 'bigdag', 'clean_task', 'e7f58b86-0895-4fbf-a3e6-21586f398e61', '--job-id', '1413', '--raw', '--subdir', 'DAGS_FOLDER/dags.py', '--cfg-path', '/tmp/tmp9w79c179', '--error-file', '/tmp/tmpxja7yvk1']
[2024-03-27 19:39:16,793] {standard_task_runner.py:52} INFO - Started process 1982 to run task
[2024-03-27 19:39:16,853] {standard_task_runner.py:80} INFO - Job 1413: Subtask clean_task
[2024-03-27 19:39:17,135] {task_command.py:369} INFO - Running <TaskInstance: bigdag.clean_task e7f58b86-0895-4fbf-a3e6-21586f398e61 [running]> on host 9b878320bbfc
[2024-03-27 19:39:17,384] {taskinstance.py:1571} INFO - Exporting the following env vars:
AIRFLOW_CTX_DAG_OWNER=***
AIRFLOW_CTX_DAG_ID=bigdag
AIRFLOW_CTX_TASK_ID=clean_task
AIRFLOW_CTX_EXECUTION_DATE=2024-03-27T19:37:00.375164+00:00
AIRFLOW_CTX_TRY_NUMBER=1
AIRFLOW_CTX_DAG_RUN_ID=e7f58b86-0895-4fbf-a3e6-21586f398e61
[2024-03-27 19:39:17,393] {python.py:173} INFO - Done. Returned value was: None
[2024-03-27 19:39:17,449] {taskinstance.py:1400} INFO - Marking task as SUCCESS. dag_id=bigdag, task_id=clean_task, execution_date=20240327T193700, start_date=20240327T193916, end_date=20240327T193917
[2024-03-27 19:39:17,500] {local_task_job.py:156} INFO - Task exited with return code 0
[2024-03-27 19:39:17,577] {local_task_job.py:273} INFO - 0 downstream tasks scheduled from follow-on schedule check
