[2024-03-27 19:37:05,982] {taskinstance.py:1159} INFO - Dependencies all met for <TaskInstance: bigdag.download_from_s3 e7f58b86-0895-4fbf-a3e6-21586f398e61 [queued]>
[2024-03-27 19:37:06,025] {taskinstance.py:1159} INFO - Dependencies all met for <TaskInstance: bigdag.download_from_s3 e7f58b86-0895-4fbf-a3e6-21586f398e61 [queued]>
[2024-03-27 19:37:06,027] {taskinstance.py:1356} INFO - 
--------------------------------------------------------------------------------
[2024-03-27 19:37:06,036] {taskinstance.py:1357} INFO - Starting attempt 1 of 2
[2024-03-27 19:37:06,040] {taskinstance.py:1358} INFO - 
--------------------------------------------------------------------------------
[2024-03-27 19:37:06,111] {taskinstance.py:1377} INFO - Executing <Task(PythonOperator): download_from_s3> on 2024-03-27 19:37:00.375164+00:00
[2024-03-27 19:37:06,176] {standard_task_runner.py:52} INFO - Started process 1840 to run task
[2024-03-27 19:37:06,211] {standard_task_runner.py:79} INFO - Running: ['***', 'tasks', 'run', 'bigdag', 'download_from_s3', 'e7f58b86-0895-4fbf-a3e6-21586f398e61', '--job-id', '1398', '--raw', '--subdir', 'DAGS_FOLDER/dags.py', '--cfg-path', '/tmp/tmpz8f4stbh', '--error-file', '/tmp/tmpo5uc140j']
[2024-03-27 19:37:06,222] {standard_task_runner.py:80} INFO - Job 1398: Subtask download_from_s3
[2024-03-27 19:37:06,776] {task_command.py:369} INFO - Running <TaskInstance: bigdag.download_from_s3 e7f58b86-0895-4fbf-a3e6-21586f398e61 [running]> on host 9b878320bbfc
[2024-03-27 19:37:07,164] {taskinstance.py:1571} INFO - Exporting the following env vars:
AIRFLOW_CTX_DAG_OWNER=***
AIRFLOW_CTX_DAG_ID=bigdag
AIRFLOW_CTX_TASK_ID=download_from_s3
AIRFLOW_CTX_EXECUTION_DATE=2024-03-27T19:37:00.375164+00:00
AIRFLOW_CTX_TRY_NUMBER=1
AIRFLOW_CTX_DAG_RUN_ID=e7f58b86-0895-4fbf-a3e6-21586f398e61
[2024-03-27 19:37:07,171] {logging_mixin.py:115} INFO - /opt/***/dags
[2024-03-27 19:37:07,470] {logging_mixin.py:115} INFO - /opt/***/dags/resources/e7f58b86-0895-4fbf-a3e6-21586f398e61/Level1_combined.pdf
[2024-03-27 19:37:09,419] {python.py:173} INFO - Done. Returned value was: Level1_combined.pdf
[2024-03-27 19:37:10,835] {taskinstance.py:1400} INFO - Marking task as SUCCESS. dag_id=bigdag, task_id=download_from_s3, execution_date=20240327T193700, start_date=20240327T193705, end_date=20240327T193710
[2024-03-27 19:37:11,313] {local_task_job.py:156} INFO - Task exited with return code 0
[2024-03-27 19:37:11,762] {local_task_job.py:273} INFO - 1 downstream tasks scheduled from follow-on schedule check
