[2024-03-26 06:42:25,363] {taskinstance.py:1159} INFO - Dependencies all met for <TaskInstance: bigdag.upload_metadata_data_to_snowflake_task 23a4b6a5-8d92-40ae-bc5e-c6985f0ff2a2 [queued]>
[2024-03-26 06:42:25,371] {taskinstance.py:1159} INFO - Dependencies all met for <TaskInstance: bigdag.upload_metadata_data_to_snowflake_task 23a4b6a5-8d92-40ae-bc5e-c6985f0ff2a2 [queued]>
[2024-03-26 06:42:25,371] {taskinstance.py:1356} INFO - 
--------------------------------------------------------------------------------
[2024-03-26 06:42:25,371] {taskinstance.py:1357} INFO - Starting attempt 1 of 2
[2024-03-26 06:42:25,371] {taskinstance.py:1358} INFO - 
--------------------------------------------------------------------------------
[2024-03-26 06:42:25,382] {taskinstance.py:1377} INFO - Executing <Task(PythonOperator): upload_metadata_data_to_snowflake_task> on 2024-03-26 06:42:10.655925+00:00
[2024-03-26 06:42:25,387] {standard_task_runner.py:52} INFO - Started process 2102 to run task
[2024-03-26 06:42:25,389] {standard_task_runner.py:79} INFO - Running: ['***', 'tasks', 'run', 'bigdag', 'upload_metadata_data_to_snowflake_task', '23a4b6a5-8d92-40ae-bc5e-c6985f0ff2a2', '--job-id', '1363', '--raw', '--subdir', 'DAGS_FOLDER/dags.py', '--cfg-path', '/tmp/tmpgi18bepm', '--error-file', '/tmp/tmplzcnwrq3']
[2024-03-26 06:42:25,390] {standard_task_runner.py:80} INFO - Job 1363: Subtask upload_metadata_data_to_snowflake_task
[2024-03-26 06:42:25,436] {task_command.py:369} INFO - Running <TaskInstance: bigdag.upload_metadata_data_to_snowflake_task 23a4b6a5-8d92-40ae-bc5e-c6985f0ff2a2 [running]> on host 911e7a0235cb
[2024-03-26 06:42:25,505] {taskinstance.py:1571} INFO - Exporting the following env vars:
AIRFLOW_CTX_DAG_OWNER=***
AIRFLOW_CTX_DAG_ID=bigdag
AIRFLOW_CTX_TASK_ID=upload_metadata_data_to_snowflake_task
AIRFLOW_CTX_EXECUTION_DATE=2024-03-26T06:42:10.655925+00:00
AIRFLOW_CTX_TRY_NUMBER=1
AIRFLOW_CTX_DAG_RUN_ID=23a4b6a5-8d92-40ae-bc5e-c6985f0ff2a2
[2024-03-26 06:42:25,506] {logging_mixin.py:115} INFO - {'conf': <***.configuration.AirflowConfigParser object at 0xffff84fe5450>, 'dag': <DAG: bigdag>, 'dag_run': <DagRun bigdag @ 2024-03-26 06:42:10.655925+00:00: 23a4b6a5-8d92-40ae-bc5e-c6985f0ff2a2, externally triggered: True>, 'data_interval_end': DateTime(2024, 3, 26, 6, 42, 10, 655925, tzinfo=Timezone('UTC')), 'data_interval_start': DateTime(2024, 3, 26, 6, 42, 10, 655925, tzinfo=Timezone('UTC')), 'ds': '2024-03-26', 'ds_nodash': '20240326', 'execution_date': <Proxy at 0xffff64d8b4b0 with factory functools.partial(<function lazy_mapping_from_context.<locals>._deprecated_proxy_factory at 0xffff64df7b90>, 'execution_date', DateTime(2024, 3, 26, 6, 42, 10, 655925, tzinfo=Timezone('UTC')))>, 'inlets': [], 'logical_date': DateTime(2024, 3, 26, 6, 42, 10, 655925, tzinfo=Timezone('UTC')), 'macros': <module '***.macros' from '/home/***/.local/lib/python3.7/site-packages/***/macros/__init__.py'>, 'next_ds': <Proxy at 0xffff64d8b500 with factory functools.partial(<function lazy_mapping_from_context.<locals>._deprecated_proxy_factory at 0xffff64df7b90>, 'next_ds', '2024-03-26')>, 'next_ds_nodash': <Proxy at 0xffff64d8b550 with factory functools.partial(<function lazy_mapping_from_context.<locals>._deprecated_proxy_factory at 0xffff64df7b90>, 'next_ds_nodash', '20240326')>, 'next_execution_date': <Proxy at 0xffff64d8b5a0 with factory functools.partial(<function lazy_mapping_from_context.<locals>._deprecated_proxy_factory at 0xffff64df7b90>, 'next_execution_date', DateTime(2024, 3, 26, 6, 42, 10, 655925, tzinfo=Timezone('UTC')))>, 'outlets': [], 'params': {'s3_uri': 's3://cfainstitute-learning-outcomes-raw/t1/Level2_combined.pdf'}, 'prev_data_interval_start_success': DateTime(2024, 3, 26, 6, 38, 43, 963540, tzinfo=Timezone('UTC')), 'prev_data_interval_end_success': DateTime(2024, 3, 26, 6, 38, 43, 963540, tzinfo=Timezone('UTC')), 'prev_ds': <Proxy at 0xffff64d8b5f0 with factory functools.partial(<function lazy_mapping_from_context.<locals>._deprecated_proxy_factory at 0xffff64df7b90>, 'prev_ds', '2024-03-26')>, 'prev_ds_nodash': <Proxy at 0xffff64d8b640 with factory functools.partial(<function lazy_mapping_from_context.<locals>._deprecated_proxy_factory at 0xffff64df7b90>, 'prev_ds_nodash', '20240326')>, 'prev_execution_date': <Proxy at 0xffff64d8b690 with factory functools.partial(<function lazy_mapping_from_context.<locals>._deprecated_proxy_factory at 0xffff64df7b90>, 'prev_execution_date', DateTime(2024, 3, 26, 6, 42, 10, 655925, tzinfo=Timezone('UTC')))>, 'prev_execution_date_success': <Proxy at 0xffff64d8b6e0 with factory functools.partial(<function lazy_mapping_from_context.<locals>._deprecated_proxy_factory at 0xffff64df7b90>, 'prev_execution_date_success', DateTime(2024, 3, 26, 6, 38, 43, 963540, tzinfo=Timezone('UTC')))>, 'prev_start_date_success': DateTime(2024, 3, 26, 6, 38, 44, 245921, tzinfo=Timezone('UTC')), 'run_id': '23a4b6a5-8d92-40ae-bc5e-c6985f0ff2a2', 'task': <Task(PythonOperator): upload_metadata_data_to_snowflake_task>, 'task_instance': <TaskInstance: bigdag.upload_metadata_data_to_snowflake_task 23a4b6a5-8d92-40ae-bc5e-c6985f0ff2a2 [running]>, 'task_instance_key_str': 'bigdag__upload_metadata_data_to_snowflake_task__20240326', 'test_mode': False, 'ti': <TaskInstance: bigdag.upload_metadata_data_to_snowflake_task 23a4b6a5-8d92-40ae-bc5e-c6985f0ff2a2 [running]>, 'tomorrow_ds': <Proxy at 0xffff64d8b730 with factory functools.partial(<function lazy_mapping_from_context.<locals>._deprecated_proxy_factory at 0xffff64df7b90>, 'tomorrow_ds', '2024-03-27')>, 'tomorrow_ds_nodash': <Proxy at 0xffff64d8b780 with factory functools.partial(<function lazy_mapping_from_context.<locals>._deprecated_proxy_factory at 0xffff64df7b90>, 'tomorrow_ds_nodash', '20240327')>, 'ts': '2024-03-26T06:42:10.655925+00:00', 'ts_nodash': '20240326T064210', 'ts_nodash_with_tz': '20240326T064210.655925+0000', 'var': {'json': None, 'value': None}, 'conn': None, 'yesterday_ds': <Proxy at 0xffff64d8b7d0 with factory functools.partial(<function lazy_mapping_from_context.<locals>._deprecated_proxy_factory at 0xffff64df7b90>, 'yesterday_ds', '2024-03-25')>, 'yesterday_ds_nodash': <Proxy at 0xffff64d8b820 with factory functools.partial(<function lazy_mapping_from_context.<locals>._deprecated_proxy_factory at 0xffff64df7b90>, 'yesterday_ds_nodash', '20240325')>, 'templates_dict': None}
[2024-03-26 06:42:25,516] {logging_mixin.py:115} INFO - Ds Level2_combined_metadata.csv
[2024-03-26 06:42:25,517] {connection.py:300} INFO - Snowflake Connector for Python Version: 3.0.4, Python Version: 3.7.13, Platform: Linux-6.6.16-linuxkit-aarch64-with-debian-11.3
[2024-03-26 06:42:25,518] {connection.py:1013} INFO - This connection is in OCSP Fail Open Mode. TLS Certificates would be checked for validity and revocation status. Any other Certificate Revocation related exceptions or OCSP Responder failures would be disregarded in favor of connectivity.
[2024-03-26 06:42:25,519] {connection.py:1030} INFO - Setting use_openssl_only mode to False
[2024-03-26 06:42:26,511] {cursor.py:806} INFO - query: [CREATE DATABASE IF NOT EXISTS CFAInstitute]
[2024-03-26 06:42:26,602] {cursor.py:819} INFO - query execution done
[2024-03-26 06:42:26,603] {cursor.py:962} INFO - Number of results in first chunk: 1
[2024-03-26 06:42:26,604] {cursor.py:806} INFO - query: [USE DATABASE CFAInstitute]
[2024-03-26 06:42:26,842] {cursor.py:819} INFO - query execution done
[2024-03-26 06:42:26,843] {cursor.py:962} INFO - Number of results in first chunk: 1
[2024-03-26 06:42:26,844] {cursor.py:806} INFO - query: [USE WAREHOUSE BIGDATA]
[2024-03-26 06:42:27,047] {cursor.py:819} INFO - query execution done
[2024-03-26 06:42:27,047] {cursor.py:962} INFO - Number of results in first chunk: 1
[2024-03-26 06:42:27,048] {cursor.py:806} INFO - query: [CREATE TABLE IF NOT EXISTS Metadata ( PDF_NAME String, Title String, Publisher S...]
[2024-03-26 06:42:29,177] {cursor.py:819} INFO - query execution done
[2024-03-26 06:42:29,179] {cursor.py:962} INFO - Number of results in first chunk: 1
[2024-03-26 06:42:29,180] {cursor.py:806} INFO - query: [TRUNCATE TABLE Metadata]
[2024-03-26 06:42:29,453] {cursor.py:819} INFO - query execution done
[2024-03-26 06:42:29,454] {cursor.py:962} INFO - Number of results in first chunk: 1
[2024-03-26 06:42:29,454] {logging_mixin.py:115} INFO - /opt/***/dags/resources/23a4b6a5-8d92-40ae-bc5e-c6985f0ff2a2/Level2_combined_metadata.csv
[2024-03-26 06:42:29,454] {cursor.py:806} INFO - query: [PUT file:///opt/***/dags/resources/23a4b6a5-8d92-40ae-bc5e-c6985f0ff2a2/Leve...]
[2024-03-26 06:42:29,540] {cursor.py:819} INFO - query execution done
[2024-03-26 06:42:29,864] {cursor.py:806} INFO - query: [COPY INTO Metadata ON_ERROR=CONTINUE FILE_FORMAT = (FIELD_OPTIONALLY_ENCLOSED_BY...]
[2024-03-26 06:42:30,826] {cursor.py:819} INFO - query execution done
[2024-03-26 06:42:30,828] {cursor.py:962} INFO - Number of results in first chunk: 3
[2024-03-26 06:42:30,829] {python.py:173} INFO - Done. Returned value was: completed
[2024-03-26 06:42:30,875] {taskinstance.py:1400} INFO - Marking task as SUCCESS. dag_id=bigdag, task_id=upload_metadata_data_to_snowflake_task, execution_date=20240326T064210, start_date=20240326T064225, end_date=20240326T064230
[2024-03-26 06:42:30,904] {local_task_job.py:156} INFO - Task exited with return code 0
[2024-03-26 06:42:30,928] {local_task_job.py:273} INFO - 1 downstream tasks scheduled from follow-on schedule check
