[2024-03-26 06:09:11,949] {taskinstance.py:1159} INFO - Dependencies all met for <TaskInstance: bigdag.download_from_s3 98f5c8cf-d22f-49b3-9053-6fa125de111f [queued]>
[2024-03-26 06:09:11,957] {taskinstance.py:1159} INFO - Dependencies all met for <TaskInstance: bigdag.download_from_s3 98f5c8cf-d22f-49b3-9053-6fa125de111f [queued]>
[2024-03-26 06:09:11,957] {taskinstance.py:1356} INFO - 
--------------------------------------------------------------------------------
[2024-03-26 06:09:11,958] {taskinstance.py:1357} INFO - Starting attempt 1 of 2
[2024-03-26 06:09:11,958] {taskinstance.py:1358} INFO - 
--------------------------------------------------------------------------------
[2024-03-26 06:09:11,968] {taskinstance.py:1377} INFO - Executing <Task(PythonOperator): download_from_s3> on 2024-03-26 06:09:09.420006+00:00
[2024-03-26 06:09:11,974] {standard_task_runner.py:52} INFO - Started process 450 to run task
[2024-03-26 06:09:11,978] {standard_task_runner.py:79} INFO - Running: ['***', 'tasks', 'run', 'bigdag', 'download_from_s3', '98f5c8cf-d22f-49b3-9053-6fa125de111f', '--job-id', '1331', '--raw', '--subdir', 'DAGS_FOLDER/dags.py', '--cfg-path', '/tmp/tmph0qqsxte', '--error-file', '/tmp/tmpeu35o22r']
[2024-03-26 06:09:11,980] {standard_task_runner.py:80} INFO - Job 1331: Subtask download_from_s3
[2024-03-26 06:09:12,027] {task_command.py:369} INFO - Running <TaskInstance: bigdag.download_from_s3 98f5c8cf-d22f-49b3-9053-6fa125de111f [running]> on host 911e7a0235cb
[2024-03-26 06:09:12,097] {taskinstance.py:1571} INFO - Exporting the following env vars:
AIRFLOW_CTX_DAG_OWNER=***
AIRFLOW_CTX_DAG_ID=bigdag
AIRFLOW_CTX_TASK_ID=download_from_s3
AIRFLOW_CTX_EXECUTION_DATE=2024-03-26T06:09:09.420006+00:00
AIRFLOW_CTX_TRY_NUMBER=1
AIRFLOW_CTX_DAG_RUN_ID=98f5c8cf-d22f-49b3-9053-6fa125de111f
[2024-03-26 06:09:12,099] {logging_mixin.py:115} INFO - /opt/***/dags
[2024-03-26 06:09:12,178] {logging_mixin.py:115} INFO - /opt/***/dags/resources/98f5c8cf-d22f-49b3-9053-6fa125de111f/Level1_combined.pdf
[2024-03-26 06:09:13,286] {python.py:173} INFO - Done. Returned value was: Level1_combined.pdf
[2024-03-26 06:09:13,308] {taskinstance.py:1400} INFO - Marking task as SUCCESS. dag_id=bigdag, task_id=download_from_s3, execution_date=20240326T060909, start_date=20240326T060911, end_date=20240326T060913
[2024-03-26 06:09:13,324] {local_task_job.py:156} INFO - Task exited with return code 0
[2024-03-26 06:09:13,364] {local_task_job.py:273} INFO - 1 downstream tasks scheduled from follow-on schedule check
