[2024-02-21 06:08:38,722] {taskinstance.py:1159} INFO - Dependencies all met for <TaskInstance: csv_transformation_and_class_creation.transform_csv_task manual__2024-02-21T06:08:37.364054+00:00 [queued]>
[2024-02-21 06:08:38,733] {taskinstance.py:1159} INFO - Dependencies all met for <TaskInstance: csv_transformation_and_class_creation.transform_csv_task manual__2024-02-21T06:08:37.364054+00:00 [queued]>
[2024-02-21 06:08:38,733] {taskinstance.py:1356} INFO - 
--------------------------------------------------------------------------------
[2024-02-21 06:08:38,734] {taskinstance.py:1357} INFO - Starting attempt 1 of 2
[2024-02-21 06:08:38,734] {taskinstance.py:1358} INFO - 
--------------------------------------------------------------------------------
[2024-02-21 06:08:38,746] {taskinstance.py:1377} INFO - Executing <Task(PythonOperator): transform_csv_task> on 2024-02-21 06:08:37.364054+00:00
[2024-02-21 06:08:38,750] {standard_task_runner.py:52} INFO - Started process 3925 to run task
[2024-02-21 06:08:38,754] {standard_task_runner.py:79} INFO - Running: ['***', 'tasks', 'run', 'csv_transformation_and_class_creation', 'transform_csv_task', 'manual__2024-02-21T06:08:37.364054+00:00', '--job-id', '65', '--raw', '--subdir', 'DAGS_FOLDER/dags.py', '--cfg-path', '/tmp/tmpg55tibkg', '--error-file', '/tmp/tmpqa6icr6t']
[2024-02-21 06:08:38,754] {standard_task_runner.py:80} INFO - Job 65: Subtask transform_csv_task
[2024-02-21 06:08:38,813] {task_command.py:369} INFO - Running <TaskInstance: csv_transformation_and_class_creation.transform_csv_task manual__2024-02-21T06:08:37.364054+00:00 [running]> on host 7f99983bc7dc
[2024-02-21 06:08:38,883] {taskinstance.py:1571} INFO - Exporting the following env vars:
AIRFLOW_CTX_DAG_OWNER=***
AIRFLOW_CTX_DAG_ID=csv_transformation_and_class_creation
AIRFLOW_CTX_TASK_ID=transform_csv_task
AIRFLOW_CTX_EXECUTION_DATE=2024-02-21T06:08:37.364054+00:00
AIRFLOW_CTX_TRY_NUMBER=1
AIRFLOW_CTX_DAG_RUN_ID=manual__2024-02-21T06:08:37.364054+00:00
[2024-02-21 06:08:39,635] {python.py:173} INFO - Done. Returned value was: None
[2024-02-21 06:08:39,694] {taskinstance.py:1400} INFO - Marking task as SUCCESS. dag_id=csv_transformation_and_class_creation, task_id=transform_csv_task, execution_date=20240221T060837, start_date=20240221T060838, end_date=20240221T060839
[2024-02-21 06:08:39,797] {local_task_job.py:156} INFO - Task exited with return code 0
[2024-02-21 06:08:39,872] {local_task_job.py:273} INFO - 1 downstream tasks scheduled from follow-on schedule check
