[2024-02-21 06:25:51,660] {taskinstance.py:1159} INFO - Dependencies all met for <TaskInstance: csv_transformation_and_class_creation.run_python_script manual__2024-02-21T06:25:49.955066+00:00 [queued]>
[2024-02-21 06:25:51,669] {taskinstance.py:1159} INFO - Dependencies all met for <TaskInstance: csv_transformation_and_class_creation.run_python_script manual__2024-02-21T06:25:49.955066+00:00 [queued]>
[2024-02-21 06:25:51,670] {taskinstance.py:1356} INFO - 
--------------------------------------------------------------------------------
[2024-02-21 06:25:51,670] {taskinstance.py:1357} INFO - Starting attempt 1 of 2
[2024-02-21 06:25:51,670] {taskinstance.py:1358} INFO - 
--------------------------------------------------------------------------------
[2024-02-21 06:25:51,680] {taskinstance.py:1377} INFO - Executing <Task(PythonOperator): run_python_script> on 2024-02-21 06:25:49.955066+00:00
[2024-02-21 06:25:51,683] {standard_task_runner.py:52} INFO - Started process 4824 to run task
[2024-02-21 06:25:51,687] {standard_task_runner.py:79} INFO - Running: ['***', 'tasks', 'run', 'csv_transformation_and_class_creation', 'run_python_script', 'manual__2024-02-21T06:25:49.955066+00:00', '--job-id', '98', '--raw', '--subdir', 'DAGS_FOLDER/dags.py', '--cfg-path', '/tmp/tmpnrbgqktu', '--error-file', '/tmp/tmpsps_818s']
[2024-02-21 06:25:51,687] {standard_task_runner.py:80} INFO - Job 98: Subtask run_python_script
[2024-02-21 06:25:51,731] {task_command.py:369} INFO - Running <TaskInstance: csv_transformation_and_class_creation.run_python_script manual__2024-02-21T06:25:49.955066+00:00 [running]> on host 7f99983bc7dc
[2024-02-21 06:25:51,781] {taskinstance.py:1571} INFO - Exporting the following env vars:
AIRFLOW_CTX_DAG_OWNER=***
AIRFLOW_CTX_DAG_ID=csv_transformation_and_class_creation
AIRFLOW_CTX_TASK_ID=run_python_script
AIRFLOW_CTX_EXECUTION_DATE=2024-02-21T06:25:49.955066+00:00
AIRFLOW_CTX_TRY_NUMBER=1
AIRFLOW_CTX_DAG_RUN_ID=manual__2024-02-21T06:25:49.955066+00:00
[2024-02-21 06:25:53,808] {logging_mixin.py:115} INFO - jsjsjsjsj
[2024-02-21 06:25:53,809] {logging_mixin.py:115} INFO - Standard Output:
[2024-02-21 06:25:53,809] {logging_mixin.py:115} INFO - Defaulting to user installation because normal site-packages is not writeable

[notice] A new release of pip available: 22.1.2 -> 24.0
[notice] To update, run: python -m pip install --upgrade pip
[2024-02-21 06:25:53,809] {logging_mixin.py:115} INFO - Standard Error:
[2024-02-21 06:25:53,810] {logging_mixin.py:115} INFO - ERROR: Could not open requirements file: [Errno 2] No such file or directory: 'requirements.txt'
[2024-02-21 06:25:53,810] {python.py:173} INFO - Done. Returned value was: None
[2024-02-21 06:25:53,833] {taskinstance.py:1400} INFO - Marking task as SUCCESS. dag_id=csv_transformation_and_class_creation, task_id=run_python_script, execution_date=20240221T062549, start_date=20240221T062551, end_date=20240221T062553
[2024-02-21 06:25:53,869] {local_task_job.py:156} INFO - Task exited with return code 0
[2024-02-21 06:25:53,903] {local_task_job.py:273} INFO - 0 downstream tasks scheduled from follow-on schedule check
