[2024-03-26 06:09:28,264] {taskinstance.py:1159} INFO - Dependencies all met for <TaskInstance: bigdag.convert_xml_to_data_task 98f5c8cf-d22f-49b3-9053-6fa125de111f [queued]>
[2024-03-26 06:09:28,288] {taskinstance.py:1159} INFO - Dependencies all met for <TaskInstance: bigdag.convert_xml_to_data_task 98f5c8cf-d22f-49b3-9053-6fa125de111f [queued]>
[2024-03-26 06:09:28,288] {taskinstance.py:1356} INFO - 
--------------------------------------------------------------------------------
[2024-03-26 06:09:28,289] {taskinstance.py:1357} INFO - Starting attempt 1 of 2
[2024-03-26 06:09:28,289] {taskinstance.py:1358} INFO - 
--------------------------------------------------------------------------------
[2024-03-26 06:09:28,322] {taskinstance.py:1377} INFO - Executing <Task(PythonOperator): convert_xml_to_data_task> on 2024-03-26 06:09:09.420006+00:00
[2024-03-26 06:09:28,336] {standard_task_runner.py:52} INFO - Started process 488 to run task
[2024-03-26 06:09:28,341] {standard_task_runner.py:79} INFO - Running: ['***', 'tasks', 'run', 'bigdag', 'convert_xml_to_data_task', '98f5c8cf-d22f-49b3-9053-6fa125de111f', '--job-id', '1335', '--raw', '--subdir', 'DAGS_FOLDER/dags.py', '--cfg-path', '/tmp/tmpf2rt2u9c', '--error-file', '/tmp/tmp74a75mpi']
[2024-03-26 06:09:28,344] {standard_task_runner.py:80} INFO - Job 1335: Subtask convert_xml_to_data_task
[2024-03-26 06:09:28,599] {task_command.py:369} INFO - Running <TaskInstance: bigdag.convert_xml_to_data_task 98f5c8cf-d22f-49b3-9053-6fa125de111f [running]> on host 911e7a0235cb
[2024-03-26 06:09:29,525] {taskinstance.py:1571} INFO - Exporting the following env vars:
AIRFLOW_CTX_DAG_OWNER=***
AIRFLOW_CTX_DAG_ID=bigdag
AIRFLOW_CTX_TASK_ID=convert_xml_to_data_task
AIRFLOW_CTX_EXECUTION_DATE=2024-03-26T06:09:09.420006+00:00
AIRFLOW_CTX_TRY_NUMBER=1
AIRFLOW_CTX_DAG_RUN_ID=98f5c8cf-d22f-49b3-9053-6fa125de111f
[2024-03-26 06:09:29,680] {logging_mixin.py:115} INFO - /opt/***/dags/resources/98f5c8cf-d22f-49b3-9053-6fa125de111f/Level1_combined.csv
[2024-03-26 06:09:29,681] {logging_mixin.py:115} INFO - /opt/***/dags/resources/98f5c8cf-d22f-49b3-9053-6fa125de111f/Level1_combined.grobid.tei.xml
[2024-03-26 06:09:29,682] {logging_mixin.py:115} INFO - ['/opt/***/dags/resources/98f5c8cf-d22f-49b3-9053-6fa125de111f/Level1_combined.grobid.tei.xml']
[2024-03-26 06:09:29,710] {logging_mixin.py:115} INFO - /opt/***/dags/resources/98f5c8cf-d22f-49b3-9053-6fa125de111f/Level1_combined.grobid.tei.xml
[2024-03-26 06:09:29,729] {python.py:173} INFO - Done. Returned value was: Level1_combined.csv
[2024-03-26 06:09:29,878] {taskinstance.py:1400} INFO - Marking task as SUCCESS. dag_id=bigdag, task_id=convert_xml_to_data_task, execution_date=20240326T060909, start_date=20240326T060928, end_date=20240326T060929
[2024-03-26 06:09:29,981] {local_task_job.py:156} INFO - Task exited with return code 0
[2024-03-26 06:09:30,267] {local_task_job.py:273} INFO - 1 downstream tasks scheduled from follow-on schedule check
