[2024-03-26 06:07:22,133] {taskinstance.py:1159} INFO - Dependencies all met for <TaskInstance: bigdag.convert_xml_to_data_task c58550bc-2765-4df0-8bd3-cf510bc2897b [queued]>
[2024-03-26 06:07:22,166] {taskinstance.py:1159} INFO - Dependencies all met for <TaskInstance: bigdag.convert_xml_to_data_task c58550bc-2765-4df0-8bd3-cf510bc2897b [queued]>
[2024-03-26 06:07:22,173] {taskinstance.py:1356} INFO - 
--------------------------------------------------------------------------------
[2024-03-26 06:07:22,175] {taskinstance.py:1357} INFO - Starting attempt 1 of 2
[2024-03-26 06:07:22,187] {taskinstance.py:1358} INFO - 
--------------------------------------------------------------------------------
[2024-03-26 06:07:22,231] {taskinstance.py:1377} INFO - Executing <Task(PythonOperator): convert_xml_to_data_task> on 2024-03-26 06:06:03.139311+00:00
[2024-03-26 06:07:22,257] {standard_task_runner.py:52} INFO - Started process 338 to run task
[2024-03-26 06:07:22,267] {standard_task_runner.py:79} INFO - Running: ['***', 'tasks', 'run', 'bigdag', 'convert_xml_to_data_task', 'c58550bc-2765-4df0-8bd3-cf510bc2897b', '--job-id', '1324', '--raw', '--subdir', 'DAGS_FOLDER/dags.py', '--cfg-path', '/tmp/tmp7dmr5zdc', '--error-file', '/tmp/tmpnqtb95a1']
[2024-03-26 06:07:22,307] {standard_task_runner.py:80} INFO - Job 1324: Subtask convert_xml_to_data_task
[2024-03-26 06:07:22,633] {task_command.py:369} INFO - Running <TaskInstance: bigdag.convert_xml_to_data_task c58550bc-2765-4df0-8bd3-cf510bc2897b [running]> on host 911e7a0235cb
[2024-03-26 06:07:22,935] {taskinstance.py:1571} INFO - Exporting the following env vars:
AIRFLOW_CTX_DAG_OWNER=***
AIRFLOW_CTX_DAG_ID=bigdag
AIRFLOW_CTX_TASK_ID=convert_xml_to_data_task
AIRFLOW_CTX_EXECUTION_DATE=2024-03-26T06:06:03.139311+00:00
AIRFLOW_CTX_TRY_NUMBER=1
AIRFLOW_CTX_DAG_RUN_ID=c58550bc-2765-4df0-8bd3-cf510bc2897b
[2024-03-26 06:07:22,991] {logging_mixin.py:115} INFO - /opt/***/dags/resources/c58550bc-2765-4df0-8bd3-cf510bc2897b/Level2_combined.csv
[2024-03-26 06:07:22,993] {logging_mixin.py:115} INFO - /opt/***/dags/resources/c58550bc-2765-4df0-8bd3-cf510bc2897b/Level2_combined.grobid.tei.xml
[2024-03-26 06:07:22,994] {logging_mixin.py:115} INFO - ['/opt/***/dags/resources/c58550bc-2765-4df0-8bd3-cf510bc2897b/Level2_combined.grobid.tei.xml']
[2024-03-26 06:07:22,996] {logging_mixin.py:115} INFO - /opt/***/dags/resources/c58550bc-2765-4df0-8bd3-cf510bc2897b/Level2_combined.grobid.tei.xml
[2024-03-26 06:07:22,998] {taskinstance.py:1889} ERROR - Task failed with exception
Traceback (most recent call last):
  File "/home/airflow/.local/lib/python3.7/site-packages/airflow/operators/python.py", line 171, in execute
    return_value = self.execute_callable()
  File "/home/airflow/.local/lib/python3.7/site-packages/airflow/operators/python.py", line 189, in execute_callable
    return self.python_callable(*self.op_args, **self.op_kwargs)
  File "/opt/airflow/dags/tasks/convert_to_csv.py", line 14, in convert_xml_to_data_task
    return convert_xml_to_csv(run_id,data)
  File "/opt/airflow/dags/helpers/xml_to_csv_helper.py", line 27, in convert_xml_to_csv
    with open(xml_file_path, 'r') as file:
FileNotFoundError: [Errno 2] No such file or directory: '/opt/airflow/dags/resources/c58550bc-2765-4df0-8bd3-cf510bc2897b/Level2_combined.grobid.tei.xml'
[2024-03-26 06:07:23,021] {taskinstance.py:1400} INFO - Marking task as UP_FOR_RETRY. dag_id=bigdag, task_id=convert_xml_to_data_task, execution_date=20240326T060603, start_date=20240326T060722, end_date=20240326T060723
[2024-03-26 06:07:23,074] {standard_task_runner.py:97} ERROR - Failed to execute job 1324 for task convert_xml_to_data_task ([Errno 2] No such file or directory: '/opt/airflow/dags/resources/c58550bc-2765-4df0-8bd3-cf510bc2897b/Level2_combined.grobid.tei.xml'; 338)
[2024-03-26 06:07:23,108] {local_task_job.py:156} INFO - Task exited with return code 1
[2024-03-26 06:07:23,250] {local_task_job.py:273} INFO - 0 downstream tasks scheduled from follow-on schedule check
