[2024-03-26 06:42:21,386] {taskinstance.py:1159} INFO - Dependencies all met for <TaskInstance: bigdag.convert_xml_to_data_task 23a4b6a5-8d92-40ae-bc5e-c6985f0ff2a2 [queued]>
[2024-03-26 06:42:21,394] {taskinstance.py:1159} INFO - Dependencies all met for <TaskInstance: bigdag.convert_xml_to_data_task 23a4b6a5-8d92-40ae-bc5e-c6985f0ff2a2 [queued]>
[2024-03-26 06:42:21,396] {taskinstance.py:1356} INFO - 
--------------------------------------------------------------------------------
[2024-03-26 06:42:21,396] {taskinstance.py:1357} INFO - Starting attempt 1 of 2
[2024-03-26 06:42:21,397] {taskinstance.py:1358} INFO - 
--------------------------------------------------------------------------------
[2024-03-26 06:42:21,407] {taskinstance.py:1377} INFO - Executing <Task(PythonOperator): convert_xml_to_data_task> on 2024-03-26 06:42:10.655925+00:00
[2024-03-26 06:42:21,414] {standard_task_runner.py:52} INFO - Started process 2085 to run task
[2024-03-26 06:42:21,418] {standard_task_runner.py:79} INFO - Running: ['***', 'tasks', 'run', 'bigdag', 'convert_xml_to_data_task', '23a4b6a5-8d92-40ae-bc5e-c6985f0ff2a2', '--job-id', '1360', '--raw', '--subdir', 'DAGS_FOLDER/dags.py', '--cfg-path', '/tmp/tmpc6_q2_99', '--error-file', '/tmp/tmphr862veu']
[2024-03-26 06:42:21,419] {standard_task_runner.py:80} INFO - Job 1360: Subtask convert_xml_to_data_task
[2024-03-26 06:42:21,483] {task_command.py:369} INFO - Running <TaskInstance: bigdag.convert_xml_to_data_task 23a4b6a5-8d92-40ae-bc5e-c6985f0ff2a2 [running]> on host 911e7a0235cb
[2024-03-26 06:42:21,559] {taskinstance.py:1571} INFO - Exporting the following env vars:
AIRFLOW_CTX_DAG_OWNER=***
AIRFLOW_CTX_DAG_ID=bigdag
AIRFLOW_CTX_TASK_ID=convert_xml_to_data_task
AIRFLOW_CTX_EXECUTION_DATE=2024-03-26T06:42:10.655925+00:00
AIRFLOW_CTX_TRY_NUMBER=1
AIRFLOW_CTX_DAG_RUN_ID=23a4b6a5-8d92-40ae-bc5e-c6985f0ff2a2
[2024-03-26 06:42:21,568] {logging_mixin.py:115} INFO - /opt/***/dags/resources/23a4b6a5-8d92-40ae-bc5e-c6985f0ff2a2/Level2_combined.csv
[2024-03-26 06:42:21,568] {logging_mixin.py:115} INFO - /opt/***/dags/resources/23a4b6a5-8d92-40ae-bc5e-c6985f0ff2a2/Level2_combined.grobid.tei.xml
[2024-03-26 06:42:21,568] {logging_mixin.py:115} INFO - ['/opt/***/dags/resources/23a4b6a5-8d92-40ae-bc5e-c6985f0ff2a2/Level2_combined.grobid.tei.xml']
[2024-03-26 06:42:21,569] {logging_mixin.py:115} INFO - /opt/***/dags/resources/23a4b6a5-8d92-40ae-bc5e-c6985f0ff2a2/Level2_combined.grobid.tei.xml
[2024-03-26 06:42:21,574] {python.py:173} INFO - Done. Returned value was: Level2_combined.csv
[2024-03-26 06:42:21,593] {taskinstance.py:1400} INFO - Marking task as SUCCESS. dag_id=bigdag, task_id=convert_xml_to_data_task, execution_date=20240326T064210, start_date=20240326T064221, end_date=20240326T064221
[2024-03-26 06:42:21,639] {local_task_job.py:156} INFO - Task exited with return code 0
[2024-03-26 06:42:21,684] {local_task_job.py:273} INFO - 1 downstream tasks scheduled from follow-on schedule check
