[2024-03-26 06:39:09,918] {taskinstance.py:1159} INFO - Dependencies all met for <TaskInstance: bigdag.clean_task 711fc702-cbae-49ed-8c8e-ea2138ff8713 [queued]>
[2024-03-26 06:39:09,926] {taskinstance.py:1159} INFO - Dependencies all met for <TaskInstance: bigdag.clean_task 711fc702-cbae-49ed-8c8e-ea2138ff8713 [queued]>
[2024-03-26 06:39:09,926] {taskinstance.py:1356} INFO - 
--------------------------------------------------------------------------------
[2024-03-26 06:39:09,927] {taskinstance.py:1357} INFO - Starting attempt 1 of 2
[2024-03-26 06:39:09,927] {taskinstance.py:1358} INFO - 
--------------------------------------------------------------------------------
[2024-03-26 06:39:09,938] {taskinstance.py:1377} INFO - Executing <Task(PythonOperator): clean_task> on 2024-03-26 06:38:43.963540+00:00
[2024-03-26 06:39:09,943] {standard_task_runner.py:52} INFO - Started process 1917 to run task
[2024-03-26 06:39:09,946] {standard_task_runner.py:79} INFO - Running: ['***', 'tasks', 'run', 'bigdag', 'clean_task', '711fc702-cbae-49ed-8c8e-ea2138ff8713', '--job-id', '1356', '--raw', '--subdir', 'DAGS_FOLDER/dags.py', '--cfg-path', '/tmp/tmpej8ump5n', '--error-file', '/tmp/tmpc0cdr8by']
[2024-03-26 06:39:09,947] {standard_task_runner.py:80} INFO - Job 1356: Subtask clean_task
[2024-03-26 06:39:09,997] {task_command.py:369} INFO - Running <TaskInstance: bigdag.clean_task 711fc702-cbae-49ed-8c8e-ea2138ff8713 [running]> on host 911e7a0235cb
[2024-03-26 06:39:10,058] {taskinstance.py:1571} INFO - Exporting the following env vars:
AIRFLOW_CTX_DAG_OWNER=***
AIRFLOW_CTX_DAG_ID=bigdag
AIRFLOW_CTX_TASK_ID=clean_task
AIRFLOW_CTX_EXECUTION_DATE=2024-03-26T06:38:43.963540+00:00
AIRFLOW_CTX_TRY_NUMBER=1
AIRFLOW_CTX_DAG_RUN_ID=711fc702-cbae-49ed-8c8e-ea2138ff8713
[2024-03-26 06:39:10,061] {python.py:173} INFO - Done. Returned value was: None
[2024-03-26 06:39:10,075] {taskinstance.py:1400} INFO - Marking task as SUCCESS. dag_id=bigdag, task_id=clean_task, execution_date=20240326T063843, start_date=20240326T063909, end_date=20240326T063910
[2024-03-26 06:39:10,129] {local_task_job.py:156} INFO - Task exited with return code 0
[2024-03-26 06:39:10,160] {local_task_job.py:273} INFO - 0 downstream tasks scheduled from follow-on schedule check
