[2024-03-27 19:38:11,997] {taskinstance.py:1159} INFO - Dependencies all met for <TaskInstance: bigdag.convert_xml_to_data_task e7f58b86-0895-4fbf-a3e6-21586f398e61 [queued]>
[2024-03-27 19:38:12,103] {taskinstance.py:1159} INFO - Dependencies all met for <TaskInstance: bigdag.convert_xml_to_data_task e7f58b86-0895-4fbf-a3e6-21586f398e61 [queued]>
[2024-03-27 19:38:12,116] {taskinstance.py:1356} INFO - 
--------------------------------------------------------------------------------
[2024-03-27 19:38:12,120] {taskinstance.py:1357} INFO - Starting attempt 1 of 2
[2024-03-27 19:38:12,121] {taskinstance.py:1358} INFO - 
--------------------------------------------------------------------------------
[2024-03-27 19:38:12,373] {taskinstance.py:1377} INFO - Executing <Task(PythonOperator): convert_xml_to_data_task> on 2024-03-27 19:37:00.375164+00:00
[2024-03-27 19:38:12,661] {standard_task_runner.py:79} INFO - Running: ['***', 'tasks', 'run', 'bigdag', 'convert_xml_to_data_task', 'e7f58b86-0895-4fbf-a3e6-21586f398e61', '--job-id', '1402', '--raw', '--subdir', 'DAGS_FOLDER/dags.py', '--cfg-path', '/tmp/tmps2fi0_4x', '--error-file', '/tmp/tmpnrqmvoct']
[2024-03-27 19:38:12,704] {standard_task_runner.py:52} INFO - Started process 1903 to run task
[2024-03-27 19:38:12,767] {standard_task_runner.py:80} INFO - Job 1402: Subtask convert_xml_to_data_task
[2024-03-27 19:38:13,893] {task_command.py:369} INFO - Running <TaskInstance: bigdag.convert_xml_to_data_task e7f58b86-0895-4fbf-a3e6-21586f398e61 [running]> on host 9b878320bbfc
[2024-03-27 19:38:14,600] {taskinstance.py:1571} INFO - Exporting the following env vars:
AIRFLOW_CTX_DAG_OWNER=***
AIRFLOW_CTX_DAG_ID=bigdag
AIRFLOW_CTX_TASK_ID=convert_xml_to_data_task
AIRFLOW_CTX_EXECUTION_DATE=2024-03-27T19:37:00.375164+00:00
AIRFLOW_CTX_TRY_NUMBER=1
AIRFLOW_CTX_DAG_RUN_ID=e7f58b86-0895-4fbf-a3e6-21586f398e61
[2024-03-27 19:38:15,018] {logging_mixin.py:115} INFO - ['/opt/***/dags/resources/e7f58b86-0895-4fbf-a3e6-21586f398e61/Level1_combined.grobid.tei.xml']
[2024-03-27 19:38:15,063] {logging_mixin.py:115} INFO - /opt/***/dags/resources/e7f58b86-0895-4fbf-a3e6-21586f398e61/Level1_combined.grobid.tei.xml
[2024-03-27 19:38:15,143] {python.py:173} INFO - Done. Returned value was: Level1_combined.csv
[2024-03-27 19:38:15,388] {taskinstance.py:1400} INFO - Marking task as SUCCESS. dag_id=bigdag, task_id=convert_xml_to_data_task, execution_date=20240327T193700, start_date=20240327T193812, end_date=20240327T193815
[2024-03-27 19:38:15,579] {local_task_job.py:156} INFO - Task exited with return code 0
[2024-03-27 19:38:16,614] {local_task_job.py:273} INFO - 1 downstream tasks scheduled from follow-on schedule check
