[2024-02-21 06:03:04,783] {taskinstance.py:1159} INFO - Dependencies all met for <TaskInstance: csv_transformation_and_class_creation.run_python_script manual__2024-02-21T05:59:12.368307+00:00 [queued]>
[2024-02-21 06:03:04,790] {taskinstance.py:1159} INFO - Dependencies all met for <TaskInstance: csv_transformation_and_class_creation.run_python_script manual__2024-02-21T05:59:12.368307+00:00 [queued]>
[2024-02-21 06:03:04,791] {taskinstance.py:1356} INFO - 
--------------------------------------------------------------------------------
[2024-02-21 06:03:04,791] {taskinstance.py:1357} INFO - Starting attempt 1 of 2
[2024-02-21 06:03:04,791] {taskinstance.py:1358} INFO - 
--------------------------------------------------------------------------------
[2024-02-21 06:03:04,801] {taskinstance.py:1377} INFO - Executing <Task(PythonOperator): run_python_script> on 2024-02-21 05:59:12.368307+00:00
[2024-02-21 06:03:04,804] {standard_task_runner.py:52} INFO - Started process 3617 to run task
[2024-02-21 06:03:04,809] {standard_task_runner.py:79} INFO - Running: ['***', 'tasks', 'run', 'csv_transformation_and_class_creation', 'run_python_script', 'manual__2024-02-21T05:59:12.368307+00:00', '--job-id', '50', '--raw', '--subdir', 'DAGS_FOLDER/dags.py', '--cfg-path', '/tmp/tmpk03vz3hp', '--error-file', '/tmp/tmpoc4a29fw']
[2024-02-21 06:03:04,810] {standard_task_runner.py:80} INFO - Job 50: Subtask run_python_script
[2024-02-21 06:03:04,856] {task_command.py:369} INFO - Running <TaskInstance: csv_transformation_and_class_creation.run_python_script manual__2024-02-21T05:59:12.368307+00:00 [running]> on host 7f99983bc7dc
[2024-02-21 06:03:04,904] {taskinstance.py:1571} INFO - Exporting the following env vars:
AIRFLOW_CTX_DAG_OWNER=***
AIRFLOW_CTX_DAG_ID=csv_transformation_and_class_creation
AIRFLOW_CTX_TASK_ID=run_python_script
AIRFLOW_CTX_EXECUTION_DATE=2024-02-21T05:59:12.368307+00:00
AIRFLOW_CTX_TRY_NUMBER=1
AIRFLOW_CTX_DAG_RUN_ID=manual__2024-02-21T05:59:12.368307+00:00
[2024-02-21 06:03:04,988] {python.py:173} INFO - Done. Returned value was: None
[2024-02-21 06:03:04,999] {taskinstance.py:1400} INFO - Marking task as SUCCESS. dag_id=csv_transformation_and_class_creation, task_id=run_python_script, execution_date=20240221T055912, start_date=20240221T060304, end_date=20240221T060304
[2024-02-21 06:03:05,031] {local_task_job.py:156} INFO - Task exited with return code 0
[2024-02-21 06:03:05,058] {local_task_job.py:273} INFO - 0 downstream tasks scheduled from follow-on schedule check
