[2024-03-27 18:51:02,999] {taskinstance.py:1159} INFO - Dependencies all met for <TaskInstance: bigdag.upload_metadata_data_to_snowflake_task a9b5d366-a1b9-4827-8e6a-0baba9a90cdc [queued]>
[2024-03-27 18:51:03,009] {taskinstance.py:1159} INFO - Dependencies all met for <TaskInstance: bigdag.upload_metadata_data_to_snowflake_task a9b5d366-a1b9-4827-8e6a-0baba9a90cdc [queued]>
[2024-03-27 18:51:03,010] {taskinstance.py:1356} INFO - 
--------------------------------------------------------------------------------
[2024-03-27 18:51:03,010] {taskinstance.py:1357} INFO - Starting attempt 1 of 2
[2024-03-27 18:51:03,010] {taskinstance.py:1358} INFO - 
--------------------------------------------------------------------------------
[2024-03-27 18:51:03,021] {taskinstance.py:1377} INFO - Executing <Task(PythonOperator): upload_metadata_data_to_snowflake_task> on 2024-03-27 18:49:47.272206+00:00
[2024-03-27 18:51:03,025] {standard_task_runner.py:52} INFO - Started process 476 to run task
[2024-03-27 18:51:03,028] {standard_task_runner.py:79} INFO - Running: ['***', 'tasks', 'run', 'bigdag', 'upload_metadata_data_to_snowflake_task', 'a9b5d366-a1b9-4827-8e6a-0baba9a90cdc', '--job-id', '1377', '--raw', '--subdir', 'DAGS_FOLDER/dags.py', '--cfg-path', '/tmp/tmpluo0tpbq', '--error-file', '/tmp/tmp_at84fwt']
[2024-03-27 18:51:03,029] {standard_task_runner.py:80} INFO - Job 1377: Subtask upload_metadata_data_to_snowflake_task
[2024-03-27 18:51:03,070] {task_command.py:369} INFO - Running <TaskInstance: bigdag.upload_metadata_data_to_snowflake_task a9b5d366-a1b9-4827-8e6a-0baba9a90cdc [running]> on host 9b878320bbfc
[2024-03-27 18:51:03,126] {taskinstance.py:1571} INFO - Exporting the following env vars:
AIRFLOW_CTX_DAG_OWNER=***
AIRFLOW_CTX_DAG_ID=bigdag
AIRFLOW_CTX_TASK_ID=upload_metadata_data_to_snowflake_task
AIRFLOW_CTX_EXECUTION_DATE=2024-03-27T18:49:47.272206+00:00
AIRFLOW_CTX_TRY_NUMBER=1
AIRFLOW_CTX_DAG_RUN_ID=a9b5d366-a1b9-4827-8e6a-0baba9a90cdc
[2024-03-27 18:51:03,128] {logging_mixin.py:115} INFO - {'conf': <***.configuration.AirflowConfigParser object at 0xffffa6231650>, 'dag': <DAG: bigdag>, 'dag_run': <DagRun bigdag @ 2024-03-27 18:49:47.272206+00:00: a9b5d366-a1b9-4827-8e6a-0baba9a90cdc, externally triggered: True>, 'data_interval_end': DateTime(2024, 3, 27, 18, 49, 47, 272206, tzinfo=Timezone('UTC')), 'data_interval_start': DateTime(2024, 3, 27, 18, 49, 47, 272206, tzinfo=Timezone('UTC')), 'ds': '2024-03-27', 'ds_nodash': '20240327', 'execution_date': <Proxy at 0xffff801b3410 with factory functools.partial(<function lazy_mapping_from_context.<locals>._deprecated_proxy_factory at 0xffff82d2dc20>, 'execution_date', DateTime(2024, 3, 27, 18, 49, 47, 272206, tzinfo=Timezone('UTC')))>, 'inlets': [], 'logical_date': DateTime(2024, 3, 27, 18, 49, 47, 272206, tzinfo=Timezone('UTC')), 'macros': <module '***.macros' from '/home/***/.local/lib/python3.7/site-packages/***/macros/__init__.py'>, 'next_ds': <Proxy at 0xffff801b3460 with factory functools.partial(<function lazy_mapping_from_context.<locals>._deprecated_proxy_factory at 0xffff82d2dc20>, 'next_ds', '2024-03-27')>, 'next_ds_nodash': <Proxy at 0xffff801b34b0 with factory functools.partial(<function lazy_mapping_from_context.<locals>._deprecated_proxy_factory at 0xffff82d2dc20>, 'next_ds_nodash', '20240327')>, 'next_execution_date': <Proxy at 0xffff801b3500 with factory functools.partial(<function lazy_mapping_from_context.<locals>._deprecated_proxy_factory at 0xffff82d2dc20>, 'next_execution_date', DateTime(2024, 3, 27, 18, 49, 47, 272206, tzinfo=Timezone('UTC')))>, 'outlets': [], 'params': {'s3_uri': 's3://cfainstitute-learning-outcomes-raw/t1/Level1_combined.pdf'}, 'prev_data_interval_start_success': DateTime(2024, 3, 26, 6, 42, 10, 655925, tzinfo=Timezone('UTC')), 'prev_data_interval_end_success': DateTime(2024, 3, 26, 6, 42, 10, 655925, tzinfo=Timezone('UTC')), 'prev_ds': <Proxy at 0xffff801b3550 with factory functools.partial(<function lazy_mapping_from_context.<locals>._deprecated_proxy_factory at 0xffff82d2dc20>, 'prev_ds', '2024-03-27')>, 'prev_ds_nodash': <Proxy at 0xffff801b35a0 with factory functools.partial(<function lazy_mapping_from_context.<locals>._deprecated_proxy_factory at 0xffff82d2dc20>, 'prev_ds_nodash', '20240327')>, 'prev_execution_date': <Proxy at 0xffff801b35f0 with factory functools.partial(<function lazy_mapping_from_context.<locals>._deprecated_proxy_factory at 0xffff82d2dc20>, 'prev_execution_date', DateTime(2024, 3, 27, 18, 49, 47, 272206, tzinfo=Timezone('UTC')))>, 'prev_execution_date_success': <Proxy at 0xffff801b3640 with factory functools.partial(<function lazy_mapping_from_context.<locals>._deprecated_proxy_factory at 0xffff82d2dc20>, 'prev_execution_date_success', DateTime(2024, 3, 26, 6, 42, 10, 655925, tzinfo=Timezone('UTC')))>, 'prev_start_date_success': DateTime(2024, 3, 26, 6, 42, 11, 125575, tzinfo=Timezone('UTC')), 'run_id': 'a9b5d366-a1b9-4827-8e6a-0baba9a90cdc', 'task': <Task(PythonOperator): upload_metadata_data_to_snowflake_task>, 'task_instance': <TaskInstance: bigdag.upload_metadata_data_to_snowflake_task a9b5d366-a1b9-4827-8e6a-0baba9a90cdc [running]>, 'task_instance_key_str': 'bigdag__upload_metadata_data_to_snowflake_task__20240327', 'test_mode': False, 'ti': <TaskInstance: bigdag.upload_metadata_data_to_snowflake_task a9b5d366-a1b9-4827-8e6a-0baba9a90cdc [running]>, 'tomorrow_ds': <Proxy at 0xffff801b3690 with factory functools.partial(<function lazy_mapping_from_context.<locals>._deprecated_proxy_factory at 0xffff82d2dc20>, 'tomorrow_ds', '2024-03-28')>, 'tomorrow_ds_nodash': <Proxy at 0xffff801b36e0 with factory functools.partial(<function lazy_mapping_from_context.<locals>._deprecated_proxy_factory at 0xffff82d2dc20>, 'tomorrow_ds_nodash', '20240328')>, 'ts': '2024-03-27T18:49:47.272206+00:00', 'ts_nodash': '20240327T184947', 'ts_nodash_with_tz': '20240327T184947.272206+0000', 'var': {'json': None, 'value': None}, 'conn': None, 'yesterday_ds': <Proxy at 0xffff801b3730 with factory functools.partial(<function lazy_mapping_from_context.<locals>._deprecated_proxy_factory at 0xffff82d2dc20>, 'yesterday_ds', '2024-03-26')>, 'yesterday_ds_nodash': <Proxy at 0xffff801b3780 with factory functools.partial(<function lazy_mapping_from_context.<locals>._deprecated_proxy_factory at 0xffff82d2dc20>, 'yesterday_ds_nodash', '20240326')>, 'templates_dict': None}
[2024-03-27 18:51:03,136] {logging_mixin.py:115} INFO - Ds Level1_combined_metadata.csv
[2024-03-27 18:51:03,137] {connection.py:300} INFO - Snowflake Connector for Python Version: 3.0.4, Python Version: 3.7.13, Platform: Linux-6.6.16-linuxkit-aarch64-with-debian-11.3
[2024-03-27 18:51:03,138] {connection.py:1013} INFO - This connection is in OCSP Fail Open Mode. TLS Certificates would be checked for validity and revocation status. Any other Certificate Revocation related exceptions or OCSP Responder failures would be disregarded in favor of connectivity.
[2024-03-27 18:51:03,139] {connection.py:1030} INFO - Setting use_openssl_only mode to False
[2024-03-27 18:51:04,724] {cursor.py:806} INFO - query: [CREATE DATABASE IF NOT EXISTS CFAInstitute]
[2024-03-27 18:51:04,933] {cursor.py:819} INFO - query execution done
[2024-03-27 18:51:04,935] {cursor.py:962} INFO - Number of results in first chunk: 1
[2024-03-27 18:51:04,937] {cursor.py:806} INFO - query: [USE DATABASE CFAInstitute]
[2024-03-27 18:51:05,223] {cursor.py:819} INFO - query execution done
[2024-03-27 18:51:05,226] {cursor.py:962} INFO - Number of results in first chunk: 1
[2024-03-27 18:51:05,226] {cursor.py:806} INFO - query: [USE WAREHOUSE BIGDATA]
[2024-03-27 18:51:05,327] {cursor.py:819} INFO - query execution done
[2024-03-27 18:51:05,328] {cursor.py:962} INFO - Number of results in first chunk: 1
[2024-03-27 18:51:05,328] {cursor.py:806} INFO - query: [CREATE TABLE IF NOT EXISTS Metadata ( PDF_NAME String, Title String, Publisher S...]
[2024-03-27 18:51:05,418] {cursor.py:819} INFO - query execution done
[2024-03-27 18:51:05,419] {cursor.py:962} INFO - Number of results in first chunk: 1
[2024-03-27 18:51:05,419] {cursor.py:806} INFO - query: [TRUNCATE TABLE Metadata]
[2024-03-27 18:51:05,856] {cursor.py:819} INFO - query execution done
[2024-03-27 18:51:05,857] {cursor.py:962} INFO - Number of results in first chunk: 1
[2024-03-27 18:51:05,858] {logging_mixin.py:115} INFO - /opt/***/dags/resources/a9b5d366-a1b9-4827-8e6a-0baba9a90cdc/Level1_combined_metadata.csv
[2024-03-27 18:51:05,858] {cursor.py:806} INFO - query: [PUT file:///opt/***/dags/resources/a9b5d366-a1b9-4827-8e6a-0baba9a90cdc/Leve...]
[2024-03-27 18:51:05,980] {cursor.py:819} INFO - query execution done
[2024-03-27 18:51:06,476] {cursor.py:806} INFO - query: [COPY INTO Metadata ON_ERROR=CONTINUE FILE_FORMAT = (FIELD_OPTIONALLY_ENCLOSED_BY...]
[2024-03-27 18:51:08,066] {cursor.py:819} INFO - query execution done
[2024-03-27 18:51:08,067] {cursor.py:962} INFO - Number of results in first chunk: 3
[2024-03-27 18:51:08,068] {python.py:173} INFO - Done. Returned value was: completed
[2024-03-27 18:51:08,126] {taskinstance.py:1400} INFO - Marking task as SUCCESS. dag_id=bigdag, task_id=upload_metadata_data_to_snowflake_task, execution_date=20240327T184947, start_date=20240327T185103, end_date=20240327T185108
[2024-03-27 18:51:08,161] {local_task_job.py:156} INFO - Task exited with return code 0
[2024-03-27 18:51:08,189] {local_task_job.py:273} INFO - 1 downstream tasks scheduled from follow-on schedule check
