[2024-03-27 19:30:00,361] {taskinstance.py:1159} INFO - Dependencies all met for <TaskInstance: bigdag.upload_data_to_snowflake_task 0f396986-b3a0-406c-9ce7-b779ab334115 [queued]>
[2024-03-27 19:30:00,380] {taskinstance.py:1159} INFO - Dependencies all met for <TaskInstance: bigdag.upload_data_to_snowflake_task 0f396986-b3a0-406c-9ce7-b779ab334115 [queued]>
[2024-03-27 19:30:00,381] {taskinstance.py:1356} INFO - 
--------------------------------------------------------------------------------
[2024-03-27 19:30:00,381] {taskinstance.py:1357} INFO - Starting attempt 1 of 2
[2024-03-27 19:30:00,382] {taskinstance.py:1358} INFO - 
--------------------------------------------------------------------------------
[2024-03-27 19:30:00,404] {taskinstance.py:1377} INFO - Executing <Task(PythonOperator): upload_data_to_snowflake_task> on 2024-03-27 19:29:04.110149+00:00
[2024-03-27 19:30:00,419] {standard_task_runner.py:52} INFO - Started process 1520 to run task
[2024-03-27 19:30:00,442] {standard_task_runner.py:79} INFO - Running: ['***', 'tasks', 'run', 'bigdag', 'upload_data_to_snowflake_task', '0f396986-b3a0-406c-9ce7-b779ab334115', '--job-id', '1395', '--raw', '--subdir', 'DAGS_FOLDER/dags.py', '--cfg-path', '/tmp/tmpc3nv_qc_', '--error-file', '/tmp/tmp1dl6cgc8']
[2024-03-27 19:30:00,447] {standard_task_runner.py:80} INFO - Job 1395: Subtask upload_data_to_snowflake_task
[2024-03-27 19:30:00,589] {task_command.py:369} INFO - Running <TaskInstance: bigdag.upload_data_to_snowflake_task 0f396986-b3a0-406c-9ce7-b779ab334115 [running]> on host 9b878320bbfc
[2024-03-27 19:30:00,746] {taskinstance.py:1571} INFO - Exporting the following env vars:
AIRFLOW_CTX_DAG_OWNER=***
AIRFLOW_CTX_DAG_ID=bigdag
AIRFLOW_CTX_TASK_ID=upload_data_to_snowflake_task
AIRFLOW_CTX_EXECUTION_DATE=2024-03-27T19:29:04.110149+00:00
AIRFLOW_CTX_TRY_NUMBER=1
AIRFLOW_CTX_DAG_RUN_ID=0f396986-b3a0-406c-9ce7-b779ab334115
[2024-03-27 19:30:00,754] {logging_mixin.py:115} INFO - {'conf': <***.configuration.AirflowConfigParser object at 0xffffa6231650>, 'dag': <DAG: bigdag>, 'dag_run': <DagRun bigdag @ 2024-03-27 19:29:04.110149+00:00: 0f396986-b3a0-406c-9ce7-b779ab334115, externally triggered: True>, 'data_interval_end': DateTime(2024, 3, 27, 19, 29, 4, 110149, tzinfo=Timezone('UTC')), 'data_interval_start': DateTime(2024, 3, 27, 19, 29, 4, 110149, tzinfo=Timezone('UTC')), 'ds': '2024-03-27', 'ds_nodash': '20240327', 'execution_date': <Proxy at 0xffff801b54b0 with factory functools.partial(<function lazy_mapping_from_context.<locals>._deprecated_proxy_factory at 0xffff82d2dc20>, 'execution_date', DateTime(2024, 3, 27, 19, 29, 4, 110149, tzinfo=Timezone('UTC')))>, 'inlets': [], 'logical_date': DateTime(2024, 3, 27, 19, 29, 4, 110149, tzinfo=Timezone('UTC')), 'macros': <module '***.macros' from '/home/***/.local/lib/python3.7/site-packages/***/macros/__init__.py'>, 'next_ds': <Proxy at 0xffff801b5500 with factory functools.partial(<function lazy_mapping_from_context.<locals>._deprecated_proxy_factory at 0xffff82d2dc20>, 'next_ds', '2024-03-27')>, 'next_ds_nodash': <Proxy at 0xffff801b5550 with factory functools.partial(<function lazy_mapping_from_context.<locals>._deprecated_proxy_factory at 0xffff82d2dc20>, 'next_ds_nodash', '20240327')>, 'next_execution_date': <Proxy at 0xffff801b55a0 with factory functools.partial(<function lazy_mapping_from_context.<locals>._deprecated_proxy_factory at 0xffff82d2dc20>, 'next_execution_date', DateTime(2024, 3, 27, 19, 29, 4, 110149, tzinfo=Timezone('UTC')))>, 'outlets': [], 'params': {'s3_uri': 's3://cfainstitute-learning-outcomes-raw/t1/Level1_combined.pdf'}, 'prev_data_interval_start_success': DateTime(2024, 3, 27, 18, 58, 33, 387305, tzinfo=Timezone('UTC')), 'prev_data_interval_end_success': DateTime(2024, 3, 27, 18, 58, 33, 387305, tzinfo=Timezone('UTC')), 'prev_ds': <Proxy at 0xffff801b55f0 with factory functools.partial(<function lazy_mapping_from_context.<locals>._deprecated_proxy_factory at 0xffff82d2dc20>, 'prev_ds', '2024-03-27')>, 'prev_ds_nodash': <Proxy at 0xffff801b5640 with factory functools.partial(<function lazy_mapping_from_context.<locals>._deprecated_proxy_factory at 0xffff82d2dc20>, 'prev_ds_nodash', '20240327')>, 'prev_execution_date': <Proxy at 0xffff801b5690 with factory functools.partial(<function lazy_mapping_from_context.<locals>._deprecated_proxy_factory at 0xffff82d2dc20>, 'prev_execution_date', DateTime(2024, 3, 27, 19, 29, 4, 110149, tzinfo=Timezone('UTC')))>, 'prev_execution_date_success': <Proxy at 0xffff801b56e0 with factory functools.partial(<function lazy_mapping_from_context.<locals>._deprecated_proxy_factory at 0xffff82d2dc20>, 'prev_execution_date_success', DateTime(2024, 3, 27, 18, 58, 33, 387305, tzinfo=Timezone('UTC')))>, 'prev_start_date_success': DateTime(2024, 3, 27, 18, 58, 33, 844386, tzinfo=Timezone('UTC')), 'run_id': '0f396986-b3a0-406c-9ce7-b779ab334115', 'task': <Task(PythonOperator): upload_data_to_snowflake_task>, 'task_instance': <TaskInstance: bigdag.upload_data_to_snowflake_task 0f396986-b3a0-406c-9ce7-b779ab334115 [running]>, 'task_instance_key_str': 'bigdag__upload_data_to_snowflake_task__20240327', 'test_mode': False, 'ti': <TaskInstance: bigdag.upload_data_to_snowflake_task 0f396986-b3a0-406c-9ce7-b779ab334115 [running]>, 'tomorrow_ds': <Proxy at 0xffff801b5730 with factory functools.partial(<function lazy_mapping_from_context.<locals>._deprecated_proxy_factory at 0xffff82d2dc20>, 'tomorrow_ds', '2024-03-28')>, 'tomorrow_ds_nodash': <Proxy at 0xffff801b5780 with factory functools.partial(<function lazy_mapping_from_context.<locals>._deprecated_proxy_factory at 0xffff82d2dc20>, 'tomorrow_ds_nodash', '20240328')>, 'ts': '2024-03-27T19:29:04.110149+00:00', 'ts_nodash': '20240327T192904', 'ts_nodash_with_tz': '20240327T192904.110149+0000', 'var': {'json': None, 'value': None}, 'conn': None, 'yesterday_ds': <Proxy at 0xffff801b57d0 with factory functools.partial(<function lazy_mapping_from_context.<locals>._deprecated_proxy_factory at 0xffff82d2dc20>, 'yesterday_ds', '2024-03-26')>, 'yesterday_ds_nodash': <Proxy at 0xffff801b5820 with factory functools.partial(<function lazy_mapping_from_context.<locals>._deprecated_proxy_factory at 0xffff82d2dc20>, 'yesterday_ds_nodash', '20240326')>, 'templates_dict': None}
[2024-03-27 19:30:00,797] {logging_mixin.py:115} INFO - Ds Level1_combined.csv
[2024-03-27 19:30:00,802] {connection.py:300} INFO - Snowflake Connector for Python Version: 3.0.4, Python Version: 3.7.13, Platform: Linux-6.6.16-linuxkit-aarch64-with-debian-11.3
[2024-03-27 19:30:00,805] {connection.py:1013} INFO - This connection is in OCSP Fail Open Mode. TLS Certificates would be checked for validity and revocation status. Any other Certificate Revocation related exceptions or OCSP Responder failures would be disregarded in favor of connectivity.
[2024-03-27 19:30:00,813] {connection.py:1030} INFO - Setting use_openssl_only mode to False
[2024-03-27 19:30:03,180] {cursor.py:806} INFO - query: [CREATE DATABASE IF NOT EXISTS CFAInstitute]
[2024-03-27 19:30:03,305] {cursor.py:819} INFO - query execution done
[2024-03-27 19:30:03,305] {cursor.py:962} INFO - Number of results in first chunk: 1
[2024-03-27 19:30:03,308] {cursor.py:806} INFO - query: [USE DATABASE CFAInstitute]
[2024-03-27 19:30:03,428] {cursor.py:819} INFO - query execution done
[2024-03-27 19:30:03,430] {cursor.py:962} INFO - Number of results in first chunk: 1
[2024-03-27 19:30:03,430] {cursor.py:806} INFO - query: [USE WAREHOUSE BIGDATA]
[2024-03-27 19:30:03,533] {cursor.py:819} INFO - query execution done
[2024-03-27 19:30:03,534] {cursor.py:962} INFO - Number of results in first chunk: 1
[2024-03-27 19:30:03,534] {cursor.py:806} INFO - query: [CREATE TABLE IF NOT EXISTS Learning_Outcomes ( Topic VARCHAR, Learning_Outcomes_...]
[2024-03-27 19:30:03,674] {cursor.py:819} INFO - query execution done
[2024-03-27 19:30:03,675] {cursor.py:962} INFO - Number of results in first chunk: 1
[2024-03-27 19:30:03,676] {cursor.py:806} INFO - query: [TRUNCATE TABLE Learning_Outcomes]
[2024-03-27 19:30:04,555] {cursor.py:819} INFO - query execution done
[2024-03-27 19:30:04,556] {cursor.py:962} INFO - Number of results in first chunk: 1
[2024-03-27 19:30:04,560] {logging_mixin.py:115} INFO - /opt/***/dags/resources/0f396986-b3a0-406c-9ce7-b779ab334115/Level1_combined.csv
[2024-03-27 19:30:04,562] {cursor.py:806} INFO - query: [PUT file:///opt/***/dags/resources/0f396986-b3a0-406c-9ce7-b779ab334115/Leve...]
[2024-03-27 19:30:04,666] {cursor.py:819} INFO - query execution done
[2024-03-27 19:30:05,291] {cursor.py:806} INFO - query: [COPY INTO Learning_Outcomes ON_ERROR=CONTINUE FILE_FORMAT = (FIELD_OPTIONALLY_EN...]
[2024-03-27 19:30:07,071] {cursor.py:819} INFO - query execution done
[2024-03-27 19:30:07,078] {cursor.py:962} INFO - Number of results in first chunk: 3
[2024-03-27 19:30:07,081] {python.py:173} INFO - Done. Returned value was: completed
[2024-03-27 19:30:07,228] {taskinstance.py:1400} INFO - Marking task as SUCCESS. dag_id=bigdag, task_id=upload_data_to_snowflake_task, execution_date=20240327T192904, start_date=20240327T193000, end_date=20240327T193007
[2024-03-27 19:30:07,813] {local_task_job.py:156} INFO - Task exited with return code 0
[2024-03-27 19:30:08,290] {local_task_job.py:273} INFO - 0 downstream tasks scheduled from follow-on schedule check
