[2024-03-26 06:09:38,940] {taskinstance.py:1159} INFO - Dependencies all met for <TaskInstance: bigdag.upload_metadata_data_to_snowflake_task 98f5c8cf-d22f-49b3-9053-6fa125de111f [queued]>
[2024-03-26 06:09:38,957] {taskinstance.py:1159} INFO - Dependencies all met for <TaskInstance: bigdag.upload_metadata_data_to_snowflake_task 98f5c8cf-d22f-49b3-9053-6fa125de111f [queued]>
[2024-03-26 06:09:38,961] {taskinstance.py:1356} INFO - 
--------------------------------------------------------------------------------
[2024-03-26 06:09:38,963] {taskinstance.py:1357} INFO - Starting attempt 1 of 2
[2024-03-26 06:09:38,963] {taskinstance.py:1358} INFO - 
--------------------------------------------------------------------------------
[2024-03-26 06:09:39,015] {taskinstance.py:1377} INFO - Executing <Task(PythonOperator): upload_metadata_data_to_snowflake_task> on 2024-03-26 06:09:09.420006+00:00
[2024-03-26 06:09:39,037] {standard_task_runner.py:52} INFO - Started process 526 to run task
[2024-03-26 06:09:39,043] {standard_task_runner.py:79} INFO - Running: ['***', 'tasks', 'run', 'bigdag', 'upload_metadata_data_to_snowflake_task', '98f5c8cf-d22f-49b3-9053-6fa125de111f', '--job-id', '1342', '--raw', '--subdir', 'DAGS_FOLDER/dags.py', '--cfg-path', '/tmp/tmpmrl4b48l', '--error-file', '/tmp/tmpfave50zs']
[2024-03-26 06:09:39,046] {standard_task_runner.py:80} INFO - Job 1342: Subtask upload_metadata_data_to_snowflake_task
[2024-03-26 06:09:39,168] {task_command.py:369} INFO - Running <TaskInstance: bigdag.upload_metadata_data_to_snowflake_task 98f5c8cf-d22f-49b3-9053-6fa125de111f [running]> on host 911e7a0235cb
[2024-03-26 06:09:39,371] {taskinstance.py:1571} INFO - Exporting the following env vars:
AIRFLOW_CTX_DAG_OWNER=***
AIRFLOW_CTX_DAG_ID=bigdag
AIRFLOW_CTX_TASK_ID=upload_metadata_data_to_snowflake_task
AIRFLOW_CTX_EXECUTION_DATE=2024-03-26T06:09:09.420006+00:00
AIRFLOW_CTX_TRY_NUMBER=1
AIRFLOW_CTX_DAG_RUN_ID=98f5c8cf-d22f-49b3-9053-6fa125de111f
[2024-03-26 06:09:39,419] {logging_mixin.py:115} INFO - {'conf': <***.configuration.AirflowConfigParser object at 0xffff84fe5450>, 'dag': <DAG: bigdag>, 'dag_run': <DagRun bigdag @ 2024-03-26 06:09:09.420006+00:00: 98f5c8cf-d22f-49b3-9053-6fa125de111f, externally triggered: True>, 'data_interval_end': DateTime(2024, 3, 26, 6, 9, 9, 420006, tzinfo=Timezone('UTC')), 'data_interval_start': DateTime(2024, 3, 26, 6, 9, 9, 420006, tzinfo=Timezone('UTC')), 'ds': '2024-03-26', 'ds_nodash': '20240326', 'execution_date': <Proxy at 0xffff64df9f50 with factory functools.partial(<function lazy_mapping_from_context.<locals>._deprecated_proxy_factory at 0xffff64dcef80>, 'execution_date', DateTime(2024, 3, 26, 6, 9, 9, 420006, tzinfo=Timezone('UTC')))>, 'inlets': [], 'logical_date': DateTime(2024, 3, 26, 6, 9, 9, 420006, tzinfo=Timezone('UTC')), 'macros': <module '***.macros' from '/home/***/.local/lib/python3.7/site-packages/***/macros/__init__.py'>, 'next_ds': <Proxy at 0xffff64df9fa0 with factory functools.partial(<function lazy_mapping_from_context.<locals>._deprecated_proxy_factory at 0xffff64dcef80>, 'next_ds', '2024-03-26')>, 'next_ds_nodash': <Proxy at 0xffff64d82050 with factory functools.partial(<function lazy_mapping_from_context.<locals>._deprecated_proxy_factory at 0xffff64dcef80>, 'next_ds_nodash', '20240326')>, 'next_execution_date': <Proxy at 0xffff64d820a0 with factory functools.partial(<function lazy_mapping_from_context.<locals>._deprecated_proxy_factory at 0xffff64dcef80>, 'next_execution_date', DateTime(2024, 3, 26, 6, 9, 9, 420006, tzinfo=Timezone('UTC')))>, 'outlets': [], 'params': {'s3_uri': 's3://cfainstitute-learning-outcomes-raw/t1/Level1_combined.pdf'}, 'prev_data_interval_start_success': DateTime(2024, 3, 26, 1, 30, 37, 593432, tzinfo=Timezone('UTC')), 'prev_data_interval_end_success': DateTime(2024, 3, 26, 1, 30, 37, 593432, tzinfo=Timezone('UTC')), 'prev_ds': <Proxy at 0xffff64d820f0 with factory functools.partial(<function lazy_mapping_from_context.<locals>._deprecated_proxy_factory at 0xffff64dcef80>, 'prev_ds', '2024-03-26')>, 'prev_ds_nodash': <Proxy at 0xffff64d82140 with factory functools.partial(<function lazy_mapping_from_context.<locals>._deprecated_proxy_factory at 0xffff64dcef80>, 'prev_ds_nodash', '20240326')>, 'prev_execution_date': <Proxy at 0xffff64d82190 with factory functools.partial(<function lazy_mapping_from_context.<locals>._deprecated_proxy_factory at 0xffff64dcef80>, 'prev_execution_date', DateTime(2024, 3, 26, 6, 9, 9, 420006, tzinfo=Timezone('UTC')))>, 'prev_execution_date_success': <Proxy at 0xffff64d821e0 with factory functools.partial(<function lazy_mapping_from_context.<locals>._deprecated_proxy_factory at 0xffff64dcef80>, 'prev_execution_date_success', DateTime(2024, 3, 26, 1, 30, 37, 593432, tzinfo=Timezone('UTC')))>, 'prev_start_date_success': DateTime(2024, 3, 26, 1, 30, 38, 81124, tzinfo=Timezone('UTC')), 'run_id': '98f5c8cf-d22f-49b3-9053-6fa125de111f', 'task': <Task(PythonOperator): upload_metadata_data_to_snowflake_task>, 'task_instance': <TaskInstance: bigdag.upload_metadata_data_to_snowflake_task 98f5c8cf-d22f-49b3-9053-6fa125de111f [running]>, 'task_instance_key_str': 'bigdag__upload_metadata_data_to_snowflake_task__20240326', 'test_mode': False, 'ti': <TaskInstance: bigdag.upload_metadata_data_to_snowflake_task 98f5c8cf-d22f-49b3-9053-6fa125de111f [running]>, 'tomorrow_ds': <Proxy at 0xffff64d82230 with factory functools.partial(<function lazy_mapping_from_context.<locals>._deprecated_proxy_factory at 0xffff64dcef80>, 'tomorrow_ds', '2024-03-27')>, 'tomorrow_ds_nodash': <Proxy at 0xffff64d82280 with factory functools.partial(<function lazy_mapping_from_context.<locals>._deprecated_proxy_factory at 0xffff64dcef80>, 'tomorrow_ds_nodash', '20240327')>, 'ts': '2024-03-26T06:09:09.420006+00:00', 'ts_nodash': '20240326T060909', 'ts_nodash_with_tz': '20240326T060909.420006+0000', 'var': {'json': None, 'value': None}, 'conn': None, 'yesterday_ds': <Proxy at 0xffff64d822d0 with factory functools.partial(<function lazy_mapping_from_context.<locals>._deprecated_proxy_factory at 0xffff64dcef80>, 'yesterday_ds', '2024-03-25')>, 'yesterday_ds_nodash': <Proxy at 0xffff64d82320 with factory functools.partial(<function lazy_mapping_from_context.<locals>._deprecated_proxy_factory at 0xffff64dcef80>, 'yesterday_ds_nodash', '20240325')>, 'templates_dict': None}
[2024-03-26 06:09:39,470] {logging_mixin.py:115} INFO - Ds Level1_combined_metadata.csv
[2024-03-26 06:09:39,475] {connection.py:300} INFO - Snowflake Connector for Python Version: 3.0.4, Python Version: 3.7.13, Platform: Linux-6.6.16-linuxkit-aarch64-with-debian-11.3
[2024-03-26 06:09:39,483] {connection.py:1013} INFO - This connection is in OCSP Fail Open Mode. TLS Certificates would be checked for validity and revocation status. Any other Certificate Revocation related exceptions or OCSP Responder failures would be disregarded in favor of connectivity.
[2024-03-26 06:09:39,484] {connection.py:1030} INFO - Setting use_openssl_only mode to False
[2024-03-26 06:09:40,809] {cursor.py:806} INFO - query: [CREATE DATABASE IF NOT EXISTS CFAInstitute]
[2024-03-26 06:09:41,192] {cursor.py:819} INFO - query execution done
[2024-03-26 06:09:41,193] {cursor.py:962} INFO - Number of results in first chunk: 1
[2024-03-26 06:09:41,195] {cursor.py:806} INFO - query: [USE DATABASE CFAInstitute]
[2024-03-26 06:09:41,286] {cursor.py:819} INFO - query execution done
[2024-03-26 06:09:41,287] {cursor.py:962} INFO - Number of results in first chunk: 1
[2024-03-26 06:09:41,287] {cursor.py:806} INFO - query: [USE WAREHOUSE BIGDATA]
[2024-03-26 06:09:41,362] {cursor.py:819} INFO - query execution done
[2024-03-26 06:09:41,363] {cursor.py:962} INFO - Number of results in first chunk: 1
[2024-03-26 06:09:41,363] {cursor.py:806} INFO - query: [CREATE TABLE IF NOT EXISTS Metadata ( PDF_NAME String, Title String, Publisher S...]
[2024-03-26 06:09:41,455] {cursor.py:819} INFO - query execution done
[2024-03-26 06:09:41,455] {cursor.py:962} INFO - Number of results in first chunk: 1
[2024-03-26 06:09:41,456] {cursor.py:806} INFO - query: [TRUNCATE TABLE Metadata]
[2024-03-26 06:09:41,893] {cursor.py:819} INFO - query execution done
[2024-03-26 06:09:41,894] {cursor.py:962} INFO - Number of results in first chunk: 1
[2024-03-26 06:09:41,894] {logging_mixin.py:115} INFO - /opt/***/dags/resources/98f5c8cf-d22f-49b3-9053-6fa125de111f/Level1_combined_metadata.csv
[2024-03-26 06:09:41,894] {cursor.py:806} INFO - query: [PUT file:///opt/***/dags/resources/98f5c8cf-d22f-49b3-9053-6fa125de111f/Leve...]
[2024-03-26 06:09:42,011] {cursor.py:819} INFO - query execution done
[2024-03-26 06:09:42,318] {cursor.py:806} INFO - query: [COPY INTO Metadata ON_ERROR=CONTINUE FILE_FORMAT = (FIELD_OPTIONALLY_ENCLOSED_BY...]
[2024-03-26 06:09:43,027] {cursor.py:819} INFO - query execution done
[2024-03-26 06:09:43,027] {cursor.py:962} INFO - Number of results in first chunk: 1
[2024-03-26 06:09:43,028] {python.py:173} INFO - Done. Returned value was: completed
[2024-03-26 06:09:43,103] {taskinstance.py:1400} INFO - Marking task as SUCCESS. dag_id=bigdag, task_id=upload_metadata_data_to_snowflake_task, execution_date=20240326T060909, start_date=20240326T060938, end_date=20240326T060943
[2024-03-26 06:09:43,156] {local_task_job.py:156} INFO - Task exited with return code 0
[2024-03-26 06:09:43,280] {local_task_job.py:273} INFO - 1 downstream tasks scheduled from follow-on schedule check
