[2024-02-21 05:20:47,787] {taskinstance.py:1159} INFO - Dependencies all met for <TaskInstance: csv_transformation_and_class_creation.transform_csv_task manual__2024-02-21T05:20:46.747883+00:00 [queued]>
[2024-02-21 05:20:47,795] {taskinstance.py:1159} INFO - Dependencies all met for <TaskInstance: csv_transformation_and_class_creation.transform_csv_task manual__2024-02-21T05:20:46.747883+00:00 [queued]>
[2024-02-21 05:20:47,795] {taskinstance.py:1356} INFO - 
--------------------------------------------------------------------------------
[2024-02-21 05:20:47,795] {taskinstance.py:1357} INFO - Starting attempt 1 of 2
[2024-02-21 05:20:47,795] {taskinstance.py:1358} INFO - 
--------------------------------------------------------------------------------
[2024-02-21 05:20:47,805] {taskinstance.py:1377} INFO - Executing <Task(PythonOperator): transform_csv_task> on 2024-02-21 05:20:46.747883+00:00
[2024-02-21 05:20:47,808] {standard_task_runner.py:52} INFO - Started process 1579 to run task
[2024-02-21 05:20:47,811] {standard_task_runner.py:79} INFO - Running: ['***', 'tasks', 'run', 'csv_transformation_and_class_creation', 'transform_csv_task', 'manual__2024-02-21T05:20:46.747883+00:00', '--job-id', '21', '--raw', '--subdir', 'DAGS_FOLDER/dags.py', '--cfg-path', '/tmp/tmpcaid6zv9', '--error-file', '/tmp/tmpoy7c_uh_']
[2024-02-21 05:20:47,811] {standard_task_runner.py:80} INFO - Job 21: Subtask transform_csv_task
[2024-02-21 05:20:47,851] {task_command.py:369} INFO - Running <TaskInstance: csv_transformation_and_class_creation.transform_csv_task manual__2024-02-21T05:20:46.747883+00:00 [running]> on host 7f99983bc7dc
[2024-02-21 05:20:47,919] {taskinstance.py:1571} INFO - Exporting the following env vars:
AIRFLOW_CTX_DAG_OWNER=***
AIRFLOW_CTX_DAG_ID=csv_transformation_and_class_creation
AIRFLOW_CTX_TASK_ID=transform_csv_task
AIRFLOW_CTX_EXECUTION_DATE=2024-02-21T05:20:46.747883+00:00
AIRFLOW_CTX_TRY_NUMBER=1
AIRFLOW_CTX_DAG_RUN_ID=manual__2024-02-21T05:20:46.747883+00:00
[2024-02-21 05:20:48,235] {python.py:173} INFO - Done. Returned value was: None
[2024-02-21 05:20:48,246] {taskinstance.py:1400} INFO - Marking task as SUCCESS. dag_id=csv_transformation_and_class_creation, task_id=transform_csv_task, execution_date=20240221T052046, start_date=20240221T052047, end_date=20240221T052048
[2024-02-21 05:20:48,280] {local_task_job.py:156} INFO - Task exited with return code 0
[2024-02-21 05:20:48,308] {local_task_job.py:273} INFO - 1 downstream tasks scheduled from follow-on schedule check
