[2024-03-27 19:37:23,858] {taskinstance.py:1159} INFO - Dependencies all met for <TaskInstance: bigdag.extract d175b068-6f2a-49ad-853a-bab1a130f469 [queued]>
[2024-03-27 19:37:23,890] {taskinstance.py:1159} INFO - Dependencies all met for <TaskInstance: bigdag.extract d175b068-6f2a-49ad-853a-bab1a130f469 [queued]>
[2024-03-27 19:37:23,892] {taskinstance.py:1356} INFO - 
--------------------------------------------------------------------------------
[2024-03-27 19:37:23,893] {taskinstance.py:1357} INFO - Starting attempt 1 of 2
[2024-03-27 19:37:23,893] {taskinstance.py:1358} INFO - 
--------------------------------------------------------------------------------
[2024-03-27 19:37:23,947] {taskinstance.py:1377} INFO - Executing <Task(PythonOperator): extract> on 2024-03-27 19:36:59.964218+00:00
[2024-03-27 19:37:23,976] {standard_task_runner.py:52} INFO - Started process 1859 to run task
[2024-03-27 19:37:24,042] {standard_task_runner.py:79} INFO - Running: ['***', 'tasks', 'run', 'bigdag', 'extract', 'd175b068-6f2a-49ad-853a-bab1a130f469', '--job-id', '1399', '--raw', '--subdir', 'DAGS_FOLDER/dags.py', '--cfg-path', '/tmp/tmp29w4p6e0', '--error-file', '/tmp/tmp34l2r05o']
[2024-03-27 19:37:24,163] {standard_task_runner.py:80} INFO - Job 1399: Subtask extract
[2024-03-27 19:37:24,734] {task_command.py:369} INFO - Running <TaskInstance: bigdag.extract d175b068-6f2a-49ad-853a-bab1a130f469 [running]> on host 9b878320bbfc
[2024-03-27 19:37:26,240] {taskinstance.py:1571} INFO - Exporting the following env vars:
AIRFLOW_CTX_DAG_OWNER=***
AIRFLOW_CTX_DAG_ID=bigdag
AIRFLOW_CTX_TASK_ID=extract
AIRFLOW_CTX_EXECUTION_DATE=2024-03-27T19:36:59.964218+00:00
AIRFLOW_CTX_TRY_NUMBER=1
AIRFLOW_CTX_DAG_RUN_ID=d175b068-6f2a-49ad-853a-bab1a130f469
[2024-03-27 19:37:27,518] {logging_mixin.py:115} INFO - GROBID server is up and running
[2024-03-27 19:37:27,531] {logging_mixin.py:115} INFO - /opt/***/dags/resources/d175b068-6f2a-49ad-853a-bab1a130f469
[2024-03-27 19:37:27,552] {logging_mixin.py:115} INFO - came
[2024-03-27 19:37:27,577] {logging_mixin.py:115} INFO - ['/opt/***/dags/resources/d175b068-6f2a-49ad-853a-bab1a130f469/Level2_combined.pdf']
[2024-03-27 19:37:53,661] {logging_mixin.py:115} INFO - etiti
[2024-03-27 19:37:54,403] {logging_mixin.py:115} INFO - Level2_combined.pdf
[2024-03-27 19:37:54,450] {python.py:173} INFO - Done. Returned value was: Level2_combined.grobid.tei.xml
[2024-03-27 19:37:55,760] {taskinstance.py:1400} INFO - Marking task as SUCCESS. dag_id=bigdag, task_id=extract, execution_date=20240327T193659, start_date=20240327T193723, end_date=20240327T193755
[2024-03-27 19:37:56,023] {local_task_job.py:156} INFO - Task exited with return code 0
[2024-03-27 19:37:56,501] {local_task_job.py:273} INFO - 2 downstream tasks scheduled from follow-on schedule check
