[2024-03-27 18:58:47,424] {taskinstance.py:1159} INFO - Dependencies all met for <TaskInstance: bigdag.extract d8915ad7-c541-434a-9d20-2245a1dce6b6 [queued]>
[2024-03-27 18:58:47,432] {taskinstance.py:1159} INFO - Dependencies all met for <TaskInstance: bigdag.extract d8915ad7-c541-434a-9d20-2245a1dce6b6 [queued]>
[2024-03-27 18:58:47,432] {taskinstance.py:1356} INFO - 
--------------------------------------------------------------------------------
[2024-03-27 18:58:47,432] {taskinstance.py:1357} INFO - Starting attempt 1 of 2
[2024-03-27 18:58:47,432] {taskinstance.py:1358} INFO - 
--------------------------------------------------------------------------------
[2024-03-27 18:58:47,443] {taskinstance.py:1377} INFO - Executing <Task(PythonOperator): extract> on 2024-03-27 18:58:33.387305+00:00
[2024-03-27 18:58:47,453] {standard_task_runner.py:52} INFO - Started process 843 to run task
[2024-03-27 18:58:47,458] {standard_task_runner.py:79} INFO - Running: ['***', 'tasks', 'run', 'bigdag', 'extract', 'd8915ad7-c541-434a-9d20-2245a1dce6b6', '--job-id', '1380', '--raw', '--subdir', 'DAGS_FOLDER/dags.py', '--cfg-path', '/tmp/tmpmd9fm3wj', '--error-file', '/tmp/tmp56m9w5vk']
[2024-03-27 18:58:47,460] {standard_task_runner.py:80} INFO - Job 1380: Subtask extract
[2024-03-27 18:58:47,544] {task_command.py:369} INFO - Running <TaskInstance: bigdag.extract d8915ad7-c541-434a-9d20-2245a1dce6b6 [running]> on host 9b878320bbfc
[2024-03-27 18:58:47,617] {taskinstance.py:1571} INFO - Exporting the following env vars:
AIRFLOW_CTX_DAG_OWNER=***
AIRFLOW_CTX_DAG_ID=bigdag
AIRFLOW_CTX_TASK_ID=extract
AIRFLOW_CTX_EXECUTION_DATE=2024-03-27T18:58:33.387305+00:00
AIRFLOW_CTX_TRY_NUMBER=1
AIRFLOW_CTX_DAG_RUN_ID=d8915ad7-c541-434a-9d20-2245a1dce6b6
[2024-03-27 18:58:47,845] {logging_mixin.py:115} INFO - GROBID server is up and running
[2024-03-27 18:58:47,863] {logging_mixin.py:115} INFO - /opt/***/dags/resources/d8915ad7-c541-434a-9d20-2245a1dce6b6
[2024-03-27 18:58:47,863] {logging_mixin.py:115} INFO - came
[2024-03-27 18:58:47,864] {logging_mixin.py:115} INFO - ['/opt/***/dags/resources/d8915ad7-c541-434a-9d20-2245a1dce6b6/Level1_combined.pdf']
[2024-03-27 18:58:54,360] {logging_mixin.py:115} INFO - etiti
[2024-03-27 18:58:54,403] {logging_mixin.py:115} INFO - Level1_combined.pdf
[2024-03-27 18:58:54,404] {python.py:173} INFO - Done. Returned value was: Level1_combined.grobid.tei.xml
[2024-03-27 18:58:54,513] {taskinstance.py:1400} INFO - Marking task as SUCCESS. dag_id=bigdag, task_id=extract, execution_date=20240327T185833, start_date=20240327T185847, end_date=20240327T185854
[2024-03-27 18:58:54,614] {local_task_job.py:156} INFO - Task exited with return code 0
[2024-03-27 18:58:54,703] {local_task_job.py:273} INFO - 2 downstream tasks scheduled from follow-on schedule check
