[2024-02-21 06:27:43,603] {taskinstance.py:1159} INFO - Dependencies all met for <TaskInstance: csv_transformation_and_class_creation.run_python_script manual__2024-02-21T06:27:40.116027+00:00 [queued]>
[2024-02-21 06:27:43,610] {taskinstance.py:1159} INFO - Dependencies all met for <TaskInstance: csv_transformation_and_class_creation.run_python_script manual__2024-02-21T06:27:40.116027+00:00 [queued]>
[2024-02-21 06:27:43,610] {taskinstance.py:1356} INFO - 
--------------------------------------------------------------------------------
[2024-02-21 06:27:43,610] {taskinstance.py:1357} INFO - Starting attempt 1 of 2
[2024-02-21 06:27:43,610] {taskinstance.py:1358} INFO - 
--------------------------------------------------------------------------------
[2024-02-21 06:27:43,620] {taskinstance.py:1377} INFO - Executing <Task(PythonOperator): run_python_script> on 2024-02-21 06:27:40.116027+00:00
[2024-02-21 06:27:43,623] {standard_task_runner.py:52} INFO - Started process 4943 to run task
[2024-02-21 06:27:43,626] {standard_task_runner.py:79} INFO - Running: ['***', 'tasks', 'run', 'csv_transformation_and_class_creation', 'run_python_script', 'manual__2024-02-21T06:27:40.116027+00:00', '--job-id', '104', '--raw', '--subdir', 'DAGS_FOLDER/dags.py', '--cfg-path', '/tmp/tmp2i3ypyvp', '--error-file', '/tmp/tmp70quc9_w']
[2024-02-21 06:27:43,627] {standard_task_runner.py:80} INFO - Job 104: Subtask run_python_script
[2024-02-21 06:27:43,667] {task_command.py:369} INFO - Running <TaskInstance: csv_transformation_and_class_creation.run_python_script manual__2024-02-21T06:27:40.116027+00:00 [running]> on host 7f99983bc7dc
[2024-02-21 06:27:43,719] {taskinstance.py:1571} INFO - Exporting the following env vars:
AIRFLOW_CTX_DAG_OWNER=***
AIRFLOW_CTX_DAG_ID=csv_transformation_and_class_creation
AIRFLOW_CTX_TASK_ID=run_python_script
AIRFLOW_CTX_EXECUTION_DATE=2024-02-21T06:27:40.116027+00:00
AIRFLOW_CTX_TRY_NUMBER=1
AIRFLOW_CTX_DAG_RUN_ID=manual__2024-02-21T06:27:40.116027+00:00
[2024-02-21 06:27:49,339] {logging_mixin.py:115} INFO - jsjsjsjsj
[2024-02-21 06:27:49,341] {logging_mixin.py:115} INFO - Standard Output:
[2024-02-21 06:27:49,341] {logging_mixin.py:115} INFO - Defaulting to user installation because normal site-packages is not writeable
Requirement already satisfied: pydantic in /home/***/.local/lib/python3.7/site-packages (from -r /opt/***/dags/requirements.txt (line 1)) (2.5.3)
Requirement already satisfied: pydantic-core==2.14.6 in /home/***/.local/lib/python3.7/site-packages (from pydantic->-r /opt/***/dags/requirements.txt (line 1)) (2.14.6)
Requirement already satisfied: annotated-types>=0.4.0 in /home/***/.local/lib/python3.7/site-packages (from pydantic->-r /opt/***/dags/requirements.txt (line 1)) (0.5.0)
Requirement already satisfied: typing-extensions>=4.6.1 in /home/***/.local/lib/python3.7/site-packages (from pydantic->-r /opt/***/dags/requirements.txt (line 1)) (4.7.1)
Requirement already satisfied: importlib-metadata in /home/***/.local/lib/python3.7/site-packages (from pydantic->-r /opt/***/dags/requirements.txt (line 1)) (4.11.3)
Requirement already satisfied: zipp>=0.5 in /home/***/.local/lib/python3.7/site-packages (from importlib-metadata->pydantic->-r /opt/***/dags/requirements.txt (line 1)) (3.8.0)

[notice] A new release of pip available: 22.1.2 -> 24.0
[notice] To update, run: python -m pip install --upgrade pip
[2024-02-21 06:27:49,341] {logging_mixin.py:115} INFO - Standard Error:
[2024-02-21 06:27:49,342] {logging_mixin.py:115} INFO - python: can't open file 'models.py': [Errno 2] No such file or directory
[2024-02-21 06:27:49,342] {python.py:173} INFO - Done. Returned value was: None
[2024-02-21 06:27:49,378] {taskinstance.py:1400} INFO - Marking task as SUCCESS. dag_id=csv_transformation_and_class_creation, task_id=run_python_script, execution_date=20240221T062740, start_date=20240221T062743, end_date=20240221T062749
[2024-02-21 06:27:49,413] {local_task_job.py:156} INFO - Task exited with return code 0
[2024-02-21 06:27:49,443] {local_task_job.py:273} INFO - 0 downstream tasks scheduled from follow-on schedule check
