[2024-03-26 06:09:28,074] {taskinstance.py:1159} INFO - Dependencies all met for <TaskInstance: bigdag.convert_xml_to_data_task 09c024f6-8a30-4bbe-bf81-21aae45afc95 [queued]>
[2024-03-26 06:09:28,100] {taskinstance.py:1159} INFO - Dependencies all met for <TaskInstance: bigdag.convert_xml_to_data_task 09c024f6-8a30-4bbe-bf81-21aae45afc95 [queued]>
[2024-03-26 06:09:28,101] {taskinstance.py:1356} INFO - 
--------------------------------------------------------------------------------
[2024-03-26 06:09:28,101] {taskinstance.py:1357} INFO - Starting attempt 1 of 2
[2024-03-26 06:09:28,102] {taskinstance.py:1358} INFO - 
--------------------------------------------------------------------------------
[2024-03-26 06:09:28,144] {taskinstance.py:1377} INFO - Executing <Task(PythonOperator): convert_xml_to_data_task> on 2024-03-26 06:09:09.581473+00:00
[2024-03-26 06:09:28,169] {standard_task_runner.py:52} INFO - Started process 486 to run task
[2024-03-26 06:09:28,183] {standard_task_runner.py:79} INFO - Running: ['***', 'tasks', 'run', 'bigdag', 'convert_xml_to_data_task', '09c024f6-8a30-4bbe-bf81-21aae45afc95', '--job-id', '1334', '--raw', '--subdir', 'DAGS_FOLDER/dags.py', '--cfg-path', '/tmp/tmpj4r0soic', '--error-file', '/tmp/tmppznf_viv']
[2024-03-26 06:09:28,185] {standard_task_runner.py:80} INFO - Job 1334: Subtask convert_xml_to_data_task
[2024-03-26 06:09:28,380] {task_command.py:369} INFO - Running <TaskInstance: bigdag.convert_xml_to_data_task 09c024f6-8a30-4bbe-bf81-21aae45afc95 [running]> on host 911e7a0235cb
[2024-03-26 06:09:28,955] {taskinstance.py:1571} INFO - Exporting the following env vars:
AIRFLOW_CTX_DAG_OWNER=***
AIRFLOW_CTX_DAG_ID=bigdag
AIRFLOW_CTX_TASK_ID=convert_xml_to_data_task
AIRFLOW_CTX_EXECUTION_DATE=2024-03-26T06:09:09.581473+00:00
AIRFLOW_CTX_TRY_NUMBER=1
AIRFLOW_CTX_DAG_RUN_ID=09c024f6-8a30-4bbe-bf81-21aae45afc95
[2024-03-26 06:09:29,060] {logging_mixin.py:115} INFO - /opt/***/dags/resources/09c024f6-8a30-4bbe-bf81-21aae45afc95/Level2_combined.csv
[2024-03-26 06:09:29,072] {logging_mixin.py:115} INFO - /opt/***/dags/resources/09c024f6-8a30-4bbe-bf81-21aae45afc95/Level2_combined.grobid.tei.xml
[2024-03-26 06:09:29,073] {logging_mixin.py:115} INFO - ['/opt/***/dags/resources/09c024f6-8a30-4bbe-bf81-21aae45afc95/Level2_combined.grobid.tei.xml']
[2024-03-26 06:09:29,078] {logging_mixin.py:115} INFO - /opt/***/dags/resources/09c024f6-8a30-4bbe-bf81-21aae45afc95/Level2_combined.grobid.tei.xml
[2024-03-26 06:09:29,114] {python.py:173} INFO - Done. Returned value was: Level2_combined.csv
[2024-03-26 06:09:29,628] {taskinstance.py:1400} INFO - Marking task as SUCCESS. dag_id=bigdag, task_id=convert_xml_to_data_task, execution_date=20240326T060909, start_date=20240326T060928, end_date=20240326T060929
[2024-03-26 06:09:29,767] {local_task_job.py:156} INFO - Task exited with return code 0
[2024-03-26 06:09:29,988] {local_task_job.py:273} INFO - 1 downstream tasks scheduled from follow-on schedule check
