[2024-03-26 06:42:32,585] {taskinstance.py:1159} INFO - Dependencies all met for <TaskInstance: bigdag.clean_task 23a4b6a5-8d92-40ae-bc5e-c6985f0ff2a2 [queued]>
[2024-03-26 06:42:32,593] {taskinstance.py:1159} INFO - Dependencies all met for <TaskInstance: bigdag.clean_task 23a4b6a5-8d92-40ae-bc5e-c6985f0ff2a2 [queued]>
[2024-03-26 06:42:32,593] {taskinstance.py:1356} INFO - 
--------------------------------------------------------------------------------
[2024-03-26 06:42:32,594] {taskinstance.py:1357} INFO - Starting attempt 1 of 2
[2024-03-26 06:42:32,594] {taskinstance.py:1358} INFO - 
--------------------------------------------------------------------------------
[2024-03-26 06:42:32,606] {taskinstance.py:1377} INFO - Executing <Task(PythonOperator): clean_task> on 2024-03-26 06:42:10.655925+00:00
[2024-03-26 06:42:32,610] {standard_task_runner.py:52} INFO - Started process 2121 to run task
[2024-03-26 06:42:32,614] {standard_task_runner.py:79} INFO - Running: ['***', 'tasks', 'run', 'bigdag', 'clean_task', '23a4b6a5-8d92-40ae-bc5e-c6985f0ff2a2', '--job-id', '1365', '--raw', '--subdir', 'DAGS_FOLDER/dags.py', '--cfg-path', '/tmp/tmpqhey8r89', '--error-file', '/tmp/tmpka922zhf']
[2024-03-26 06:42:32,615] {standard_task_runner.py:80} INFO - Job 1365: Subtask clean_task
[2024-03-26 06:42:32,660] {task_command.py:369} INFO - Running <TaskInstance: bigdag.clean_task 23a4b6a5-8d92-40ae-bc5e-c6985f0ff2a2 [running]> on host 911e7a0235cb
[2024-03-26 06:42:32,720] {taskinstance.py:1571} INFO - Exporting the following env vars:
AIRFLOW_CTX_DAG_OWNER=***
AIRFLOW_CTX_DAG_ID=bigdag
AIRFLOW_CTX_TASK_ID=clean_task
AIRFLOW_CTX_EXECUTION_DATE=2024-03-26T06:42:10.655925+00:00
AIRFLOW_CTX_TRY_NUMBER=1
AIRFLOW_CTX_DAG_RUN_ID=23a4b6a5-8d92-40ae-bc5e-c6985f0ff2a2
[2024-03-26 06:42:32,722] {python.py:173} INFO - Done. Returned value was: None
[2024-03-26 06:42:32,734] {taskinstance.py:1400} INFO - Marking task as SUCCESS. dag_id=bigdag, task_id=clean_task, execution_date=20240326T064210, start_date=20240326T064232, end_date=20240326T064232
[2024-03-26 06:42:32,754] {local_task_job.py:156} INFO - Task exited with return code 0
[2024-03-26 06:42:32,777] {local_task_job.py:273} INFO - 0 downstream tasks scheduled from follow-on schedule check
