[2024-03-27 18:58:58,262] {taskinstance.py:1159} INFO - Dependencies all met for <TaskInstance: bigdag.convert_xml_to_metadata_task d8915ad7-c541-434a-9d20-2245a1dce6b6 [queued]>
[2024-03-27 18:58:58,277] {taskinstance.py:1159} INFO - Dependencies all met for <TaskInstance: bigdag.convert_xml_to_metadata_task d8915ad7-c541-434a-9d20-2245a1dce6b6 [queued]>
[2024-03-27 18:58:58,279] {taskinstance.py:1356} INFO - 
--------------------------------------------------------------------------------
[2024-03-27 18:58:58,281] {taskinstance.py:1357} INFO - Starting attempt 1 of 2
[2024-03-27 18:58:58,282] {taskinstance.py:1358} INFO - 
--------------------------------------------------------------------------------
[2024-03-27 18:58:58,318] {taskinstance.py:1377} INFO - Executing <Task(PythonOperator): convert_xml_to_metadata_task> on 2024-03-27 18:58:33.387305+00:00
[2024-03-27 18:58:58,330] {standard_task_runner.py:52} INFO - Started process 861 to run task
[2024-03-27 18:58:58,339] {standard_task_runner.py:79} INFO - Running: ['***', 'tasks', 'run', 'bigdag', 'convert_xml_to_metadata_task', 'd8915ad7-c541-434a-9d20-2245a1dce6b6', '--job-id', '1382', '--raw', '--subdir', 'DAGS_FOLDER/dags.py', '--cfg-path', '/tmp/tmpx_d49p3s', '--error-file', '/tmp/tmpyf18fdgr']
[2024-03-27 18:58:58,341] {standard_task_runner.py:80} INFO - Job 1382: Subtask convert_xml_to_metadata_task
[2024-03-27 18:58:58,430] {task_command.py:369} INFO - Running <TaskInstance: bigdag.convert_xml_to_metadata_task d8915ad7-c541-434a-9d20-2245a1dce6b6 [running]> on host 9b878320bbfc
[2024-03-27 18:58:58,521] {taskinstance.py:1571} INFO - Exporting the following env vars:
AIRFLOW_CTX_DAG_OWNER=***
AIRFLOW_CTX_DAG_ID=bigdag
AIRFLOW_CTX_TASK_ID=convert_xml_to_metadata_task
AIRFLOW_CTX_EXECUTION_DATE=2024-03-27T18:58:33.387305+00:00
AIRFLOW_CTX_TRY_NUMBER=1
AIRFLOW_CTX_DAG_RUN_ID=d8915ad7-c541-434a-9d20-2245a1dce6b6
[2024-03-27 18:58:58,559] {logging_mixin.py:115} INFO - /opt/***/dags/resources/d8915ad7-c541-434a-9d20-2245a1dce6b6
[2024-03-27 18:58:58,560] {logging_mixin.py:115} INFO - Level1_combined_metadata.csv
[2024-03-27 18:58:58,574] {logging_mixin.py:115} INFO - Level1_combined_metadata {'Title': 'No Data', 'Publisher': 'No Data', 'AvailabilityStatus': 'unknown', 'Analytic': '', 'ImprintedDate': 'No Data', 'AppInfoDescription': 'GROBID - A machine learning software for extracting information from scholarly documents', 'Abstract': 'No Data'}
[2024-03-27 18:58:58,576] {python.py:173} INFO - Done. Returned value was: Level1_combined_metadata.csv
[2024-03-27 18:58:58,627] {taskinstance.py:1400} INFO - Marking task as SUCCESS. dag_id=bigdag, task_id=convert_xml_to_metadata_task, execution_date=20240327T185833, start_date=20240327T185858, end_date=20240327T185858
[2024-03-27 18:58:58,687] {local_task_job.py:156} INFO - Task exited with return code 0
[2024-03-27 18:58:58,815] {local_task_job.py:273} INFO - 1 downstream tasks scheduled from follow-on schedule check
