[2024-03-27 19:29:08,392] {taskinstance.py:1159} INFO - Dependencies all met for <TaskInstance: bigdag.download_from_s3 0f396986-b3a0-406c-9ce7-b779ab334115 [queued]>
[2024-03-27 19:29:08,401] {taskinstance.py:1159} INFO - Dependencies all met for <TaskInstance: bigdag.download_from_s3 0f396986-b3a0-406c-9ce7-b779ab334115 [queued]>
[2024-03-27 19:29:08,402] {taskinstance.py:1356} INFO - 
--------------------------------------------------------------------------------
[2024-03-27 19:29:08,402] {taskinstance.py:1357} INFO - Starting attempt 1 of 2
[2024-03-27 19:29:08,402] {taskinstance.py:1358} INFO - 
--------------------------------------------------------------------------------
[2024-03-27 19:29:08,415] {taskinstance.py:1377} INFO - Executing <Task(PythonOperator): download_from_s3> on 2024-03-27 19:29:04.110149+00:00
[2024-03-27 19:29:08,423] {standard_task_runner.py:52} INFO - Started process 1464 to run task
[2024-03-27 19:29:08,426] {standard_task_runner.py:79} INFO - Running: ['***', 'tasks', 'run', 'bigdag', 'download_from_s3', '0f396986-b3a0-406c-9ce7-b779ab334115', '--job-id', '1388', '--raw', '--subdir', 'DAGS_FOLDER/dags.py', '--cfg-path', '/tmp/tmpob58k1wf', '--error-file', '/tmp/tmp_w3w288t']
[2024-03-27 19:29:08,427] {standard_task_runner.py:80} INFO - Job 1388: Subtask download_from_s3
[2024-03-27 19:29:08,520] {task_command.py:369} INFO - Running <TaskInstance: bigdag.download_from_s3 0f396986-b3a0-406c-9ce7-b779ab334115 [running]> on host 9b878320bbfc
[2024-03-27 19:29:08,581] {taskinstance.py:1571} INFO - Exporting the following env vars:
AIRFLOW_CTX_DAG_OWNER=***
AIRFLOW_CTX_DAG_ID=bigdag
AIRFLOW_CTX_TASK_ID=download_from_s3
AIRFLOW_CTX_EXECUTION_DATE=2024-03-27T19:29:04.110149+00:00
AIRFLOW_CTX_TRY_NUMBER=1
AIRFLOW_CTX_DAG_RUN_ID=0f396986-b3a0-406c-9ce7-b779ab334115
[2024-03-27 19:29:08,583] {logging_mixin.py:115} INFO - /opt/***/dags
[2024-03-27 19:29:08,656] {logging_mixin.py:115} INFO - /opt/***/dags/resources/0f396986-b3a0-406c-9ce7-b779ab334115/Level1_combined.pdf
[2024-03-27 19:29:09,647] {python.py:173} INFO - Done. Returned value was: Level1_combined.pdf
[2024-03-27 19:29:09,720] {taskinstance.py:1400} INFO - Marking task as SUCCESS. dag_id=bigdag, task_id=download_from_s3, execution_date=20240327T192904, start_date=20240327T192908, end_date=20240327T192909
[2024-03-27 19:29:09,831] {local_task_job.py:156} INFO - Task exited with return code 0
[2024-03-27 19:29:09,930] {local_task_job.py:273} INFO - 1 downstream tasks scheduled from follow-on schedule check
