[2024-03-26 06:06:07,563] {taskinstance.py:1159} INFO - Dependencies all met for <TaskInstance: bigdag.extract 1a32181c-53b6-4435-8794-b63e86d3a490 [queued]>
[2024-03-26 06:06:07,570] {taskinstance.py:1159} INFO - Dependencies all met for <TaskInstance: bigdag.extract 1a32181c-53b6-4435-8794-b63e86d3a490 [queued]>
[2024-03-26 06:06:07,570] {taskinstance.py:1356} INFO - 
--------------------------------------------------------------------------------
[2024-03-26 06:06:07,570] {taskinstance.py:1357} INFO - Starting attempt 1 of 2
[2024-03-26 06:06:07,570] {taskinstance.py:1358} INFO - 
--------------------------------------------------------------------------------
[2024-03-26 06:06:07,580] {taskinstance.py:1377} INFO - Executing <Task(PythonOperator): extract> on 2024-03-26 06:06:02.981622+00:00
[2024-03-26 06:06:07,584] {standard_task_runner.py:52} INFO - Started process 268 to run task
[2024-03-26 06:06:07,587] {standard_task_runner.py:79} INFO - Running: ['***', 'tasks', 'run', 'bigdag', 'extract', '1a32181c-53b6-4435-8794-b63e86d3a490', '--job-id', '1321', '--raw', '--subdir', 'DAGS_FOLDER/dags.py', '--cfg-path', '/tmp/tmpd7fsyzys', '--error-file', '/tmp/tmpi84wmj9v']
[2024-03-26 06:06:07,589] {standard_task_runner.py:80} INFO - Job 1321: Subtask extract
[2024-03-26 06:06:07,629] {task_command.py:369} INFO - Running <TaskInstance: bigdag.extract 1a32181c-53b6-4435-8794-b63e86d3a490 [running]> on host 911e7a0235cb
[2024-03-26 06:06:07,684] {taskinstance.py:1571} INFO - Exporting the following env vars:
AIRFLOW_CTX_DAG_OWNER=***
AIRFLOW_CTX_DAG_ID=bigdag
AIRFLOW_CTX_TASK_ID=extract
AIRFLOW_CTX_EXECUTION_DATE=2024-03-26T06:06:02.981622+00:00
AIRFLOW_CTX_TRY_NUMBER=1
AIRFLOW_CTX_DAG_RUN_ID=1a32181c-53b6-4435-8794-b63e86d3a490
[2024-03-26 06:06:08,969] {logging_mixin.py:115} INFO - GROBID server is up and running
[2024-03-26 06:06:08,976] {logging_mixin.py:115} INFO - /opt/***/dags/resources/1a32181c-53b6-4435-8794-b63e86d3a490
[2024-03-26 06:06:08,984] {logging_mixin.py:115} INFO - came
[2024-03-26 06:06:09,011] {logging_mixin.py:115} INFO - ['/opt/***/dags/resources/1a32181c-53b6-4435-8794-b63e86d3a490/Level1_combined.pdf']
[2024-03-26 06:07:09,818] {logging_mixin.py:115} INFO - Processing of /opt/***/dags/resources/1a32181c-53b6-4435-8794-b63e86d3a490/Level1_combined.pdf failed with error 408 , None
[2024-03-26 06:07:10,138] {logging_mixin.py:115} INFO - Level1_combined.pdf
[2024-03-26 06:07:10,153] {python.py:173} INFO - Done. Returned value was: Level1_combined.grobid.tei.xml
[2024-03-26 06:07:10,727] {taskinstance.py:1400} INFO - Marking task as SUCCESS. dag_id=bigdag, task_id=extract, execution_date=20240326T060602, start_date=20240326T060607, end_date=20240326T060710
[2024-03-26 06:07:11,122] {local_task_job.py:156} INFO - Task exited with return code 0
[2024-03-26 06:07:11,697] {local_task_job.py:273} INFO - 0 downstream tasks scheduled from follow-on schedule check
