[2024-03-26 06:42:12,360] {taskinstance.py:1159} INFO - Dependencies all met for <TaskInstance: bigdag.download_from_s3 23a4b6a5-8d92-40ae-bc5e-c6985f0ff2a2 [queued]>
[2024-03-26 06:42:12,385] {taskinstance.py:1159} INFO - Dependencies all met for <TaskInstance: bigdag.download_from_s3 23a4b6a5-8d92-40ae-bc5e-c6985f0ff2a2 [queued]>
[2024-03-26 06:42:12,385] {taskinstance.py:1356} INFO - 
--------------------------------------------------------------------------------
[2024-03-26 06:42:12,385] {taskinstance.py:1357} INFO - Starting attempt 1 of 2
[2024-03-26 06:42:12,386] {taskinstance.py:1358} INFO - 
--------------------------------------------------------------------------------
[2024-03-26 06:42:12,398] {taskinstance.py:1377} INFO - Executing <Task(PythonOperator): download_from_s3> on 2024-03-26 06:42:10.655925+00:00
[2024-03-26 06:42:12,405] {standard_task_runner.py:52} INFO - Started process 2062 to run task
[2024-03-26 06:42:12,409] {standard_task_runner.py:79} INFO - Running: ['***', 'tasks', 'run', 'bigdag', 'download_from_s3', '23a4b6a5-8d92-40ae-bc5e-c6985f0ff2a2', '--job-id', '1357', '--raw', '--subdir', 'DAGS_FOLDER/dags.py', '--cfg-path', '/tmp/tmpfy278hl_', '--error-file', '/tmp/tmp1iq_64vj']
[2024-03-26 06:42:12,413] {standard_task_runner.py:80} INFO - Job 1357: Subtask download_from_s3
[2024-03-26 06:42:12,465] {task_command.py:369} INFO - Running <TaskInstance: bigdag.download_from_s3 23a4b6a5-8d92-40ae-bc5e-c6985f0ff2a2 [running]> on host 911e7a0235cb
[2024-03-26 06:42:12,536] {taskinstance.py:1571} INFO - Exporting the following env vars:
AIRFLOW_CTX_DAG_OWNER=***
AIRFLOW_CTX_DAG_ID=bigdag
AIRFLOW_CTX_TASK_ID=download_from_s3
AIRFLOW_CTX_EXECUTION_DATE=2024-03-26T06:42:10.655925+00:00
AIRFLOW_CTX_TRY_NUMBER=1
AIRFLOW_CTX_DAG_RUN_ID=23a4b6a5-8d92-40ae-bc5e-c6985f0ff2a2
[2024-03-26 06:42:12,537] {logging_mixin.py:115} INFO - /opt/***/dags
[2024-03-26 06:42:12,607] {logging_mixin.py:115} INFO - /opt/***/dags/resources/23a4b6a5-8d92-40ae-bc5e-c6985f0ff2a2/Level2_combined.pdf
[2024-03-26 06:42:13,495] {python.py:173} INFO - Done. Returned value was: Level2_combined.pdf
[2024-03-26 06:42:13,531] {taskinstance.py:1400} INFO - Marking task as SUCCESS. dag_id=bigdag, task_id=download_from_s3, execution_date=20240326T064210, start_date=20240326T064212, end_date=20240326T064213
[2024-03-26 06:42:13,587] {local_task_job.py:156} INFO - Task exited with return code 0
[2024-03-26 06:42:13,636] {local_task_job.py:273} INFO - 1 downstream tasks scheduled from follow-on schedule check
