[2024-03-26 06:09:16,062] {taskinstance.py:1159} INFO - Dependencies all met for <TaskInstance: bigdag.extract 09c024f6-8a30-4bbe-bf81-21aae45afc95 [queued]>
[2024-03-26 06:09:16,094] {taskinstance.py:1159} INFO - Dependencies all met for <TaskInstance: bigdag.extract 09c024f6-8a30-4bbe-bf81-21aae45afc95 [queued]>
[2024-03-26 06:09:16,095] {taskinstance.py:1356} INFO - 
--------------------------------------------------------------------------------
[2024-03-26 06:09:16,097] {taskinstance.py:1357} INFO - Starting attempt 1 of 2
[2024-03-26 06:09:16,098] {taskinstance.py:1358} INFO - 
--------------------------------------------------------------------------------
[2024-03-26 06:09:16,143] {taskinstance.py:1377} INFO - Executing <Task(PythonOperator): extract> on 2024-03-26 06:09:09.581473+00:00
[2024-03-26 06:09:16,159] {standard_task_runner.py:52} INFO - Started process 462 to run task
[2024-03-26 06:09:16,173] {standard_task_runner.py:79} INFO - Running: ['***', 'tasks', 'run', 'bigdag', 'extract', '09c024f6-8a30-4bbe-bf81-21aae45afc95', '--job-id', '1332', '--raw', '--subdir', 'DAGS_FOLDER/dags.py', '--cfg-path', '/tmp/tmp3_tqpvk0', '--error-file', '/tmp/tmp_ebma9st']
[2024-03-26 06:09:16,177] {standard_task_runner.py:80} INFO - Job 1332: Subtask extract
[2024-03-26 06:09:16,357] {task_command.py:369} INFO - Running <TaskInstance: bigdag.extract 09c024f6-8a30-4bbe-bf81-21aae45afc95 [running]> on host 911e7a0235cb
[2024-03-26 06:09:16,597] {taskinstance.py:1571} INFO - Exporting the following env vars:
AIRFLOW_CTX_DAG_OWNER=***
AIRFLOW_CTX_DAG_ID=bigdag
AIRFLOW_CTX_TASK_ID=extract
AIRFLOW_CTX_EXECUTION_DATE=2024-03-26T06:09:09.581473+00:00
AIRFLOW_CTX_TRY_NUMBER=1
AIRFLOW_CTX_DAG_RUN_ID=09c024f6-8a30-4bbe-bf81-21aae45afc95
[2024-03-26 06:09:16,797] {logging_mixin.py:115} INFO - GROBID server is up and running
[2024-03-26 06:09:16,797] {logging_mixin.py:115} INFO - /opt/***/dags/resources/09c024f6-8a30-4bbe-bf81-21aae45afc95
[2024-03-26 06:09:16,798] {logging_mixin.py:115} INFO - came
[2024-03-26 06:09:16,799] {logging_mixin.py:115} INFO - ['/opt/***/dags/resources/09c024f6-8a30-4bbe-bf81-21aae45afc95/Level2_combined.pdf']
[2024-03-26 06:09:23,058] {logging_mixin.py:115} INFO - etiti
[2024-03-26 06:09:23,241] {logging_mixin.py:115} INFO - Level2_combined.pdf
[2024-03-26 06:09:23,249] {python.py:173} INFO - Done. Returned value was: Level2_combined.grobid.tei.xml
[2024-03-26 06:09:23,396] {taskinstance.py:1400} INFO - Marking task as SUCCESS. dag_id=bigdag, task_id=extract, execution_date=20240326T060909, start_date=20240326T060916, end_date=20240326T060923
[2024-03-26 06:09:23,486] {local_task_job.py:156} INFO - Task exited with return code 0
[2024-03-26 06:09:23,631] {local_task_job.py:273} INFO - 2 downstream tasks scheduled from follow-on schedule check
