[2024-03-27 18:50:57,203] {taskinstance.py:1159} INFO - Dependencies all met for <TaskInstance: bigdag.convert_xml_to_data_task a9b5d366-a1b9-4827-8e6a-0baba9a90cdc [queued]>
[2024-03-27 18:50:57,216] {taskinstance.py:1159} INFO - Dependencies all met for <TaskInstance: bigdag.convert_xml_to_data_task a9b5d366-a1b9-4827-8e6a-0baba9a90cdc [queued]>
[2024-03-27 18:50:57,217] {taskinstance.py:1356} INFO - 
--------------------------------------------------------------------------------
[2024-03-27 18:50:57,217] {taskinstance.py:1357} INFO - Starting attempt 1 of 2
[2024-03-27 18:50:57,218] {taskinstance.py:1358} INFO - 
--------------------------------------------------------------------------------
[2024-03-27 18:50:57,234] {taskinstance.py:1377} INFO - Executing <Task(PythonOperator): convert_xml_to_data_task> on 2024-03-27 18:49:47.272206+00:00
[2024-03-27 18:50:57,242] {standard_task_runner.py:52} INFO - Started process 460 to run task
[2024-03-27 18:50:57,248] {standard_task_runner.py:79} INFO - Running: ['***', 'tasks', 'run', 'bigdag', 'convert_xml_to_data_task', 'a9b5d366-a1b9-4827-8e6a-0baba9a90cdc', '--job-id', '1373', '--raw', '--subdir', 'DAGS_FOLDER/dags.py', '--cfg-path', '/tmp/tmp7nbb68gl', '--error-file', '/tmp/tmp8ebxjpjd']
[2024-03-27 18:50:57,249] {standard_task_runner.py:80} INFO - Job 1373: Subtask convert_xml_to_data_task
[2024-03-27 18:50:57,462] {task_command.py:369} INFO - Running <TaskInstance: bigdag.convert_xml_to_data_task a9b5d366-a1b9-4827-8e6a-0baba9a90cdc [running]> on host 9b878320bbfc
[2024-03-27 18:50:57,672] {taskinstance.py:1571} INFO - Exporting the following env vars:
AIRFLOW_CTX_DAG_OWNER=***
AIRFLOW_CTX_DAG_ID=bigdag
AIRFLOW_CTX_TASK_ID=convert_xml_to_data_task
AIRFLOW_CTX_EXECUTION_DATE=2024-03-27T18:49:47.272206+00:00
AIRFLOW_CTX_TRY_NUMBER=1
AIRFLOW_CTX_DAG_RUN_ID=a9b5d366-a1b9-4827-8e6a-0baba9a90cdc
[2024-03-27 18:50:57,694] {logging_mixin.py:115} INFO - ['/opt/***/dags/resources/a9b5d366-a1b9-4827-8e6a-0baba9a90cdc/Level1_combined.grobid.tei.xml']
[2024-03-27 18:50:57,697] {logging_mixin.py:115} INFO - /opt/***/dags/resources/a9b5d366-a1b9-4827-8e6a-0baba9a90cdc/Level1_combined.grobid.tei.xml
[2024-03-27 18:50:57,706] {python.py:173} INFO - Done. Returned value was: Level1_combined.csv
[2024-03-27 18:50:57,774] {taskinstance.py:1400} INFO - Marking task as SUCCESS. dag_id=bigdag, task_id=convert_xml_to_data_task, execution_date=20240327T184947, start_date=20240327T185057, end_date=20240327T185057
[2024-03-27 18:50:57,836] {local_task_job.py:156} INFO - Task exited with return code 0
[2024-03-27 18:50:57,949] {local_task_job.py:273} INFO - 1 downstream tasks scheduled from follow-on schedule check
