[2024-03-27 18:49:55,648] {taskinstance.py:1159} INFO - Dependencies all met for <TaskInstance: bigdag.download_from_s3 a9b5d366-a1b9-4827-8e6a-0baba9a90cdc [queued]>
[2024-03-27 18:49:55,676] {taskinstance.py:1159} INFO - Dependencies all met for <TaskInstance: bigdag.download_from_s3 a9b5d366-a1b9-4827-8e6a-0baba9a90cdc [queued]>
[2024-03-27 18:49:55,677] {taskinstance.py:1356} INFO - 
--------------------------------------------------------------------------------
[2024-03-27 18:49:55,678] {taskinstance.py:1357} INFO - Starting attempt 1 of 2
[2024-03-27 18:49:55,681] {taskinstance.py:1358} INFO - 
--------------------------------------------------------------------------------
[2024-03-27 18:49:55,735] {taskinstance.py:1377} INFO - Executing <Task(PythonOperator): download_from_s3> on 2024-03-27 18:49:47.272206+00:00
[2024-03-27 18:49:55,768] {standard_task_runner.py:52} INFO - Started process 401 to run task
[2024-03-27 18:49:55,811] {standard_task_runner.py:79} INFO - Running: ['***', 'tasks', 'run', 'bigdag', 'download_from_s3', 'a9b5d366-a1b9-4827-8e6a-0baba9a90cdc', '--job-id', '1370', '--raw', '--subdir', 'DAGS_FOLDER/dags.py', '--cfg-path', '/tmp/tmp3lzdr3_d', '--error-file', '/tmp/tmpo93oom5q']
[2024-03-27 18:49:55,841] {standard_task_runner.py:80} INFO - Job 1370: Subtask download_from_s3
[2024-03-27 18:49:56,210] {task_command.py:369} INFO - Running <TaskInstance: bigdag.download_from_s3 a9b5d366-a1b9-4827-8e6a-0baba9a90cdc [running]> on host 9b878320bbfc
[2024-03-27 18:49:56,329] {taskinstance.py:1571} INFO - Exporting the following env vars:
AIRFLOW_CTX_DAG_OWNER=***
AIRFLOW_CTX_DAG_ID=bigdag
AIRFLOW_CTX_TASK_ID=download_from_s3
AIRFLOW_CTX_EXECUTION_DATE=2024-03-27T18:49:47.272206+00:00
AIRFLOW_CTX_TRY_NUMBER=1
AIRFLOW_CTX_DAG_RUN_ID=a9b5d366-a1b9-4827-8e6a-0baba9a90cdc
[2024-03-27 18:49:56,333] {logging_mixin.py:115} INFO - /opt/***/dags
[2024-03-27 18:49:56,897] {logging_mixin.py:115} INFO - /opt/***/dags/resources/a9b5d366-a1b9-4827-8e6a-0baba9a90cdc/Level1_combined.pdf
[2024-03-27 18:49:58,244] {python.py:173} INFO - Done. Returned value was: Level1_combined.pdf
[2024-03-27 18:49:58,597] {taskinstance.py:1400} INFO - Marking task as SUCCESS. dag_id=bigdag, task_id=download_from_s3, execution_date=20240327T184947, start_date=20240327T184955, end_date=20240327T184958
[2024-03-27 18:49:58,755] {local_task_job.py:156} INFO - Task exited with return code 0
[2024-03-27 18:49:59,018] {local_task_job.py:273} INFO - 0 downstream tasks scheduled from follow-on schedule check
