[2024-03-26 06:06:04,769] {taskinstance.py:1159} INFO - Dependencies all met for <TaskInstance: bigdag.download_from_s3 1a32181c-53b6-4435-8794-b63e86d3a490 [queued]>
[2024-03-26 06:06:04,777] {taskinstance.py:1159} INFO - Dependencies all met for <TaskInstance: bigdag.download_from_s3 1a32181c-53b6-4435-8794-b63e86d3a490 [queued]>
[2024-03-26 06:06:04,778] {taskinstance.py:1356} INFO - 
--------------------------------------------------------------------------------
[2024-03-26 06:06:04,778] {taskinstance.py:1357} INFO - Starting attempt 1 of 2
[2024-03-26 06:06:04,778] {taskinstance.py:1358} INFO - 
--------------------------------------------------------------------------------
[2024-03-26 06:06:04,791] {taskinstance.py:1377} INFO - Executing <Task(PythonOperator): download_from_s3> on 2024-03-26 06:06:02.981622+00:00
[2024-03-26 06:06:04,801] {standard_task_runner.py:52} INFO - Started process 256 to run task
[2024-03-26 06:06:04,823] {standard_task_runner.py:79} INFO - Running: ['***', 'tasks', 'run', 'bigdag', 'download_from_s3', '1a32181c-53b6-4435-8794-b63e86d3a490', '--job-id', '1319', '--raw', '--subdir', 'DAGS_FOLDER/dags.py', '--cfg-path', '/tmp/tmpwabyivwb', '--error-file', '/tmp/tmpmpnfh2n2']
[2024-03-26 06:06:04,825] {standard_task_runner.py:80} INFO - Job 1319: Subtask download_from_s3
[2024-03-26 06:06:04,912] {task_command.py:369} INFO - Running <TaskInstance: bigdag.download_from_s3 1a32181c-53b6-4435-8794-b63e86d3a490 [running]> on host 911e7a0235cb
[2024-03-26 06:06:04,983] {taskinstance.py:1571} INFO - Exporting the following env vars:
AIRFLOW_CTX_DAG_OWNER=***
AIRFLOW_CTX_DAG_ID=bigdag
AIRFLOW_CTX_TASK_ID=download_from_s3
AIRFLOW_CTX_EXECUTION_DATE=2024-03-26T06:06:02.981622+00:00
AIRFLOW_CTX_TRY_NUMBER=1
AIRFLOW_CTX_DAG_RUN_ID=1a32181c-53b6-4435-8794-b63e86d3a490
[2024-03-26 06:06:04,985] {logging_mixin.py:115} INFO - /opt/***/dags
[2024-03-26 06:06:05,085] {logging_mixin.py:115} INFO - /opt/***/dags/resources/1a32181c-53b6-4435-8794-b63e86d3a490/Level1_combined.pdf
[2024-03-26 06:06:06,177] {python.py:173} INFO - Done. Returned value was: Level1_combined.pdf
[2024-03-26 06:06:06,201] {taskinstance.py:1400} INFO - Marking task as SUCCESS. dag_id=bigdag, task_id=download_from_s3, execution_date=20240326T060602, start_date=20240326T060604, end_date=20240326T060606
[2024-03-26 06:06:06,235] {local_task_job.py:156} INFO - Task exited with return code 0
[2024-03-26 06:06:06,289] {local_task_job.py:273} INFO - 1 downstream tasks scheduled from follow-on schedule check
