[2024-03-27 19:38:59,150] {taskinstance.py:1159} INFO - Dependencies all met for <TaskInstance: bigdag.upload_data_to_snowflake_task d175b068-6f2a-49ad-853a-bab1a130f469 [queued]>
[2024-03-27 19:38:59,180] {taskinstance.py:1159} INFO - Dependencies all met for <TaskInstance: bigdag.upload_data_to_snowflake_task d175b068-6f2a-49ad-853a-bab1a130f469 [queued]>
[2024-03-27 19:38:59,181] {taskinstance.py:1356} INFO - 
--------------------------------------------------------------------------------
[2024-03-27 19:38:59,181] {taskinstance.py:1357} INFO - Starting attempt 1 of 2
[2024-03-27 19:38:59,184] {taskinstance.py:1358} INFO - 
--------------------------------------------------------------------------------
[2024-03-27 19:38:59,233] {taskinstance.py:1377} INFO - Executing <Task(PythonOperator): upload_data_to_snowflake_task> on 2024-03-27 19:36:59.964218+00:00
[2024-03-27 19:38:59,261] {standard_task_runner.py:52} INFO - Started process 1954 to run task
[2024-03-27 19:38:59,268] {standard_task_runner.py:79} INFO - Running: ['***', 'tasks', 'run', 'bigdag', 'upload_data_to_snowflake_task', 'd175b068-6f2a-49ad-853a-bab1a130f469', '--job-id', '1412', '--raw', '--subdir', 'DAGS_FOLDER/dags.py', '--cfg-path', '/tmp/tmp1g57rzhc', '--error-file', '/tmp/tmpvh4j9vb2']
[2024-03-27 19:38:59,270] {standard_task_runner.py:80} INFO - Job 1412: Subtask upload_data_to_snowflake_task
[2024-03-27 19:38:59,493] {task_command.py:369} INFO - Running <TaskInstance: bigdag.upload_data_to_snowflake_task d175b068-6f2a-49ad-853a-bab1a130f469 [running]> on host 9b878320bbfc
[2024-03-27 19:38:59,695] {taskinstance.py:1571} INFO - Exporting the following env vars:
AIRFLOW_CTX_DAG_OWNER=***
AIRFLOW_CTX_DAG_ID=bigdag
AIRFLOW_CTX_TASK_ID=upload_data_to_snowflake_task
AIRFLOW_CTX_EXECUTION_DATE=2024-03-27T19:36:59.964218+00:00
AIRFLOW_CTX_TRY_NUMBER=1
AIRFLOW_CTX_DAG_RUN_ID=d175b068-6f2a-49ad-853a-bab1a130f469
[2024-03-27 19:38:59,760] {logging_mixin.py:115} INFO - {'conf': <***.configuration.AirflowConfigParser object at 0xffffa6231650>, 'dag': <DAG: bigdag>, 'dag_run': <DagRun bigdag @ 2024-03-27 19:36:59.964218+00:00: d175b068-6f2a-49ad-853a-bab1a130f469, externally triggered: True>, 'data_interval_end': DateTime(2024, 3, 27, 19, 36, 59, 964218, tzinfo=Timezone('UTC')), 'data_interval_start': DateTime(2024, 3, 27, 19, 36, 59, 964218, tzinfo=Timezone('UTC')), 'ds': '2024-03-27', 'ds_nodash': '20240327', 'execution_date': <Proxy at 0xffff7fdff820 with factory functools.partial(<function lazy_mapping_from_context.<locals>._deprecated_proxy_factory at 0xffff7fdcef80>, 'execution_date', DateTime(2024, 3, 27, 19, 36, 59, 964218, tzinfo=Timezone('UTC')))>, 'inlets': [], 'logical_date': DateTime(2024, 3, 27, 19, 36, 59, 964218, tzinfo=Timezone('UTC')), 'macros': <module '***.macros' from '/home/***/.local/lib/python3.7/site-packages/***/macros/__init__.py'>, 'next_ds': <Proxy at 0xffff7fdff870 with factory functools.partial(<function lazy_mapping_from_context.<locals>._deprecated_proxy_factory at 0xffff7fdcef80>, 'next_ds', '2024-03-27')>, 'next_ds_nodash': <Proxy at 0xffff7fdff8c0 with factory functools.partial(<function lazy_mapping_from_context.<locals>._deprecated_proxy_factory at 0xffff7fdcef80>, 'next_ds_nodash', '20240327')>, 'next_execution_date': <Proxy at 0xffff7fdff910 with factory functools.partial(<function lazy_mapping_from_context.<locals>._deprecated_proxy_factory at 0xffff7fdcef80>, 'next_execution_date', DateTime(2024, 3, 27, 19, 36, 59, 964218, tzinfo=Timezone('UTC')))>, 'outlets': [], 'params': {'s3_uri': 's3://cfainstitute-learning-outcomes-raw/t1/Level2_combined.pdf'}, 'prev_data_interval_start_success': DateTime(2024, 3, 27, 19, 29, 4, 110149, tzinfo=Timezone('UTC')), 'prev_data_interval_end_success': DateTime(2024, 3, 27, 19, 29, 4, 110149, tzinfo=Timezone('UTC')), 'prev_ds': <Proxy at 0xffff7fdff960 with factory functools.partial(<function lazy_mapping_from_context.<locals>._deprecated_proxy_factory at 0xffff7fdcef80>, 'prev_ds', '2024-03-27')>, 'prev_ds_nodash': <Proxy at 0xffff7fdff9b0 with factory functools.partial(<function lazy_mapping_from_context.<locals>._deprecated_proxy_factory at 0xffff7fdcef80>, 'prev_ds_nodash', '20240327')>, 'prev_execution_date': <Proxy at 0xffff7fdffa00 with factory functools.partial(<function lazy_mapping_from_context.<locals>._deprecated_proxy_factory at 0xffff7fdcef80>, 'prev_execution_date', DateTime(2024, 3, 27, 19, 36, 59, 964218, tzinfo=Timezone('UTC')))>, 'prev_execution_date_success': <Proxy at 0xffff7fdffa50 with factory functools.partial(<function lazy_mapping_from_context.<locals>._deprecated_proxy_factory at 0xffff7fdcef80>, 'prev_execution_date_success', DateTime(2024, 3, 27, 19, 29, 4, 110149, tzinfo=Timezone('UTC')))>, 'prev_start_date_success': DateTime(2024, 3, 27, 19, 29, 5, 57421, tzinfo=Timezone('UTC')), 'run_id': 'd175b068-6f2a-49ad-853a-bab1a130f469', 'task': <Task(PythonOperator): upload_data_to_snowflake_task>, 'task_instance': <TaskInstance: bigdag.upload_data_to_snowflake_task d175b068-6f2a-49ad-853a-bab1a130f469 [running]>, 'task_instance_key_str': 'bigdag__upload_data_to_snowflake_task__20240327', 'test_mode': False, 'ti': <TaskInstance: bigdag.upload_data_to_snowflake_task d175b068-6f2a-49ad-853a-bab1a130f469 [running]>, 'tomorrow_ds': <Proxy at 0xffff7fdffaa0 with factory functools.partial(<function lazy_mapping_from_context.<locals>._deprecated_proxy_factory at 0xffff7fdcef80>, 'tomorrow_ds', '2024-03-28')>, 'tomorrow_ds_nodash': <Proxy at 0xffff7fdffaf0 with factory functools.partial(<function lazy_mapping_from_context.<locals>._deprecated_proxy_factory at 0xffff7fdcef80>, 'tomorrow_ds_nodash', '20240328')>, 'ts': '2024-03-27T19:36:59.964218+00:00', 'ts_nodash': '20240327T193659', 'ts_nodash_with_tz': '20240327T193659.964218+0000', 'var': {'json': None, 'value': None}, 'conn': None, 'yesterday_ds': <Proxy at 0xffff7fdffb40 with factory functools.partial(<function lazy_mapping_from_context.<locals>._deprecated_proxy_factory at 0xffff7fdcef80>, 'yesterday_ds', '2024-03-26')>, 'yesterday_ds_nodash': <Proxy at 0xffff7fdffb90 with factory functools.partial(<function lazy_mapping_from_context.<locals>._deprecated_proxy_factory at 0xffff7fdcef80>, 'yesterday_ds_nodash', '20240326')>, 'templates_dict': None}
[2024-03-27 19:38:59,831] {logging_mixin.py:115} INFO - Ds Level2_combined.csv
[2024-03-27 19:38:59,840] {connection.py:300} INFO - Snowflake Connector for Python Version: 3.0.4, Python Version: 3.7.13, Platform: Linux-6.6.16-linuxkit-aarch64-with-debian-11.3
[2024-03-27 19:38:59,858] {connection.py:1013} INFO - This connection is in OCSP Fail Open Mode. TLS Certificates would be checked for validity and revocation status. Any other Certificate Revocation related exceptions or OCSP Responder failures would be disregarded in favor of connectivity.
[2024-03-27 19:38:59,860] {connection.py:1030} INFO - Setting use_openssl_only mode to False
[2024-03-27 19:39:02,946] {cursor.py:806} INFO - query: [CREATE DATABASE IF NOT EXISTS CFAInstitute]
[2024-03-27 19:39:03,054] {cursor.py:819} INFO - query execution done
[2024-03-27 19:39:03,058] {cursor.py:962} INFO - Number of results in first chunk: 1
[2024-03-27 19:39:03,085] {cursor.py:806} INFO - query: [USE DATABASE CFAInstitute]
[2024-03-27 19:39:03,205] {cursor.py:819} INFO - query execution done
[2024-03-27 19:39:03,211] {cursor.py:962} INFO - Number of results in first chunk: 1
[2024-03-27 19:39:03,218] {cursor.py:806} INFO - query: [USE WAREHOUSE BIGDATA]
[2024-03-27 19:39:03,348] {cursor.py:819} INFO - query execution done
[2024-03-27 19:39:03,349] {cursor.py:962} INFO - Number of results in first chunk: 1
[2024-03-27 19:39:03,350] {cursor.py:806} INFO - query: [CREATE TABLE IF NOT EXISTS Learning_Outcomes ( Topic VARCHAR, Learning_Outcomes_...]
[2024-03-27 19:39:03,481] {cursor.py:819} INFO - query execution done
[2024-03-27 19:39:03,489] {cursor.py:962} INFO - Number of results in first chunk: 1
[2024-03-27 19:39:03,493] {cursor.py:806} INFO - query: [TRUNCATE TABLE Learning_Outcomes]
[2024-03-27 19:39:03,991] {cursor.py:819} INFO - query execution done
[2024-03-27 19:39:04,031] {cursor.py:962} INFO - Number of results in first chunk: 1
[2024-03-27 19:39:04,052] {logging_mixin.py:115} INFO - /opt/***/dags/resources/d175b068-6f2a-49ad-853a-bab1a130f469/Level2_combined.csv
[2024-03-27 19:39:04,036] {cursor.py:806} INFO - query: [PUT file:///opt/***/dags/resources/d175b068-6f2a-49ad-853a-bab1a130f469/Leve...]
[2024-03-27 19:39:04,181] {cursor.py:819} INFO - query execution done
[2024-03-27 19:39:05,552] {cursor.py:806} INFO - query: [COPY INTO Learning_Outcomes ON_ERROR=CONTINUE FILE_FORMAT = (FIELD_OPTIONALLY_EN...]
[2024-03-27 19:39:06,279] {cursor.py:819} INFO - query execution done
[2024-03-27 19:39:06,280] {cursor.py:962} INFO - Number of results in first chunk: 1
[2024-03-27 19:39:06,282] {python.py:173} INFO - Done. Returned value was: completed
[2024-03-27 19:39:06,454] {taskinstance.py:1400} INFO - Marking task as SUCCESS. dag_id=bigdag, task_id=upload_data_to_snowflake_task, execution_date=20240327T193659, start_date=20240327T193859, end_date=20240327T193906
[2024-03-27 19:39:06,564] {local_task_job.py:156} INFO - Task exited with return code 0
[2024-03-27 19:39:06,817] {local_task_job.py:273} INFO - 0 downstream tasks scheduled from follow-on schedule check
