[2024-03-26 06:38:56,779] {taskinstance.py:1159} INFO - Dependencies all met for <TaskInstance: bigdag.convert_xml_to_data_task 711fc702-cbae-49ed-8c8e-ea2138ff8713 [queued]>
[2024-03-26 06:38:56,787] {taskinstance.py:1159} INFO - Dependencies all met for <TaskInstance: bigdag.convert_xml_to_data_task 711fc702-cbae-49ed-8c8e-ea2138ff8713 [queued]>
[2024-03-26 06:38:56,787] {taskinstance.py:1356} INFO - 
--------------------------------------------------------------------------------
[2024-03-26 06:38:56,787] {taskinstance.py:1357} INFO - Starting attempt 1 of 2
[2024-03-26 06:38:56,787] {taskinstance.py:1358} INFO - 
--------------------------------------------------------------------------------
[2024-03-26 06:38:56,800] {taskinstance.py:1377} INFO - Executing <Task(PythonOperator): convert_xml_to_data_task> on 2024-03-26 06:38:43.963540+00:00
[2024-03-26 06:38:56,805] {standard_task_runner.py:52} INFO - Started process 1881 to run task
[2024-03-26 06:38:56,809] {standard_task_runner.py:79} INFO - Running: ['***', 'tasks', 'run', 'bigdag', 'convert_xml_to_data_task', '711fc702-cbae-49ed-8c8e-ea2138ff8713', '--job-id', '1351', '--raw', '--subdir', 'DAGS_FOLDER/dags.py', '--cfg-path', '/tmp/tmp9lq68n12', '--error-file', '/tmp/tmpn0kgmn3_']
[2024-03-26 06:38:56,810] {standard_task_runner.py:80} INFO - Job 1351: Subtask convert_xml_to_data_task
[2024-03-26 06:38:56,866] {task_command.py:369} INFO - Running <TaskInstance: bigdag.convert_xml_to_data_task 711fc702-cbae-49ed-8c8e-ea2138ff8713 [running]> on host 911e7a0235cb
[2024-03-26 06:38:56,941] {taskinstance.py:1571} INFO - Exporting the following env vars:
AIRFLOW_CTX_DAG_OWNER=***
AIRFLOW_CTX_DAG_ID=bigdag
AIRFLOW_CTX_TASK_ID=convert_xml_to_data_task
AIRFLOW_CTX_EXECUTION_DATE=2024-03-26T06:38:43.963540+00:00
AIRFLOW_CTX_TRY_NUMBER=1
AIRFLOW_CTX_DAG_RUN_ID=711fc702-cbae-49ed-8c8e-ea2138ff8713
[2024-03-26 06:38:56,953] {logging_mixin.py:115} INFO - /opt/***/dags/resources/711fc702-cbae-49ed-8c8e-ea2138ff8713/Level1_combined.csv
[2024-03-26 06:38:56,953] {logging_mixin.py:115} INFO - /opt/***/dags/resources/711fc702-cbae-49ed-8c8e-ea2138ff8713/Level1_combined.grobid.tei.xml
[2024-03-26 06:38:56,954] {logging_mixin.py:115} INFO - ['/opt/***/dags/resources/711fc702-cbae-49ed-8c8e-ea2138ff8713/Level1_combined.grobid.tei.xml']
[2024-03-26 06:38:56,955] {logging_mixin.py:115} INFO - /opt/***/dags/resources/711fc702-cbae-49ed-8c8e-ea2138ff8713/Level1_combined.grobid.tei.xml
[2024-03-26 06:38:56,961] {python.py:173} INFO - Done. Returned value was: Level1_combined.csv
[2024-03-26 06:38:56,986] {taskinstance.py:1400} INFO - Marking task as SUCCESS. dag_id=bigdag, task_id=convert_xml_to_data_task, execution_date=20240326T063843, start_date=20240326T063856, end_date=20240326T063856
[2024-03-26 06:38:57,029] {local_task_job.py:156} INFO - Task exited with return code 0
[2024-03-26 06:38:57,105] {local_task_job.py:273} INFO - 1 downstream tasks scheduled from follow-on schedule check
