[2024-03-27 19:38:11,572] {taskinstance.py:1159} INFO - Dependencies all met for <TaskInstance: bigdag.convert_xml_to_metadata_task e7f58b86-0895-4fbf-a3e6-21586f398e61 [queued]>
[2024-03-27 19:38:11,605] {taskinstance.py:1159} INFO - Dependencies all met for <TaskInstance: bigdag.convert_xml_to_metadata_task e7f58b86-0895-4fbf-a3e6-21586f398e61 [queued]>
[2024-03-27 19:38:11,607] {taskinstance.py:1356} INFO - 
--------------------------------------------------------------------------------
[2024-03-27 19:38:11,608] {taskinstance.py:1357} INFO - Starting attempt 1 of 2
[2024-03-27 19:38:11,608] {taskinstance.py:1358} INFO - 
--------------------------------------------------------------------------------
[2024-03-27 19:38:11,693] {taskinstance.py:1377} INFO - Executing <Task(PythonOperator): convert_xml_to_metadata_task> on 2024-03-27 19:37:00.375164+00:00
[2024-03-27 19:38:11,741] {standard_task_runner.py:52} INFO - Started process 1901 to run task
[2024-03-27 19:38:11,851] {standard_task_runner.py:79} INFO - Running: ['***', 'tasks', 'run', 'bigdag', 'convert_xml_to_metadata_task', 'e7f58b86-0895-4fbf-a3e6-21586f398e61', '--job-id', '1401', '--raw', '--subdir', 'DAGS_FOLDER/dags.py', '--cfg-path', '/tmp/tmpgzs1zxx0', '--error-file', '/tmp/tmpthn0of_w']
[2024-03-27 19:38:11,863] {standard_task_runner.py:80} INFO - Job 1401: Subtask convert_xml_to_metadata_task
[2024-03-27 19:38:12,777] {task_command.py:369} INFO - Running <TaskInstance: bigdag.convert_xml_to_metadata_task e7f58b86-0895-4fbf-a3e6-21586f398e61 [running]> on host 9b878320bbfc
[2024-03-27 19:38:13,965] {taskinstance.py:1571} INFO - Exporting the following env vars:
AIRFLOW_CTX_DAG_OWNER=***
AIRFLOW_CTX_DAG_ID=bigdag
AIRFLOW_CTX_TASK_ID=convert_xml_to_metadata_task
AIRFLOW_CTX_EXECUTION_DATE=2024-03-27T19:37:00.375164+00:00
AIRFLOW_CTX_TRY_NUMBER=1
AIRFLOW_CTX_DAG_RUN_ID=e7f58b86-0895-4fbf-a3e6-21586f398e61
[2024-03-27 19:38:14,081] {logging_mixin.py:115} INFO - /opt/***/dags/resources/e7f58b86-0895-4fbf-a3e6-21586f398e61
[2024-03-27 19:38:14,091] {logging_mixin.py:115} INFO - Level1_combined_metadata.csv
[2024-03-27 19:38:14,234] {logging_mixin.py:115} INFO - Level1_combined_metadata {'Title': 'No Data', 'Publisher': 'No Data', 'AvailabilityStatus': 'unknown', 'Analytic': '', 'ImprintedDate': 'No Data', 'AppInfoDescription': 'GROBID - A machine learning software for extracting information from scholarly documents', 'Abstract': 'No Data'}
[2024-03-27 19:38:14,248] {python.py:173} INFO - Done. Returned value was: Level1_combined_metadata.csv
[2024-03-27 19:38:14,772] {taskinstance.py:1400} INFO - Marking task as SUCCESS. dag_id=bigdag, task_id=convert_xml_to_metadata_task, execution_date=20240327T193700, start_date=20240327T193811, end_date=20240327T193814
[2024-03-27 19:38:15,158] {local_task_job.py:156} INFO - Task exited with return code 0
[2024-03-27 19:38:16,279] {local_task_job.py:273} INFO - 1 downstream tasks scheduled from follow-on schedule check
