[2024-02-21 06:14:02,654] {taskinstance.py:1159} INFO - Dependencies all met for <TaskInstance: csv_transformation_and_class_creation.run_python_script manual__2024-02-21T06:14:00.517855+00:00 [queued]>
[2024-02-21 06:14:02,662] {taskinstance.py:1159} INFO - Dependencies all met for <TaskInstance: csv_transformation_and_class_creation.run_python_script manual__2024-02-21T06:14:00.517855+00:00 [queued]>
[2024-02-21 06:14:02,662] {taskinstance.py:1356} INFO - 
--------------------------------------------------------------------------------
[2024-02-21 06:14:02,662] {taskinstance.py:1357} INFO - Starting attempt 1 of 2
[2024-02-21 06:14:02,663] {taskinstance.py:1358} INFO - 
--------------------------------------------------------------------------------
[2024-02-21 06:14:02,672] {taskinstance.py:1377} INFO - Executing <Task(PythonOperator): run_python_script> on 2024-02-21 06:14:00.517855+00:00
[2024-02-21 06:14:02,674] {standard_task_runner.py:52} INFO - Started process 4224 to run task
[2024-02-21 06:14:02,678] {standard_task_runner.py:79} INFO - Running: ['***', 'tasks', 'run', 'csv_transformation_and_class_creation', 'run_python_script', 'manual__2024-02-21T06:14:00.517855+00:00', '--job-id', '80', '--raw', '--subdir', 'DAGS_FOLDER/dags.py', '--cfg-path', '/tmp/tmpot2w8kmg', '--error-file', '/tmp/tmp90sc3vob']
[2024-02-21 06:14:02,678] {standard_task_runner.py:80} INFO - Job 80: Subtask run_python_script
[2024-02-21 06:14:02,714] {task_command.py:369} INFO - Running <TaskInstance: csv_transformation_and_class_creation.run_python_script manual__2024-02-21T06:14:00.517855+00:00 [running]> on host 7f99983bc7dc
[2024-02-21 06:14:02,762] {taskinstance.py:1571} INFO - Exporting the following env vars:
AIRFLOW_CTX_DAG_OWNER=***
AIRFLOW_CTX_DAG_ID=csv_transformation_and_class_creation
AIRFLOW_CTX_TASK_ID=run_python_script
AIRFLOW_CTX_EXECUTION_DATE=2024-02-21T06:14:00.517855+00:00
AIRFLOW_CTX_TRY_NUMBER=1
AIRFLOW_CTX_DAG_RUN_ID=manual__2024-02-21T06:14:00.517855+00:00
[2024-02-21 06:14:02,770] {logging_mixin.py:115} INFO - jsjsjsjsj
[2024-02-21 06:14:02,770] {logging_mixin.py:115} INFO - Standard Output:
[2024-02-21 06:14:02,770] {logging_mixin.py:115} INFO - Standard Error:
[2024-02-21 06:14:02,771] {logging_mixin.py:115} INFO - /bin/sh: 1: source: Permission denied
[2024-02-21 06:14:02,771] {python.py:173} INFO - Done. Returned value was: None
[2024-02-21 06:14:02,782] {taskinstance.py:1400} INFO - Marking task as SUCCESS. dag_id=csv_transformation_and_class_creation, task_id=run_python_script, execution_date=20240221T061400, start_date=20240221T061402, end_date=20240221T061402
[2024-02-21 06:14:02,823] {local_task_job.py:156} INFO - Task exited with return code 0
[2024-02-21 06:14:02,852] {local_task_job.py:273} INFO - 0 downstream tasks scheduled from follow-on schedule check
