[2024-03-26 06:09:45,086] {taskinstance.py:1159} INFO - Dependencies all met for <TaskInstance: bigdag.clean_task 09c024f6-8a30-4bbe-bf81-21aae45afc95 [queued]>
[2024-03-26 06:09:45,098] {taskinstance.py:1159} INFO - Dependencies all met for <TaskInstance: bigdag.clean_task 09c024f6-8a30-4bbe-bf81-21aae45afc95 [queued]>
[2024-03-26 06:09:45,099] {taskinstance.py:1356} INFO - 
--------------------------------------------------------------------------------
[2024-03-26 06:09:45,099] {taskinstance.py:1357} INFO - Starting attempt 1 of 2
[2024-03-26 06:09:45,099] {taskinstance.py:1358} INFO - 
--------------------------------------------------------------------------------
[2024-03-26 06:09:45,109] {taskinstance.py:1377} INFO - Executing <Task(PythonOperator): clean_task> on 2024-03-26 06:09:09.581473+00:00
[2024-03-26 06:09:45,115] {standard_task_runner.py:52} INFO - Started process 548 to run task
[2024-03-26 06:09:45,119] {standard_task_runner.py:79} INFO - Running: ['***', 'tasks', 'run', 'bigdag', 'clean_task', '09c024f6-8a30-4bbe-bf81-21aae45afc95', '--job-id', '1347', '--raw', '--subdir', 'DAGS_FOLDER/dags.py', '--cfg-path', '/tmp/tmp016b7wh9', '--error-file', '/tmp/tmpkerh8p_k']
[2024-03-26 06:09:45,120] {standard_task_runner.py:80} INFO - Job 1347: Subtask clean_task
[2024-03-26 06:09:45,171] {task_command.py:369} INFO - Running <TaskInstance: bigdag.clean_task 09c024f6-8a30-4bbe-bf81-21aae45afc95 [running]> on host 911e7a0235cb
[2024-03-26 06:09:45,247] {taskinstance.py:1571} INFO - Exporting the following env vars:
AIRFLOW_CTX_DAG_OWNER=***
AIRFLOW_CTX_DAG_ID=bigdag
AIRFLOW_CTX_TASK_ID=clean_task
AIRFLOW_CTX_EXECUTION_DATE=2024-03-26T06:09:09.581473+00:00
AIRFLOW_CTX_TRY_NUMBER=1
AIRFLOW_CTX_DAG_RUN_ID=09c024f6-8a30-4bbe-bf81-21aae45afc95
[2024-03-26 06:09:45,323] {python.py:173} INFO - Done. Returned value was: None
[2024-03-26 06:09:45,425] {taskinstance.py:1400} INFO - Marking task as SUCCESS. dag_id=bigdag, task_id=clean_task, execution_date=20240326T060909, start_date=20240326T060945, end_date=20240326T060945
[2024-03-26 06:09:45,519] {local_task_job.py:156} INFO - Task exited with return code 0
[2024-03-26 06:09:45,560] {local_task_job.py:273} INFO - 0 downstream tasks scheduled from follow-on schedule check
