[2024-02-21 05:37:48,450] {taskinstance.py:1159} INFO - Dependencies all met for <TaskInstance: csv_transformation_and_class_creation.transform_csv_task manual__2024-02-21T05:37:47.582204+00:00 [queued]>
[2024-02-21 05:37:48,457] {taskinstance.py:1159} INFO - Dependencies all met for <TaskInstance: csv_transformation_and_class_creation.transform_csv_task manual__2024-02-21T05:37:47.582204+00:00 [queued]>
[2024-02-21 05:37:48,457] {taskinstance.py:1356} INFO - 
--------------------------------------------------------------------------------
[2024-02-21 05:37:48,458] {taskinstance.py:1357} INFO - Starting attempt 1 of 2
[2024-02-21 05:37:48,458] {taskinstance.py:1358} INFO - 
--------------------------------------------------------------------------------
[2024-02-21 05:37:48,468] {taskinstance.py:1377} INFO - Executing <Task(PythonOperator): transform_csv_task> on 2024-02-21 05:37:47.582204+00:00
[2024-02-21 05:37:48,471] {standard_task_runner.py:52} INFO - Started process 2404 to run task
[2024-02-21 05:37:48,474] {standard_task_runner.py:79} INFO - Running: ['***', 'tasks', 'run', 'csv_transformation_and_class_creation', 'transform_csv_task', 'manual__2024-02-21T05:37:47.582204+00:00', '--job-id', '30', '--raw', '--subdir', 'DAGS_FOLDER/dags.py', '--cfg-path', '/tmp/tmp8l09kdqc', '--error-file', '/tmp/tmp10roze9n']
[2024-02-21 05:37:48,474] {standard_task_runner.py:80} INFO - Job 30: Subtask transform_csv_task
[2024-02-21 05:37:48,517] {task_command.py:369} INFO - Running <TaskInstance: csv_transformation_and_class_creation.transform_csv_task manual__2024-02-21T05:37:47.582204+00:00 [running]> on host 7f99983bc7dc
[2024-02-21 05:37:48,581] {taskinstance.py:1571} INFO - Exporting the following env vars:
AIRFLOW_CTX_DAG_OWNER=***
AIRFLOW_CTX_DAG_ID=csv_transformation_and_class_creation
AIRFLOW_CTX_TASK_ID=transform_csv_task
AIRFLOW_CTX_EXECUTION_DATE=2024-02-21T05:37:47.582204+00:00
AIRFLOW_CTX_TRY_NUMBER=1
AIRFLOW_CTX_DAG_RUN_ID=manual__2024-02-21T05:37:47.582204+00:00
[2024-02-21 05:37:48,919] {python.py:173} INFO - Done. Returned value was: None
[2024-02-21 05:37:48,931] {taskinstance.py:1400} INFO - Marking task as SUCCESS. dag_id=csv_transformation_and_class_creation, task_id=transform_csv_task, execution_date=20240221T053747, start_date=20240221T053748, end_date=20240221T053748
[2024-02-21 05:37:48,985] {local_task_job.py:156} INFO - Task exited with return code 0
[2024-02-21 05:37:49,015] {local_task_job.py:273} INFO - 1 downstream tasks scheduled from follow-on schedule check
