[2024-03-27 18:50:01,263] {taskinstance.py:1159} INFO - Dependencies all met for <TaskInstance: bigdag.extract a9b5d366-a1b9-4827-8e6a-0baba9a90cdc [queued]>
[2024-03-27 18:50:01,275] {taskinstance.py:1159} INFO - Dependencies all met for <TaskInstance: bigdag.extract a9b5d366-a1b9-4827-8e6a-0baba9a90cdc [queued]>
[2024-03-27 18:50:01,276] {taskinstance.py:1356} INFO - 
--------------------------------------------------------------------------------
[2024-03-27 18:50:01,276] {taskinstance.py:1357} INFO - Starting attempt 1 of 2
[2024-03-27 18:50:01,276] {taskinstance.py:1358} INFO - 
--------------------------------------------------------------------------------
[2024-03-27 18:50:01,290] {taskinstance.py:1377} INFO - Executing <Task(PythonOperator): extract> on 2024-03-27 18:49:47.272206+00:00
[2024-03-27 18:50:01,296] {standard_task_runner.py:52} INFO - Started process 407 to run task
[2024-03-27 18:50:01,303] {standard_task_runner.py:79} INFO - Running: ['***', 'tasks', 'run', 'bigdag', 'extract', 'a9b5d366-a1b9-4827-8e6a-0baba9a90cdc', '--job-id', '1371', '--raw', '--subdir', 'DAGS_FOLDER/dags.py', '--cfg-path', '/tmp/tmpmzetgj6l', '--error-file', '/tmp/tmpytcuggz3']
[2024-03-27 18:50:01,304] {standard_task_runner.py:80} INFO - Job 1371: Subtask extract
[2024-03-27 18:50:01,401] {task_command.py:369} INFO - Running <TaskInstance: bigdag.extract a9b5d366-a1b9-4827-8e6a-0baba9a90cdc [running]> on host 9b878320bbfc
[2024-03-27 18:50:01,473] {taskinstance.py:1571} INFO - Exporting the following env vars:
AIRFLOW_CTX_DAG_OWNER=***
AIRFLOW_CTX_DAG_ID=bigdag
AIRFLOW_CTX_TASK_ID=extract
AIRFLOW_CTX_EXECUTION_DATE=2024-03-27T18:49:47.272206+00:00
AIRFLOW_CTX_TRY_NUMBER=1
AIRFLOW_CTX_DAG_RUN_ID=a9b5d366-a1b9-4827-8e6a-0baba9a90cdc
[2024-03-27 18:50:03,142] {logging_mixin.py:115} INFO - GROBID server is up and running
[2024-03-27 18:50:03,143] {logging_mixin.py:115} INFO - /opt/***/dags/resources/a9b5d366-a1b9-4827-8e6a-0baba9a90cdc
[2024-03-27 18:50:03,144] {logging_mixin.py:115} INFO - came
[2024-03-27 18:50:03,145] {logging_mixin.py:115} INFO - ['/opt/***/dags/resources/a9b5d366-a1b9-4827-8e6a-0baba9a90cdc/Level1_combined.pdf']
[2024-03-27 18:50:50,974] {logging_mixin.py:115} INFO - etiti
[2024-03-27 18:50:51,033] {logging_mixin.py:115} INFO - Level1_combined.pdf
[2024-03-27 18:50:51,036] {python.py:173} INFO - Done. Returned value was: Level1_combined.grobid.tei.xml
[2024-03-27 18:50:51,140] {taskinstance.py:1400} INFO - Marking task as SUCCESS. dag_id=bigdag, task_id=extract, execution_date=20240327T184947, start_date=20240327T185001, end_date=20240327T185051
[2024-03-27 18:50:51,228] {local_task_job.py:156} INFO - Task exited with return code 0
[2024-03-27 18:50:51,378] {local_task_job.py:273} INFO - 0 downstream tasks scheduled from follow-on schedule check
