[2024-03-26 06:42:21,416] {taskinstance.py:1159} INFO - Dependencies all met for <TaskInstance: bigdag.convert_xml_to_metadata_task 23a4b6a5-8d92-40ae-bc5e-c6985f0ff2a2 [queued]>
[2024-03-26 06:42:21,425] {taskinstance.py:1159} INFO - Dependencies all met for <TaskInstance: bigdag.convert_xml_to_metadata_task 23a4b6a5-8d92-40ae-bc5e-c6985f0ff2a2 [queued]>
[2024-03-26 06:42:21,426] {taskinstance.py:1356} INFO - 
--------------------------------------------------------------------------------
[2024-03-26 06:42:21,426] {taskinstance.py:1357} INFO - Starting attempt 1 of 2
[2024-03-26 06:42:21,427] {taskinstance.py:1358} INFO - 
--------------------------------------------------------------------------------
[2024-03-26 06:42:21,442] {taskinstance.py:1377} INFO - Executing <Task(PythonOperator): convert_xml_to_metadata_task> on 2024-03-26 06:42:10.655925+00:00
[2024-03-26 06:42:21,448] {standard_task_runner.py:52} INFO - Started process 2086 to run task
[2024-03-26 06:42:21,452] {standard_task_runner.py:79} INFO - Running: ['***', 'tasks', 'run', 'bigdag', 'convert_xml_to_metadata_task', '23a4b6a5-8d92-40ae-bc5e-c6985f0ff2a2', '--job-id', '1359', '--raw', '--subdir', 'DAGS_FOLDER/dags.py', '--cfg-path', '/tmp/tmppu7md9y6', '--error-file', '/tmp/tmp68smxh8d']
[2024-03-26 06:42:21,453] {standard_task_runner.py:80} INFO - Job 1359: Subtask convert_xml_to_metadata_task
[2024-03-26 06:42:21,522] {task_command.py:369} INFO - Running <TaskInstance: bigdag.convert_xml_to_metadata_task 23a4b6a5-8d92-40ae-bc5e-c6985f0ff2a2 [running]> on host 911e7a0235cb
[2024-03-26 06:42:21,583] {taskinstance.py:1571} INFO - Exporting the following env vars:
AIRFLOW_CTX_DAG_OWNER=***
AIRFLOW_CTX_DAG_ID=bigdag
AIRFLOW_CTX_TASK_ID=convert_xml_to_metadata_task
AIRFLOW_CTX_EXECUTION_DATE=2024-03-26T06:42:10.655925+00:00
AIRFLOW_CTX_TRY_NUMBER=1
AIRFLOW_CTX_DAG_RUN_ID=23a4b6a5-8d92-40ae-bc5e-c6985f0ff2a2
[2024-03-26 06:42:21,591] {logging_mixin.py:115} INFO - /opt/***/dags/resources/23a4b6a5-8d92-40ae-bc5e-c6985f0ff2a2
[2024-03-26 06:42:21,593] {logging_mixin.py:115} INFO - Level2_combined_metadata.csv
[2024-03-26 06:42:21,596] {logging_mixin.py:115} INFO - Level2_combined_metadata {'Title': 'No Data', 'Publisher': 'No Data', 'AvailabilityStatus': 'unknown', 'Analytic': '', 'ImprintedDate': 'No Data', 'AppInfoDescription': 'GROBID - A machine learning software for extracting information from scholarly documents', 'Abstract': 'No Data'}
[2024-03-26 06:42:21,596] {python.py:173} INFO - Done. Returned value was: Level2_combined_metadata.csv
[2024-03-26 06:42:21,619] {taskinstance.py:1400} INFO - Marking task as SUCCESS. dag_id=bigdag, task_id=convert_xml_to_metadata_task, execution_date=20240326T064210, start_date=20240326T064221, end_date=20240326T064221
[2024-03-26 06:42:21,631] {local_task_job.py:156} INFO - Task exited with return code 0
[2024-03-26 06:42:21,666] {local_task_job.py:273} INFO - 1 downstream tasks scheduled from follow-on schedule check
