[2024-03-27 18:51:02,973] {taskinstance.py:1159} INFO - Dependencies all met for <TaskInstance: bigdag.upload_data_to_snowflake_task a9b5d366-a1b9-4827-8e6a-0baba9a90cdc [queued]>
[2024-03-27 18:51:02,980] {taskinstance.py:1159} INFO - Dependencies all met for <TaskInstance: bigdag.upload_data_to_snowflake_task a9b5d366-a1b9-4827-8e6a-0baba9a90cdc [queued]>
[2024-03-27 18:51:02,981] {taskinstance.py:1356} INFO - 
--------------------------------------------------------------------------------
[2024-03-27 18:51:02,981] {taskinstance.py:1357} INFO - Starting attempt 1 of 2
[2024-03-27 18:51:02,981] {taskinstance.py:1358} INFO - 
--------------------------------------------------------------------------------
[2024-03-27 18:51:02,991] {taskinstance.py:1377} INFO - Executing <Task(PythonOperator): upload_data_to_snowflake_task> on 2024-03-27 18:49:47.272206+00:00
[2024-03-27 18:51:02,997] {standard_task_runner.py:52} INFO - Started process 475 to run task
[2024-03-27 18:51:03,001] {standard_task_runner.py:79} INFO - Running: ['***', 'tasks', 'run', 'bigdag', 'upload_data_to_snowflake_task', 'a9b5d366-a1b9-4827-8e6a-0baba9a90cdc', '--job-id', '1376', '--raw', '--subdir', 'DAGS_FOLDER/dags.py', '--cfg-path', '/tmp/tmp2xyrhs1e', '--error-file', '/tmp/tmpg8b_apu8']
[2024-03-27 18:51:03,003] {standard_task_runner.py:80} INFO - Job 1376: Subtask upload_data_to_snowflake_task
[2024-03-27 18:51:03,047] {task_command.py:369} INFO - Running <TaskInstance: bigdag.upload_data_to_snowflake_task a9b5d366-a1b9-4827-8e6a-0baba9a90cdc [running]> on host 9b878320bbfc
[2024-03-27 18:51:03,102] {taskinstance.py:1571} INFO - Exporting the following env vars:
AIRFLOW_CTX_DAG_OWNER=***
AIRFLOW_CTX_DAG_ID=bigdag
AIRFLOW_CTX_TASK_ID=upload_data_to_snowflake_task
AIRFLOW_CTX_EXECUTION_DATE=2024-03-27T18:49:47.272206+00:00
AIRFLOW_CTX_TRY_NUMBER=1
AIRFLOW_CTX_DAG_RUN_ID=a9b5d366-a1b9-4827-8e6a-0baba9a90cdc
[2024-03-27 18:51:03,103] {logging_mixin.py:115} INFO - {'conf': <***.configuration.AirflowConfigParser object at 0xffffa6231650>, 'dag': <DAG: bigdag>, 'dag_run': <DagRun bigdag @ 2024-03-27 18:49:47.272206+00:00: a9b5d366-a1b9-4827-8e6a-0baba9a90cdc, externally triggered: True>, 'data_interval_end': DateTime(2024, 3, 27, 18, 49, 47, 272206, tzinfo=Timezone('UTC')), 'data_interval_start': DateTime(2024, 3, 27, 18, 49, 47, 272206, tzinfo=Timezone('UTC')), 'ds': '2024-03-27', 'ds_nodash': '20240327', 'execution_date': <Proxy at 0xffff801b1b40 with factory functools.partial(<function lazy_mapping_from_context.<locals>._deprecated_proxy_factory at 0xffff82d2add0>, 'execution_date', DateTime(2024, 3, 27, 18, 49, 47, 272206, tzinfo=Timezone('UTC')))>, 'inlets': [], 'logical_date': DateTime(2024, 3, 27, 18, 49, 47, 272206, tzinfo=Timezone('UTC')), 'macros': <module '***.macros' from '/home/***/.local/lib/python3.7/site-packages/***/macros/__init__.py'>, 'next_ds': <Proxy at 0xffff801b1b90 with factory functools.partial(<function lazy_mapping_from_context.<locals>._deprecated_proxy_factory at 0xffff82d2add0>, 'next_ds', '2024-03-27')>, 'next_ds_nodash': <Proxy at 0xffff801b1be0 with factory functools.partial(<function lazy_mapping_from_context.<locals>._deprecated_proxy_factory at 0xffff82d2add0>, 'next_ds_nodash', '20240327')>, 'next_execution_date': <Proxy at 0xffff801b1c30 with factory functools.partial(<function lazy_mapping_from_context.<locals>._deprecated_proxy_factory at 0xffff82d2add0>, 'next_execution_date', DateTime(2024, 3, 27, 18, 49, 47, 272206, tzinfo=Timezone('UTC')))>, 'outlets': [], 'params': {'s3_uri': 's3://cfainstitute-learning-outcomes-raw/t1/Level1_combined.pdf'}, 'prev_data_interval_start_success': DateTime(2024, 3, 26, 6, 42, 10, 655925, tzinfo=Timezone('UTC')), 'prev_data_interval_end_success': DateTime(2024, 3, 26, 6, 42, 10, 655925, tzinfo=Timezone('UTC')), 'prev_ds': <Proxy at 0xffff801b1c80 with factory functools.partial(<function lazy_mapping_from_context.<locals>._deprecated_proxy_factory at 0xffff82d2add0>, 'prev_ds', '2024-03-27')>, 'prev_ds_nodash': <Proxy at 0xffff801b1cd0 with factory functools.partial(<function lazy_mapping_from_context.<locals>._deprecated_proxy_factory at 0xffff82d2add0>, 'prev_ds_nodash', '20240327')>, 'prev_execution_date': <Proxy at 0xffff801b1d20 with factory functools.partial(<function lazy_mapping_from_context.<locals>._deprecated_proxy_factory at 0xffff82d2add0>, 'prev_execution_date', DateTime(2024, 3, 27, 18, 49, 47, 272206, tzinfo=Timezone('UTC')))>, 'prev_execution_date_success': <Proxy at 0xffff801b1d70 with factory functools.partial(<function lazy_mapping_from_context.<locals>._deprecated_proxy_factory at 0xffff82d2add0>, 'prev_execution_date_success', DateTime(2024, 3, 26, 6, 42, 10, 655925, tzinfo=Timezone('UTC')))>, 'prev_start_date_success': DateTime(2024, 3, 26, 6, 42, 11, 125575, tzinfo=Timezone('UTC')), 'run_id': 'a9b5d366-a1b9-4827-8e6a-0baba9a90cdc', 'task': <Task(PythonOperator): upload_data_to_snowflake_task>, 'task_instance': <TaskInstance: bigdag.upload_data_to_snowflake_task a9b5d366-a1b9-4827-8e6a-0baba9a90cdc [running]>, 'task_instance_key_str': 'bigdag__upload_data_to_snowflake_task__20240327', 'test_mode': False, 'ti': <TaskInstance: bigdag.upload_data_to_snowflake_task a9b5d366-a1b9-4827-8e6a-0baba9a90cdc [running]>, 'tomorrow_ds': <Proxy at 0xffff801b1dc0 with factory functools.partial(<function lazy_mapping_from_context.<locals>._deprecated_proxy_factory at 0xffff82d2add0>, 'tomorrow_ds', '2024-03-28')>, 'tomorrow_ds_nodash': <Proxy at 0xffff801b1e10 with factory functools.partial(<function lazy_mapping_from_context.<locals>._deprecated_proxy_factory at 0xffff82d2add0>, 'tomorrow_ds_nodash', '20240328')>, 'ts': '2024-03-27T18:49:47.272206+00:00', 'ts_nodash': '20240327T184947', 'ts_nodash_with_tz': '20240327T184947.272206+0000', 'var': {'json': None, 'value': None}, 'conn': None, 'yesterday_ds': <Proxy at 0xffff801b1e60 with factory functools.partial(<function lazy_mapping_from_context.<locals>._deprecated_proxy_factory at 0xffff82d2add0>, 'yesterday_ds', '2024-03-26')>, 'yesterday_ds_nodash': <Proxy at 0xffff801b1eb0 with factory functools.partial(<function lazy_mapping_from_context.<locals>._deprecated_proxy_factory at 0xffff82d2add0>, 'yesterday_ds_nodash', '20240326')>, 'templates_dict': None}
[2024-03-27 18:51:03,111] {logging_mixin.py:115} INFO - Ds Level1_combined.csv
[2024-03-27 18:51:03,111] {connection.py:300} INFO - Snowflake Connector for Python Version: 3.0.4, Python Version: 3.7.13, Platform: Linux-6.6.16-linuxkit-aarch64-with-debian-11.3
[2024-03-27 18:51:03,112] {connection.py:1013} INFO - This connection is in OCSP Fail Open Mode. TLS Certificates would be checked for validity and revocation status. Any other Certificate Revocation related exceptions or OCSP Responder failures would be disregarded in favor of connectivity.
[2024-03-27 18:51:03,112] {connection.py:1030} INFO - Setting use_openssl_only mode to False
[2024-03-27 18:51:04,342] {cursor.py:806} INFO - query: [CREATE DATABASE IF NOT EXISTS CFAInstitute]
[2024-03-27 18:51:04,532] {cursor.py:819} INFO - query execution done
[2024-03-27 18:51:04,532] {cursor.py:962} INFO - Number of results in first chunk: 1
[2024-03-27 18:51:04,534] {cursor.py:806} INFO - query: [USE DATABASE CFAInstitute]
[2024-03-27 18:51:04,805] {cursor.py:819} INFO - query execution done
[2024-03-27 18:51:04,806] {cursor.py:962} INFO - Number of results in first chunk: 1
[2024-03-27 18:51:04,807] {cursor.py:806} INFO - query: [USE WAREHOUSE BIGDATA]
[2024-03-27 18:51:04,887] {cursor.py:819} INFO - query execution done
[2024-03-27 18:51:04,888] {cursor.py:962} INFO - Number of results in first chunk: 1
[2024-03-27 18:51:04,888] {cursor.py:806} INFO - query: [CREATE TABLE IF NOT EXISTS Learning_Outcomes ( Topic VARCHAR, Learning_Outcomes_...]
[2024-03-27 18:51:05,200] {cursor.py:819} INFO - query execution done
[2024-03-27 18:51:05,201] {cursor.py:962} INFO - Number of results in first chunk: 1
[2024-03-27 18:51:05,201] {cursor.py:806} INFO - query: [TRUNCATE TABLE Learning_Outcomes]
[2024-03-27 18:51:05,774] {cursor.py:819} INFO - query execution done
[2024-03-27 18:51:05,781] {cursor.py:962} INFO - Number of results in first chunk: 1
[2024-03-27 18:51:05,782] {logging_mixin.py:115} INFO - /opt/***/dags/resources/a9b5d366-a1b9-4827-8e6a-0baba9a90cdc/Level1_combined.csv
[2024-03-27 18:51:05,784] {cursor.py:806} INFO - query: [PUT file:///opt/***/dags/resources/a9b5d366-a1b9-4827-8e6a-0baba9a90cdc/Leve...]
[2024-03-27 18:51:05,904] {cursor.py:819} INFO - query execution done
[2024-03-27 18:51:06,406] {cursor.py:806} INFO - query: [COPY INTO Learning_Outcomes ON_ERROR=CONTINUE FILE_FORMAT = (FIELD_OPTIONALLY_EN...]
[2024-03-27 18:51:07,987] {cursor.py:819} INFO - query execution done
[2024-03-27 18:51:07,988] {cursor.py:962} INFO - Number of results in first chunk: 3
[2024-03-27 18:51:07,988] {python.py:173} INFO - Done. Returned value was: completed
[2024-03-27 18:51:08,029] {taskinstance.py:1400} INFO - Marking task as SUCCESS. dag_id=bigdag, task_id=upload_data_to_snowflake_task, execution_date=20240327T184947, start_date=20240327T185102, end_date=20240327T185108
[2024-03-27 18:51:08,048] {local_task_job.py:221} WARNING - State of this instance has been externally set to success. Terminating instance.
[2024-03-27 18:51:08,061] {process_utils.py:129} INFO - Sending Signals.SIGTERM to group 475. PIDs of all processes in the group: [475]
[2024-03-27 18:51:08,066] {process_utils.py:80} INFO - Sending the signal Signals.SIGTERM to group 475
[2024-03-27 18:51:08,067] {process_utils.py:75} INFO - Process psutil.Process(pid=475, status='terminated', exitcode=0, started='18:51:02') (475) terminated with exit code 0
