[2024-02-21 05:02:10,023] {taskinstance.py:1159} INFO - Dependencies all met for <TaskInstance: csv_transformation_and_class_creation.transform_csv_task manual__2024-02-21T05:02:09.129576+00:00 [queued]>
[2024-02-21 05:02:10,032] {taskinstance.py:1159} INFO - Dependencies all met for <TaskInstance: csv_transformation_and_class_creation.transform_csv_task manual__2024-02-21T05:02:09.129576+00:00 [queued]>
[2024-02-21 05:02:10,033] {taskinstance.py:1356} INFO - 
--------------------------------------------------------------------------------
[2024-02-21 05:02:10,033] {taskinstance.py:1357} INFO - Starting attempt 1 of 2
[2024-02-21 05:02:10,033] {taskinstance.py:1358} INFO - 
--------------------------------------------------------------------------------
[2024-02-21 05:02:10,045] {taskinstance.py:1377} INFO - Executing <Task(PythonOperator): transform_csv_task> on 2024-02-21 05:02:09.129576+00:00
[2024-02-21 05:02:10,050] {standard_task_runner.py:52} INFO - Started process 684 to run task
[2024-02-21 05:02:10,054] {standard_task_runner.py:79} INFO - Running: ['***', 'tasks', 'run', 'csv_transformation_and_class_creation', 'transform_csv_task', 'manual__2024-02-21T05:02:09.129576+00:00', '--job-id', '11', '--raw', '--subdir', 'DAGS_FOLDER/dags.py', '--cfg-path', '/tmp/tmpb2bs3g7b', '--error-file', '/tmp/tmpxuhjbxl_']
[2024-02-21 05:02:10,054] {standard_task_runner.py:80} INFO - Job 11: Subtask transform_csv_task
[2024-02-21 05:02:10,102] {task_command.py:369} INFO - Running <TaskInstance: csv_transformation_and_class_creation.transform_csv_task manual__2024-02-21T05:02:09.129576+00:00 [running]> on host 7f99983bc7dc
[2024-02-21 05:02:10,162] {taskinstance.py:1571} INFO - Exporting the following env vars:
AIRFLOW_CTX_DAG_OWNER=***
AIRFLOW_CTX_DAG_ID=csv_transformation_and_class_creation
AIRFLOW_CTX_TASK_ID=transform_csv_task
AIRFLOW_CTX_EXECUTION_DATE=2024-02-21T05:02:09.129576+00:00
AIRFLOW_CTX_TRY_NUMBER=1
AIRFLOW_CTX_DAG_RUN_ID=manual__2024-02-21T05:02:09.129576+00:00
[2024-02-21 05:02:10,377] {taskinstance.py:1889} ERROR - Task failed with exception
Traceback (most recent call last):
  File "/home/airflow/.local/lib/python3.7/site-packages/airflow/operators/python.py", line 171, in execute
    return_value = self.execute_callable()
  File "/home/airflow/.local/lib/python3.7/site-packages/airflow/operators/python.py", line 189, in execute_callable
    return self.python_callable(*self.op_args, **self.op_kwargs)
  File "/opt/airflow/dags/dags.py", line 36, in transform_csv
    df = pd.read_csv(input_path)
  File "/home/airflow/.local/lib/python3.7/site-packages/pandas/util/_decorators.py", line 311, in wrapper
    return func(*args, **kwargs)
  File "/home/airflow/.local/lib/python3.7/site-packages/pandas/io/parsers/readers.py", line 586, in read_csv
    return _read(filepath_or_buffer, kwds)
  File "/home/airflow/.local/lib/python3.7/site-packages/pandas/io/parsers/readers.py", line 482, in _read
    parser = TextFileReader(filepath_or_buffer, **kwds)
  File "/home/airflow/.local/lib/python3.7/site-packages/pandas/io/parsers/readers.py", line 811, in __init__
    self._engine = self._make_engine(self.engine)
  File "/home/airflow/.local/lib/python3.7/site-packages/pandas/io/parsers/readers.py", line 1040, in _make_engine
    return mapping[engine](self.f, **self.options)  # type: ignore[call-arg]
  File "/home/airflow/.local/lib/python3.7/site-packages/pandas/io/parsers/c_parser_wrapper.py", line 51, in __init__
    self._open_handles(src, kwds)
  File "/home/airflow/.local/lib/python3.7/site-packages/pandas/io/parsers/base_parser.py", line 229, in _open_handles
    errors=kwds.get("encoding_errors", "strict"),
  File "/home/airflow/.local/lib/python3.7/site-packages/pandas/io/common.py", line 707, in get_handle
    newline="",
FileNotFoundError: [Errno 2] No such file or directory: 'raw_content.csv'
[2024-02-21 05:02:10,393] {taskinstance.py:1400} INFO - Marking task as UP_FOR_RETRY. dag_id=csv_transformation_and_class_creation, task_id=transform_csv_task, execution_date=20240221T050209, start_date=20240221T050210, end_date=20240221T050210
[2024-02-21 05:02:10,403] {standard_task_runner.py:97} ERROR - Failed to execute job 11 for task transform_csv_task ([Errno 2] No such file or directory: 'raw_content.csv'; 684)
[2024-02-21 05:02:10,442] {local_task_job.py:156} INFO - Task exited with return code 1
[2024-02-21 05:02:10,473] {local_task_job.py:273} INFO - 0 downstream tasks scheduled from follow-on schedule check
