[2024-03-27 18:58:41,320] {taskinstance.py:1159} INFO - Dependencies all met for <TaskInstance: bigdag.download_from_s3 d8915ad7-c541-434a-9d20-2245a1dce6b6 [queued]>
[2024-03-27 18:58:41,376] {taskinstance.py:1159} INFO - Dependencies all met for <TaskInstance: bigdag.download_from_s3 d8915ad7-c541-434a-9d20-2245a1dce6b6 [queued]>
[2024-03-27 18:58:41,377] {taskinstance.py:1356} INFO - 
--------------------------------------------------------------------------------
[2024-03-27 18:58:41,378] {taskinstance.py:1357} INFO - Starting attempt 1 of 2
[2024-03-27 18:58:41,378] {taskinstance.py:1358} INFO - 
--------------------------------------------------------------------------------
[2024-03-27 18:58:41,417] {taskinstance.py:1377} INFO - Executing <Task(PythonOperator): download_from_s3> on 2024-03-27 18:58:33.387305+00:00
[2024-03-27 18:58:41,434] {standard_task_runner.py:52} INFO - Started process 829 to run task
[2024-03-27 18:58:41,441] {standard_task_runner.py:79} INFO - Running: ['***', 'tasks', 'run', 'bigdag', 'download_from_s3', 'd8915ad7-c541-434a-9d20-2245a1dce6b6', '--job-id', '1379', '--raw', '--subdir', 'DAGS_FOLDER/dags.py', '--cfg-path', '/tmp/tmp7rf_ceft', '--error-file', '/tmp/tmpi_ovyh5w']
[2024-03-27 18:58:41,443] {standard_task_runner.py:80} INFO - Job 1379: Subtask download_from_s3
[2024-03-27 18:58:41,716] {task_command.py:369} INFO - Running <TaskInstance: bigdag.download_from_s3 d8915ad7-c541-434a-9d20-2245a1dce6b6 [running]> on host 9b878320bbfc
[2024-03-27 18:58:41,950] {taskinstance.py:1571} INFO - Exporting the following env vars:
AIRFLOW_CTX_DAG_OWNER=***
AIRFLOW_CTX_DAG_ID=bigdag
AIRFLOW_CTX_TASK_ID=download_from_s3
AIRFLOW_CTX_EXECUTION_DATE=2024-03-27T18:58:33.387305+00:00
AIRFLOW_CTX_TRY_NUMBER=1
AIRFLOW_CTX_DAG_RUN_ID=d8915ad7-c541-434a-9d20-2245a1dce6b6
[2024-03-27 18:58:41,960] {logging_mixin.py:115} INFO - /opt/***/dags
[2024-03-27 18:58:42,240] {logging_mixin.py:115} INFO - /opt/***/dags/resources/d8915ad7-c541-434a-9d20-2245a1dce6b6/Level1_combined.pdf
[2024-03-27 18:58:43,968] {python.py:173} INFO - Done. Returned value was: Level1_combined.pdf
[2024-03-27 18:58:44,067] {taskinstance.py:1400} INFO - Marking task as SUCCESS. dag_id=bigdag, task_id=download_from_s3, execution_date=20240327T185833, start_date=20240327T185841, end_date=20240327T185844
[2024-03-27 18:58:44,158] {local_task_job.py:156} INFO - Task exited with return code 0
[2024-03-27 18:58:44,330] {local_task_job.py:273} INFO - 1 downstream tasks scheduled from follow-on schedule check
