[2024-03-27 19:38:58,555] {taskinstance.py:1159} INFO - Dependencies all met for <TaskInstance: bigdag.upload_data_to_snowflake_task e7f58b86-0895-4fbf-a3e6-21586f398e61 [queued]>
[2024-03-27 19:38:58,597] {taskinstance.py:1159} INFO - Dependencies all met for <TaskInstance: bigdag.upload_data_to_snowflake_task e7f58b86-0895-4fbf-a3e6-21586f398e61 [queued]>
[2024-03-27 19:38:58,608] {taskinstance.py:1356} INFO - 
--------------------------------------------------------------------------------
[2024-03-27 19:38:58,609] {taskinstance.py:1357} INFO - Starting attempt 1 of 2
[2024-03-27 19:38:58,609] {taskinstance.py:1358} INFO - 
--------------------------------------------------------------------------------
[2024-03-27 19:38:58,662] {taskinstance.py:1377} INFO - Executing <Task(PythonOperator): upload_data_to_snowflake_task> on 2024-03-27 19:37:00.375164+00:00
[2024-03-27 19:38:58,687] {standard_task_runner.py:52} INFO - Started process 1952 to run task
[2024-03-27 19:38:58,702] {standard_task_runner.py:79} INFO - Running: ['***', 'tasks', 'run', 'bigdag', 'upload_data_to_snowflake_task', 'e7f58b86-0895-4fbf-a3e6-21586f398e61', '--job-id', '1410', '--raw', '--subdir', 'DAGS_FOLDER/dags.py', '--cfg-path', '/tmp/tmpogfopt4k', '--error-file', '/tmp/tmpywwmqfde']
[2024-03-27 19:38:58,704] {standard_task_runner.py:80} INFO - Job 1410: Subtask upload_data_to_snowflake_task
[2024-03-27 19:38:58,918] {task_command.py:369} INFO - Running <TaskInstance: bigdag.upload_data_to_snowflake_task e7f58b86-0895-4fbf-a3e6-21586f398e61 [running]> on host 9b878320bbfc
[2024-03-27 19:38:59,170] {taskinstance.py:1571} INFO - Exporting the following env vars:
AIRFLOW_CTX_DAG_OWNER=***
AIRFLOW_CTX_DAG_ID=bigdag
AIRFLOW_CTX_TASK_ID=upload_data_to_snowflake_task
AIRFLOW_CTX_EXECUTION_DATE=2024-03-27T19:37:00.375164+00:00
AIRFLOW_CTX_TRY_NUMBER=1
AIRFLOW_CTX_DAG_RUN_ID=e7f58b86-0895-4fbf-a3e6-21586f398e61
[2024-03-27 19:38:59,174] {logging_mixin.py:115} INFO - {'conf': <***.configuration.AirflowConfigParser object at 0xffffa6231650>, 'dag': <DAG: bigdag>, 'dag_run': <DagRun bigdag @ 2024-03-27 19:37:00.375164+00:00: e7f58b86-0895-4fbf-a3e6-21586f398e61, externally triggered: True>, 'data_interval_end': DateTime(2024, 3, 27, 19, 37, 0, 375164, tzinfo=Timezone('UTC')), 'data_interval_start': DateTime(2024, 3, 27, 19, 37, 0, 375164, tzinfo=Timezone('UTC')), 'ds': '2024-03-27', 'ds_nodash': '20240327', 'execution_date': <Proxy at 0xffff801b4be0 with factory functools.partial(<function lazy_mapping_from_context.<locals>._deprecated_proxy_factory at 0xffff82d16b00>, 'execution_date', DateTime(2024, 3, 27, 19, 37, 0, 375164, tzinfo=Timezone('UTC')))>, 'inlets': [], 'logical_date': DateTime(2024, 3, 27, 19, 37, 0, 375164, tzinfo=Timezone('UTC')), 'macros': <module '***.macros' from '/home/***/.local/lib/python3.7/site-packages/***/macros/__init__.py'>, 'next_ds': <Proxy at 0xffff801b4c30 with factory functools.partial(<function lazy_mapping_from_context.<locals>._deprecated_proxy_factory at 0xffff82d16b00>, 'next_ds', '2024-03-27')>, 'next_ds_nodash': <Proxy at 0xffff801b4c80 with factory functools.partial(<function lazy_mapping_from_context.<locals>._deprecated_proxy_factory at 0xffff82d16b00>, 'next_ds_nodash', '20240327')>, 'next_execution_date': <Proxy at 0xffff801b4cd0 with factory functools.partial(<function lazy_mapping_from_context.<locals>._deprecated_proxy_factory at 0xffff82d16b00>, 'next_execution_date', DateTime(2024, 3, 27, 19, 37, 0, 375164, tzinfo=Timezone('UTC')))>, 'outlets': [], 'params': {'s3_uri': 's3://cfainstitute-learning-outcomes-raw/t1/Level1_combined.pdf'}, 'prev_data_interval_start_success': DateTime(2024, 3, 27, 19, 29, 4, 110149, tzinfo=Timezone('UTC')), 'prev_data_interval_end_success': DateTime(2024, 3, 27, 19, 29, 4, 110149, tzinfo=Timezone('UTC')), 'prev_ds': <Proxy at 0xffff801b4d20 with factory functools.partial(<function lazy_mapping_from_context.<locals>._deprecated_proxy_factory at 0xffff82d16b00>, 'prev_ds', '2024-03-27')>, 'prev_ds_nodash': <Proxy at 0xffff801b4d70 with factory functools.partial(<function lazy_mapping_from_context.<locals>._deprecated_proxy_factory at 0xffff82d16b00>, 'prev_ds_nodash', '20240327')>, 'prev_execution_date': <Proxy at 0xffff801b4dc0 with factory functools.partial(<function lazy_mapping_from_context.<locals>._deprecated_proxy_factory at 0xffff82d16b00>, 'prev_execution_date', DateTime(2024, 3, 27, 19, 37, 0, 375164, tzinfo=Timezone('UTC')))>, 'prev_execution_date_success': <Proxy at 0xffff801b4e10 with factory functools.partial(<function lazy_mapping_from_context.<locals>._deprecated_proxy_factory at 0xffff82d16b00>, 'prev_execution_date_success', DateTime(2024, 3, 27, 19, 29, 4, 110149, tzinfo=Timezone('UTC')))>, 'prev_start_date_success': DateTime(2024, 3, 27, 19, 29, 5, 57421, tzinfo=Timezone('UTC')), 'run_id': 'e7f58b86-0895-4fbf-a3e6-21586f398e61', 'task': <Task(PythonOperator): upload_data_to_snowflake_task>, 'task_instance': <TaskInstance: bigdag.upload_data_to_snowflake_task e7f58b86-0895-4fbf-a3e6-21586f398e61 [running]>, 'task_instance_key_str': 'bigdag__upload_data_to_snowflake_task__20240327', 'test_mode': False, 'ti': <TaskInstance: bigdag.upload_data_to_snowflake_task e7f58b86-0895-4fbf-a3e6-21586f398e61 [running]>, 'tomorrow_ds': <Proxy at 0xffff801b4e60 with factory functools.partial(<function lazy_mapping_from_context.<locals>._deprecated_proxy_factory at 0xffff82d16b00>, 'tomorrow_ds', '2024-03-28')>, 'tomorrow_ds_nodash': <Proxy at 0xffff801b4eb0 with factory functools.partial(<function lazy_mapping_from_context.<locals>._deprecated_proxy_factory at 0xffff82d16b00>, 'tomorrow_ds_nodash', '20240328')>, 'ts': '2024-03-27T19:37:00.375164+00:00', 'ts_nodash': '20240327T193700', 'ts_nodash_with_tz': '20240327T193700.375164+0000', 'var': {'json': None, 'value': None}, 'conn': None, 'yesterday_ds': <Proxy at 0xffff801b4f00 with factory functools.partial(<function lazy_mapping_from_context.<locals>._deprecated_proxy_factory at 0xffff82d16b00>, 'yesterday_ds', '2024-03-26')>, 'yesterday_ds_nodash': <Proxy at 0xffff801b4f50 with factory functools.partial(<function lazy_mapping_from_context.<locals>._deprecated_proxy_factory at 0xffff82d16b00>, 'yesterday_ds_nodash', '20240326')>, 'templates_dict': None}
[2024-03-27 19:38:59,194] {logging_mixin.py:115} INFO - Ds Level1_combined.csv
[2024-03-27 19:38:59,198] {connection.py:300} INFO - Snowflake Connector for Python Version: 3.0.4, Python Version: 3.7.13, Platform: Linux-6.6.16-linuxkit-aarch64-with-debian-11.3
[2024-03-27 19:38:59,202] {connection.py:1013} INFO - This connection is in OCSP Fail Open Mode. TLS Certificates would be checked for validity and revocation status. Any other Certificate Revocation related exceptions or OCSP Responder failures would be disregarded in favor of connectivity.
[2024-03-27 19:38:59,206] {connection.py:1030} INFO - Setting use_openssl_only mode to False
[2024-03-27 19:39:02,204] {cursor.py:806} INFO - query: [CREATE DATABASE IF NOT EXISTS CFAInstitute]
[2024-03-27 19:39:02,324] {cursor.py:819} INFO - query execution done
[2024-03-27 19:39:02,329] {cursor.py:962} INFO - Number of results in first chunk: 1
[2024-03-27 19:39:02,511] {cursor.py:806} INFO - query: [USE DATABASE CFAInstitute]
[2024-03-27 19:39:02,710] {cursor.py:819} INFO - query execution done
[2024-03-27 19:39:02,733] {cursor.py:962} INFO - Number of results in first chunk: 1
[2024-03-27 19:39:02,737] {cursor.py:806} INFO - query: [USE WAREHOUSE BIGDATA]
[2024-03-27 19:39:02,846] {cursor.py:819} INFO - query execution done
[2024-03-27 19:39:02,851] {cursor.py:962} INFO - Number of results in first chunk: 1
[2024-03-27 19:39:02,856] {cursor.py:806} INFO - query: [CREATE TABLE IF NOT EXISTS Learning_Outcomes ( Topic VARCHAR, Learning_Outcomes_...]
[2024-03-27 19:39:03,028] {cursor.py:819} INFO - query execution done
[2024-03-27 19:39:03,032] {cursor.py:962} INFO - Number of results in first chunk: 1
[2024-03-27 19:39:03,033] {cursor.py:806} INFO - query: [TRUNCATE TABLE Learning_Outcomes]
[2024-03-27 19:39:03,307] {cursor.py:819} INFO - query execution done
[2024-03-27 19:39:03,311] {cursor.py:962} INFO - Number of results in first chunk: 1
[2024-03-27 19:39:03,314] {logging_mixin.py:115} INFO - /opt/***/dags/resources/e7f58b86-0895-4fbf-a3e6-21586f398e61/Level1_combined.csv
[2024-03-27 19:39:03,317] {cursor.py:806} INFO - query: [PUT file:///opt/***/dags/resources/e7f58b86-0895-4fbf-a3e6-21586f398e61/Leve...]
[2024-03-27 19:39:03,482] {cursor.py:819} INFO - query execution done
[2024-03-27 19:39:04,906] {cursor.py:806} INFO - query: [COPY INTO Learning_Outcomes ON_ERROR=CONTINUE FILE_FORMAT = (FIELD_OPTIONALLY_EN...]
[2024-03-27 19:39:05,812] {cursor.py:819} INFO - query execution done
[2024-03-27 19:39:05,814] {cursor.py:962} INFO - Number of results in first chunk: 3
[2024-03-27 19:39:05,816] {python.py:173} INFO - Done. Returned value was: completed
[2024-03-27 19:39:06,097] {taskinstance.py:1400} INFO - Marking task as SUCCESS. dag_id=bigdag, task_id=upload_data_to_snowflake_task, execution_date=20240327T193700, start_date=20240327T193858, end_date=20240327T193906
[2024-03-27 19:39:06,262] {local_task_job.py:156} INFO - Task exited with return code 0
[2024-03-27 19:39:06,506] {local_task_job.py:273} INFO - 0 downstream tasks scheduled from follow-on schedule check
