[2024-03-27 19:39:16,666] {taskinstance.py:1159} INFO - Dependencies all met for <TaskInstance: bigdag.clean_task d175b068-6f2a-49ad-853a-bab1a130f469 [queued]>
[2024-03-27 19:39:16,698] {taskinstance.py:1159} INFO - Dependencies all met for <TaskInstance: bigdag.clean_task d175b068-6f2a-49ad-853a-bab1a130f469 [queued]>
[2024-03-27 19:39:16,699] {taskinstance.py:1356} INFO - 
--------------------------------------------------------------------------------
[2024-03-27 19:39:16,700] {taskinstance.py:1357} INFO - Starting attempt 1 of 2
[2024-03-27 19:39:16,700] {taskinstance.py:1358} INFO - 
--------------------------------------------------------------------------------
[2024-03-27 19:39:16,742] {taskinstance.py:1377} INFO - Executing <Task(PythonOperator): clean_task> on 2024-03-27 19:36:59.964218+00:00
[2024-03-27 19:39:16,802] {standard_task_runner.py:52} INFO - Started process 1983 to run task
[2024-03-27 19:39:16,844] {standard_task_runner.py:79} INFO - Running: ['***', 'tasks', 'run', 'bigdag', 'clean_task', 'd175b068-6f2a-49ad-853a-bab1a130f469', '--job-id', '1414', '--raw', '--subdir', 'DAGS_FOLDER/dags.py', '--cfg-path', '/tmp/tmple2sctlk', '--error-file', '/tmp/tmppk_szbtb']
[2024-03-27 19:39:16,856] {standard_task_runner.py:80} INFO - Job 1414: Subtask clean_task
[2024-03-27 19:39:17,140] {task_command.py:369} INFO - Running <TaskInstance: bigdag.clean_task d175b068-6f2a-49ad-853a-bab1a130f469 [running]> on host 9b878320bbfc
[2024-03-27 19:39:17,424] {taskinstance.py:1571} INFO - Exporting the following env vars:
AIRFLOW_CTX_DAG_OWNER=***
AIRFLOW_CTX_DAG_ID=bigdag
AIRFLOW_CTX_TASK_ID=clean_task
AIRFLOW_CTX_EXECUTION_DATE=2024-03-27T19:36:59.964218+00:00
AIRFLOW_CTX_TRY_NUMBER=1
AIRFLOW_CTX_DAG_RUN_ID=d175b068-6f2a-49ad-853a-bab1a130f469
[2024-03-27 19:39:17,435] {python.py:173} INFO - Done. Returned value was: None
[2024-03-27 19:39:17,469] {taskinstance.py:1400} INFO - Marking task as SUCCESS. dag_id=bigdag, task_id=clean_task, execution_date=20240327T193659, start_date=20240327T193916, end_date=20240327T193917
[2024-03-27 19:39:17,529] {local_task_job.py:156} INFO - Task exited with return code 0
[2024-03-27 19:39:17,606] {local_task_job.py:273} INFO - 0 downstream tasks scheduled from follow-on schedule check
