[2024-03-26 06:06:04,769] {taskinstance.py:1159} INFO - Dependencies all met for <TaskInstance: bigdag.download_from_s3 c58550bc-2765-4df0-8bd3-cf510bc2897b [queued]>
[2024-03-26 06:06:04,778] {taskinstance.py:1159} INFO - Dependencies all met for <TaskInstance: bigdag.download_from_s3 c58550bc-2765-4df0-8bd3-cf510bc2897b [queued]>
[2024-03-26 06:06:04,778] {taskinstance.py:1356} INFO - 
--------------------------------------------------------------------------------
[2024-03-26 06:06:04,778] {taskinstance.py:1357} INFO - Starting attempt 1 of 2
[2024-03-26 06:06:04,781] {taskinstance.py:1358} INFO - 
--------------------------------------------------------------------------------
[2024-03-26 06:06:04,797] {taskinstance.py:1377} INFO - Executing <Task(PythonOperator): download_from_s3> on 2024-03-26 06:06:03.139311+00:00
[2024-03-26 06:06:04,810] {standard_task_runner.py:52} INFO - Started process 257 to run task
[2024-03-26 06:06:04,831] {standard_task_runner.py:79} INFO - Running: ['***', 'tasks', 'run', 'bigdag', 'download_from_s3', 'c58550bc-2765-4df0-8bd3-cf510bc2897b', '--job-id', '1318', '--raw', '--subdir', 'DAGS_FOLDER/dags.py', '--cfg-path', '/tmp/tmpggx8co4o', '--error-file', '/tmp/tmpzabtay5s']
[2024-03-26 06:06:04,832] {standard_task_runner.py:80} INFO - Job 1318: Subtask download_from_s3
[2024-03-26 06:06:04,915] {task_command.py:369} INFO - Running <TaskInstance: bigdag.download_from_s3 c58550bc-2765-4df0-8bd3-cf510bc2897b [running]> on host 911e7a0235cb
[2024-03-26 06:06:04,983] {taskinstance.py:1571} INFO - Exporting the following env vars:
AIRFLOW_CTX_DAG_OWNER=***
AIRFLOW_CTX_DAG_ID=bigdag
AIRFLOW_CTX_TASK_ID=download_from_s3
AIRFLOW_CTX_EXECUTION_DATE=2024-03-26T06:06:03.139311+00:00
AIRFLOW_CTX_TRY_NUMBER=1
AIRFLOW_CTX_DAG_RUN_ID=c58550bc-2765-4df0-8bd3-cf510bc2897b
[2024-03-26 06:06:04,985] {logging_mixin.py:115} INFO - /opt/***/dags
[2024-03-26 06:06:05,084] {logging_mixin.py:115} INFO - /opt/***/dags/resources/c58550bc-2765-4df0-8bd3-cf510bc2897b/Level2_combined.pdf
[2024-03-26 06:06:06,102] {python.py:173} INFO - Done. Returned value was: Level2_combined.pdf
[2024-03-26 06:06:06,153] {taskinstance.py:1400} INFO - Marking task as SUCCESS. dag_id=bigdag, task_id=download_from_s3, execution_date=20240326T060603, start_date=20240326T060604, end_date=20240326T060606
[2024-03-26 06:06:06,189] {local_task_job.py:156} INFO - Task exited with return code 0
[2024-03-26 06:06:06,241] {local_task_job.py:273} INFO - 1 downstream tasks scheduled from follow-on schedule check
