[2024-03-27 19:37:05,967] {taskinstance.py:1159} INFO - Dependencies all met for <TaskInstance: bigdag.download_from_s3 d175b068-6f2a-49ad-853a-bab1a130f469 [queued]>
[2024-03-27 19:37:06,009] {taskinstance.py:1159} INFO - Dependencies all met for <TaskInstance: bigdag.download_from_s3 d175b068-6f2a-49ad-853a-bab1a130f469 [queued]>
[2024-03-27 19:37:06,012] {taskinstance.py:1356} INFO - 
--------------------------------------------------------------------------------
[2024-03-27 19:37:06,020] {taskinstance.py:1357} INFO - Starting attempt 1 of 2
[2024-03-27 19:37:06,027] {taskinstance.py:1358} INFO - 
--------------------------------------------------------------------------------
[2024-03-27 19:37:06,155] {taskinstance.py:1377} INFO - Executing <Task(PythonOperator): download_from_s3> on 2024-03-27 19:36:59.964218+00:00
[2024-03-27 19:37:06,205] {standard_task_runner.py:52} INFO - Started process 1845 to run task
[2024-03-27 19:37:06,317] {standard_task_runner.py:79} INFO - Running: ['***', 'tasks', 'run', 'bigdag', 'download_from_s3', 'd175b068-6f2a-49ad-853a-bab1a130f469', '--job-id', '1397', '--raw', '--subdir', 'DAGS_FOLDER/dags.py', '--cfg-path', '/tmp/tmporc2wmjl', '--error-file', '/tmp/tmp4reabszb']
[2024-03-27 19:37:06,328] {standard_task_runner.py:80} INFO - Job 1397: Subtask download_from_s3
[2024-03-27 19:37:06,710] {task_command.py:369} INFO - Running <TaskInstance: bigdag.download_from_s3 d175b068-6f2a-49ad-853a-bab1a130f469 [running]> on host 9b878320bbfc
[2024-03-27 19:37:07,132] {taskinstance.py:1571} INFO - Exporting the following env vars:
AIRFLOW_CTX_DAG_OWNER=***
AIRFLOW_CTX_DAG_ID=bigdag
AIRFLOW_CTX_TASK_ID=download_from_s3
AIRFLOW_CTX_EXECUTION_DATE=2024-03-27T19:36:59.964218+00:00
AIRFLOW_CTX_TRY_NUMBER=1
AIRFLOW_CTX_DAG_RUN_ID=d175b068-6f2a-49ad-853a-bab1a130f469
[2024-03-27 19:37:07,142] {logging_mixin.py:115} INFO - /opt/***/dags
[2024-03-27 19:37:07,487] {logging_mixin.py:115} INFO - /opt/***/dags/resources/d175b068-6f2a-49ad-853a-bab1a130f469/Level2_combined.pdf
[2024-03-27 19:37:09,361] {python.py:173} INFO - Done. Returned value was: Level2_combined.pdf
[2024-03-27 19:37:10,936] {taskinstance.py:1400} INFO - Marking task as SUCCESS. dag_id=bigdag, task_id=download_from_s3, execution_date=20240327T193659, start_date=20240327T193705, end_date=20240327T193710
[2024-03-27 19:37:11,288] {local_task_job.py:156} INFO - Task exited with return code 0
[2024-03-27 19:37:11,726] {local_task_job.py:273} INFO - 1 downstream tasks scheduled from follow-on schedule check
