[2024-03-27 18:50:57,091] {taskinstance.py:1159} INFO - Dependencies all met for <TaskInstance: bigdag.convert_xml_to_metadata_task a9b5d366-a1b9-4827-8e6a-0baba9a90cdc [queued]>
[2024-03-27 18:50:57,110] {taskinstance.py:1159} INFO - Dependencies all met for <TaskInstance: bigdag.convert_xml_to_metadata_task a9b5d366-a1b9-4827-8e6a-0baba9a90cdc [queued]>
[2024-03-27 18:50:57,110] {taskinstance.py:1356} INFO - 
--------------------------------------------------------------------------------
[2024-03-27 18:50:57,111] {taskinstance.py:1357} INFO - Starting attempt 1 of 2
[2024-03-27 18:50:57,111] {taskinstance.py:1358} INFO - 
--------------------------------------------------------------------------------
[2024-03-27 18:50:57,137] {taskinstance.py:1377} INFO - Executing <Task(PythonOperator): convert_xml_to_metadata_task> on 2024-03-27 18:49:47.272206+00:00
[2024-03-27 18:50:57,150] {standard_task_runner.py:52} INFO - Started process 459 to run task
[2024-03-27 18:50:57,157] {standard_task_runner.py:79} INFO - Running: ['***', 'tasks', 'run', 'bigdag', 'convert_xml_to_metadata_task', 'a9b5d366-a1b9-4827-8e6a-0baba9a90cdc', '--job-id', '1372', '--raw', '--subdir', 'DAGS_FOLDER/dags.py', '--cfg-path', '/tmp/tmpsnas1qns', '--error-file', '/tmp/tmp7kmgb_l6']
[2024-03-27 18:50:57,159] {standard_task_runner.py:80} INFO - Job 1372: Subtask convert_xml_to_metadata_task
[2024-03-27 18:50:57,228] {task_command.py:369} INFO - Running <TaskInstance: bigdag.convert_xml_to_metadata_task a9b5d366-a1b9-4827-8e6a-0baba9a90cdc [running]> on host 9b878320bbfc
[2024-03-27 18:50:57,461] {taskinstance.py:1571} INFO - Exporting the following env vars:
AIRFLOW_CTX_DAG_OWNER=***
AIRFLOW_CTX_DAG_ID=bigdag
AIRFLOW_CTX_TASK_ID=convert_xml_to_metadata_task
AIRFLOW_CTX_EXECUTION_DATE=2024-03-27T18:49:47.272206+00:00
AIRFLOW_CTX_TRY_NUMBER=1
AIRFLOW_CTX_DAG_RUN_ID=a9b5d366-a1b9-4827-8e6a-0baba9a90cdc
[2024-03-27 18:50:57,501] {logging_mixin.py:115} INFO - /opt/***/dags/resources/a9b5d366-a1b9-4827-8e6a-0baba9a90cdc
[2024-03-27 18:50:57,502] {logging_mixin.py:115} INFO - Level1_combined_metadata.csv
[2024-03-27 18:50:57,526] {logging_mixin.py:115} INFO - Level1_combined_metadata {'Title': 'No Data', 'Publisher': 'No Data', 'AvailabilityStatus': 'unknown', 'Analytic': '', 'ImprintedDate': 'No Data', 'AppInfoDescription': 'GROBID - A machine learning software for extracting information from scholarly documents', 'Abstract': 'No Data'}
[2024-03-27 18:50:57,528] {python.py:173} INFO - Done. Returned value was: Level1_combined_metadata.csv
[2024-03-27 18:50:57,652] {taskinstance.py:1400} INFO - Marking task as SUCCESS. dag_id=bigdag, task_id=convert_xml_to_metadata_task, execution_date=20240327T184947, start_date=20240327T185057, end_date=20240327T185057
[2024-03-27 18:50:57,724] {local_task_job.py:156} INFO - Task exited with return code 0
[2024-03-27 18:50:57,829] {local_task_job.py:273} INFO - 1 downstream tasks scheduled from follow-on schedule check
