[2024-03-27 19:11:51,754] {taskinstance.py:1159} INFO - Dependencies all met for <TaskInstance: bigdag.clean_task d8915ad7-c541-434a-9d20-2245a1dce6b6 [queued]>
[2024-03-27 19:11:51,767] {taskinstance.py:1159} INFO - Dependencies all met for <TaskInstance: bigdag.clean_task d8915ad7-c541-434a-9d20-2245a1dce6b6 [queued]>
[2024-03-27 19:11:51,768] {taskinstance.py:1356} INFO - 
--------------------------------------------------------------------------------
[2024-03-27 19:11:51,769] {taskinstance.py:1357} INFO - Starting attempt 1 of 2
[2024-03-27 19:11:51,769] {taskinstance.py:1358} INFO - 
--------------------------------------------------------------------------------
[2024-03-27 19:11:51,782] {taskinstance.py:1377} INFO - Executing <Task(PythonOperator): clean_task> on 2024-03-27 18:58:33.387305+00:00
[2024-03-27 19:11:51,789] {standard_task_runner.py:52} INFO - Started process 898 to run task
[2024-03-27 19:11:51,794] {standard_task_runner.py:79} INFO - Running: ['***', 'tasks', 'run', 'bigdag', 'clean_task', 'd8915ad7-c541-434a-9d20-2245a1dce6b6', '--job-id', '1387', '--raw', '--subdir', 'DAGS_FOLDER/dags.py', '--cfg-path', '/tmp/tmpr6x9fsb2', '--error-file', '/tmp/tmp_e0qj8l0']
[2024-03-27 19:11:51,795] {standard_task_runner.py:80} INFO - Job 1387: Subtask clean_task
[2024-03-27 19:11:51,855] {task_command.py:369} INFO - Running <TaskInstance: bigdag.clean_task d8915ad7-c541-434a-9d20-2245a1dce6b6 [running]> on host 9b878320bbfc
[2024-03-27 19:11:51,914] {taskinstance.py:1571} INFO - Exporting the following env vars:
AIRFLOW_CTX_DAG_OWNER=***
AIRFLOW_CTX_DAG_ID=bigdag
AIRFLOW_CTX_TASK_ID=clean_task
AIRFLOW_CTX_EXECUTION_DATE=2024-03-27T18:58:33.387305+00:00
AIRFLOW_CTX_TRY_NUMBER=1
AIRFLOW_CTX_DAG_RUN_ID=d8915ad7-c541-434a-9d20-2245a1dce6b6
[2024-03-27 19:11:51,918] {python.py:173} INFO - Done. Returned value was: None
[2024-03-27 19:11:51,929] {taskinstance.py:1400} INFO - Marking task as SUCCESS. dag_id=bigdag, task_id=clean_task, execution_date=20240327T185833, start_date=20240327T191151, end_date=20240327T191151
[2024-03-27 19:11:51,981] {local_task_job.py:156} INFO - Task exited with return code 0
[2024-03-27 19:11:52,037] {local_task_job.py:273} INFO - 0 downstream tasks scheduled from follow-on schedule check
