[2024-03-27 19:29:13,049] {taskinstance.py:1159} INFO - Dependencies all met for <TaskInstance: bigdag.extract 0f396986-b3a0-406c-9ce7-b779ab334115 [queued]>
[2024-03-27 19:29:13,075] {taskinstance.py:1159} INFO - Dependencies all met for <TaskInstance: bigdag.extract 0f396986-b3a0-406c-9ce7-b779ab334115 [queued]>
[2024-03-27 19:29:13,076] {taskinstance.py:1356} INFO - 
--------------------------------------------------------------------------------
[2024-03-27 19:29:13,076] {taskinstance.py:1357} INFO - Starting attempt 1 of 2
[2024-03-27 19:29:13,077] {taskinstance.py:1358} INFO - 
--------------------------------------------------------------------------------
[2024-03-27 19:29:13,107] {taskinstance.py:1377} INFO - Executing <Task(PythonOperator): extract> on 2024-03-27 19:29:04.110149+00:00
[2024-03-27 19:29:13,135] {standard_task_runner.py:52} INFO - Started process 1470 to run task
[2024-03-27 19:29:13,141] {standard_task_runner.py:79} INFO - Running: ['***', 'tasks', 'run', 'bigdag', 'extract', '0f396986-b3a0-406c-9ce7-b779ab334115', '--job-id', '1389', '--raw', '--subdir', 'DAGS_FOLDER/dags.py', '--cfg-path', '/tmp/tmpe7d22wjc', '--error-file', '/tmp/tmpic1h1v5i']
[2024-03-27 19:29:13,145] {standard_task_runner.py:80} INFO - Job 1389: Subtask extract
[2024-03-27 19:29:13,231] {task_command.py:369} INFO - Running <TaskInstance: bigdag.extract 0f396986-b3a0-406c-9ce7-b779ab334115 [running]> on host 9b878320bbfc
[2024-03-27 19:29:13,433] {taskinstance.py:1571} INFO - Exporting the following env vars:
AIRFLOW_CTX_DAG_OWNER=***
AIRFLOW_CTX_DAG_ID=bigdag
AIRFLOW_CTX_TASK_ID=extract
AIRFLOW_CTX_EXECUTION_DATE=2024-03-27T19:29:04.110149+00:00
AIRFLOW_CTX_TRY_NUMBER=1
AIRFLOW_CTX_DAG_RUN_ID=0f396986-b3a0-406c-9ce7-b779ab334115
[2024-03-27 19:29:13,844] {logging_mixin.py:115} INFO - GROBID server is up and running
[2024-03-27 19:29:13,848] {logging_mixin.py:115} INFO - /opt/***/dags/resources/0f396986-b3a0-406c-9ce7-b779ab334115
[2024-03-27 19:29:13,849] {logging_mixin.py:115} INFO - came
[2024-03-27 19:29:13,861] {logging_mixin.py:115} INFO - ['/opt/***/dags/resources/0f396986-b3a0-406c-9ce7-b779ab334115/Level1_combined.pdf']
[2024-03-27 19:29:29,663] {logging_mixin.py:115} INFO - etiti
[2024-03-27 19:29:29,789] {logging_mixin.py:115} INFO - Level1_combined.pdf
[2024-03-27 19:29:29,815] {python.py:173} INFO - Done. Returned value was: Level1_combined.grobid.tei.xml
[2024-03-27 19:29:29,907] {taskinstance.py:1400} INFO - Marking task as SUCCESS. dag_id=bigdag, task_id=extract, execution_date=20240327T192904, start_date=20240327T192913, end_date=20240327T192929
[2024-03-27 19:29:30,023] {local_task_job.py:156} INFO - Task exited with return code 0
[2024-03-27 19:29:30,171] {local_task_job.py:273} INFO - 2 downstream tasks scheduled from follow-on schedule check
