[2024-03-26 06:42:14,969] {taskinstance.py:1159} INFO - Dependencies all met for <TaskInstance: bigdag.extract 23a4b6a5-8d92-40ae-bc5e-c6985f0ff2a2 [queued]>
[2024-03-26 06:42:14,980] {taskinstance.py:1159} INFO - Dependencies all met for <TaskInstance: bigdag.extract 23a4b6a5-8d92-40ae-bc5e-c6985f0ff2a2 [queued]>
[2024-03-26 06:42:14,981] {taskinstance.py:1356} INFO - 
--------------------------------------------------------------------------------
[2024-03-26 06:42:14,981] {taskinstance.py:1357} INFO - Starting attempt 1 of 2
[2024-03-26 06:42:14,981] {taskinstance.py:1358} INFO - 
--------------------------------------------------------------------------------
[2024-03-26 06:42:14,991] {taskinstance.py:1377} INFO - Executing <Task(PythonOperator): extract> on 2024-03-26 06:42:10.655925+00:00
[2024-03-26 06:42:14,995] {standard_task_runner.py:52} INFO - Started process 2068 to run task
[2024-03-26 06:42:14,998] {standard_task_runner.py:79} INFO - Running: ['***', 'tasks', 'run', 'bigdag', 'extract', '23a4b6a5-8d92-40ae-bc5e-c6985f0ff2a2', '--job-id', '1358', '--raw', '--subdir', 'DAGS_FOLDER/dags.py', '--cfg-path', '/tmp/tmp9vi90lej', '--error-file', '/tmp/tmp3sz1fv6k']
[2024-03-26 06:42:14,999] {standard_task_runner.py:80} INFO - Job 1358: Subtask extract
[2024-03-26 06:42:15,040] {task_command.py:369} INFO - Running <TaskInstance: bigdag.extract 23a4b6a5-8d92-40ae-bc5e-c6985f0ff2a2 [running]> on host 911e7a0235cb
[2024-03-26 06:42:15,096] {taskinstance.py:1571} INFO - Exporting the following env vars:
AIRFLOW_CTX_DAG_OWNER=***
AIRFLOW_CTX_DAG_ID=bigdag
AIRFLOW_CTX_TASK_ID=extract
AIRFLOW_CTX_EXECUTION_DATE=2024-03-26T06:42:10.655925+00:00
AIRFLOW_CTX_TRY_NUMBER=1
AIRFLOW_CTX_DAG_RUN_ID=23a4b6a5-8d92-40ae-bc5e-c6985f0ff2a2
[2024-03-26 06:42:15,201] {logging_mixin.py:115} INFO - GROBID server is up and running
[2024-03-26 06:42:15,205] {logging_mixin.py:115} INFO - /opt/***/dags/resources/23a4b6a5-8d92-40ae-bc5e-c6985f0ff2a2
[2024-03-26 06:42:15,206] {logging_mixin.py:115} INFO - came
[2024-03-26 06:42:15,207] {logging_mixin.py:115} INFO - ['/opt/***/dags/resources/23a4b6a5-8d92-40ae-bc5e-c6985f0ff2a2/Level2_combined.pdf']
[2024-03-26 06:42:19,413] {logging_mixin.py:115} INFO - etiti
[2024-03-26 06:42:19,437] {logging_mixin.py:115} INFO - Level2_combined.pdf
[2024-03-26 06:42:19,438] {python.py:173} INFO - Done. Returned value was: Level2_combined.grobid.tei.xml
[2024-03-26 06:42:19,467] {taskinstance.py:1400} INFO - Marking task as SUCCESS. dag_id=bigdag, task_id=extract, execution_date=20240326T064210, start_date=20240326T064214, end_date=20240326T064219
[2024-03-26 06:42:19,521] {local_task_job.py:156} INFO - Task exited with return code 0
[2024-03-26 06:42:19,577] {local_task_job.py:273} INFO - 2 downstream tasks scheduled from follow-on schedule check
